Rat#..CH#.File..bin:    Date         Time Period        Chs   Rate    Actual           Band-Pass      Samples   Scale    Status 
Rat006ch01F0001.bin:  10/24/06 10:42:52.937-18:06:36.859 32  12 kHz 12207.03125      0.50  6000.00  324993024 3276700.00 Closed.
Rat006ch01F0002.bin:  10/24/06 18:06:36.859-01:30:20.921 32  12 kHz 12207.03125      0.50  6000.00  324993024 3276700.00 Closed.
Rat006ch01F0003.bin:  10/25/06 01:30:20.921-08:54:04.921 32  12 kHz 12207.03125      0.50  6000.00  324993024 3276700.00 Closed.
Rat006ch01F0004.bin:  10/25/06 08:54:04.921-09:24:16.484 32  12 kHz 12207.03125      0.50  6000.00   22085632 3276700.00 Closed.
Rat006ch01F0005.bin:  10/25/06 10:05:31.875-10:05:50.640 32  12 kHz 12207.03125      0.50  6000.00     229376 3276700.00 Closed.
Rat006ch01F0006.bin:  10/25/06 10:07:32.640-17:31:16.515 32  12 kHz 12207.03125      0.50  6000.00  324993024 3276700.00 Closed.
Rat006ch01F0007.bin:  10/25/06 17:31:16.515-00:55:00.593 32  12 kHz 12207.03125      0.50  6000.00  324993024 3276700.00 Closed.
Rat006ch01F0008.bin:  10/26/06 00:55:00.593-08:18:44.640 32  12 kHz 12207.03125      0.50  6000.00  324993024 3276700.00 Closed.
Rat006ch01F0009.bin:  10/26/06 08:18:44.640-09:57:34.703 32  12 kHz 12207.03125      0.50  6000.00   72384512 3276700.00 Closed.
Rat006ch01F0010.bin:  10/26/06 10:10:02.578-17:33:46.515 32  12 kHz 12207.03125      0.50  6000.00  324993024 3276700.00 Closed.
Rat006ch01F0011.bin:  10/26/06 17:33:46.515-00:57:30.546 32  12 kHz 12207.03125      0.50  6000.00  324993024 3276700.00 Closed.
Rat006ch01F0012.bin:  10/27/06 00:57:30.546-08:21:14.609 32  12 kHz 12207.03125      0.50  6000.00  324993024 3276700.00 Closed.
Rat006ch01F0013.bin:  10/27/06 08:21:14.609-15:44:58.671 32  12 kHz 12207.03125      0.50  6000.00  324993024 3276700.00 Closed.
Rat006ch01F0014.bin:  10/27/06 15:44:58.671-23:08:42.734 32  12 kHz 12207.03125      0.50  6000.00  324993024 3276700.00 Closed.
Rat006ch01F0015.bin:  10/27/06 23:08:42.734-06:32:26.796 32  12 kHz 12207.03125      0.50  6000.00  324993024 3276700.00 Closed.
Rat006ch01F0016.bin:  10/28/06 06:32:26.796-13:56:10.843 32  12 kHz 12207.03125      0.50  6000.00  324993024 3276700.00 Closed.
Rat006ch01F0017.bin:  10/28/06 13:56:10.843-21:19:54.921 32  12 kHz 12207.03125      0.50  6000.00  324993024 3276700.00 Closed.
Rat006ch01F0018.bin:  10/28/06 21:19:54.921-03:43:38.984 32  12 kHz 12207.03125      0.50  6000.00  324993024 3276700.00 Closed.
Rat006ch01F0019.bin:  10/29/06 03:43:38.984-11:07:22.968 32  12 kHz 12207.03125      0.50  6000.00  324993024 3276700.00 Closed.
Rat006ch01F0020.bin:  10/29/06 11:07:22.968-18:31:07.031 32  12 kHz 12207.03125      0.50  6000.00  324993024 3276700.00 Closed.
Rat006ch01F0021.bin:  10/29/06 18:31:07.031-01:54:51.109 32  12 kHz 12207.03125      0.50  6000.00  324993024 3276700.00 Closed.
Rat006ch01F0022.bin:  10/30/06 01:54:51.109-09:18:35.250 32  12 kHz 12207.03125      0.50  6000.00  324993024 3276700.00 Closed.
Rat006ch01F0023.bin:  10/30/06 09:18:35.250-16:42:19.296 32  12 kHz 12207.03125      0.50  6000.00  324993024 3276700.00 Closed.
Rat006ch01F0024.bin:  10/30/06 16:42:19.296-00:06:03.296 32  12 kHz 12207.03125      0.50  6000.00  324993024 3276700.00 Closed.
Rat006ch01F0025.bin:  10/31/06 00:06:03.296-07:29:47.359 32  12 kHz 12207.03125      0.50  6000.00  324993024 3276700.00 Closed.
Rat006ch01F0026.bin:  10/31/06 07:29:47.359-14:53:31.406 32  12 kHz 12207.03125      0.50  6000.00  324993024 3276700.00 Closed.
Rat006ch01F0027.bin:  10/31/06 14:53:31.406-22:17:15.453 32  12 kHz 12207.03125      0.50  6000.00  324993024 3276700.00 Closed.
Rat006ch01F0028.bin:  10/31/06 22:17:15.453-05:40:59.484 32  12 kHz 12207.03125      0.50  6000.00  324993024 3276700.00 Closed.
Rat006ch01F0029.bin:  11/01/06 05:40:59.484-13:04:43.531 32  12 kHz 12207.03125      0.50  6000.00  324993024 3276700.00 Closed.
Rat006ch01F0030.bin:  11/01/06 13:04:43.531-20:28:27.609 32  12 kHz 12207.03125      0.50  6000.00  324993024 3276700.00 Closed.
Rat006ch01F0031.bin:  11/01/06 20:28:27.609-03:52:11.625 32  12 kHz 12207.03125      0.50  6000.00  324993024 3276700.00 Closed.
Rat006ch01F0032.bin:  11/02/06 03:52:11.625-11:15:55.609 32  12 kHz 12207.03125      0.50  6000.00  324993024 3276700.00 Closed.
Rat006ch01F0033.bin:  11/02/06 11:15:55.609-14:59:33.484 32  12 kHz 12207.03125      0.50  6000.00  163774464 3276700.00 Closed.
Rat006ch01F0034.bin:  11/02/06 15:02:33.359-22:26:16.890 32  12 kHz 12207.03125      0.50  6000.00  324993024 3276700.00 Closed.
Rat006ch01F0035.bin:  11/02/06 22:26:16.890-05:50:00.890 32  12 kHz 12207.03125      0.50  6000.00  324993024 3276700.00 Closed.
Rat006ch01F0036.bin:  11/03/06 05:50:00.890-13:13:44.968 32  12 kHz 12207.03125      0.50  6000.00  324993024 3276700.00 Closed.
Rat006ch01F0037.bin:  11/03/06 13:13:44.968-20:37:28.968 32  12 kHz 12207.03125      0.50  6000.00  324993024 3276700.00 Closed.
Rat006ch01F0038.bin:  11/03/06 20:37:28.968-04:01:12.968 32  12 kHz 12207.03125      0.50  6000.00  324993024 3276700.00 Closed.
Rat006ch01F0039.bin:  11/04/06 04:01:12.968-11:24:57.031 32  12 kHz 12207.03125      0.50  6000.00  324993024 3276700.00 Closed.
Rat006ch01F0040.bin:  11/04/06 11:24:57.031-18:48:41.031 32  12 kHz 12207.03125      0.50  6000.00  324993024 3276700.00 Closed.
Rat006ch01F0041.bin:  11/04/06 18:48:41.031-02:12:25.093 32  12 kHz 12207.03125      0.50  6000.00  324993024 3276700.00 Closed.
Rat006ch01F0042.bin:  11/05/06 02:12:25.093-09:36:09.093 32  12 kHz 12207.03125      0.50  6000.00  324993024 3276700.00 Closed.
Rat006ch01F0043.bin:  11/05/06 09:36:09.093-16:59:53.093 32  12 kHz 12207.03125      0.50  6000.00  324993024 3276700.00 Closed.
Rat006ch01F0044.bin:  11/05/06 16:59:53.093-00:23:37.140 32  12 kHz 12207.03125      0.50  6000.00  324993024 3276700.00 Closed.
Rat006ch01F0045.bin:  11/06/06 00:23:37.140-07:47:21.156 32  12 kHz 12207.03125      0.50  6000.00  324993024 3276700.00 Closed.
Rat006ch01F0046.bin:  11/06/06 07:47:21.156-15:11:05.156 32  12 kHz 12207.03125      0.50  6000.00  324993024 3276700.00 Closed.
Rat006ch01F0047.bin:  11/06/06 15:11:05.156-22:34:49.218 32  12 kHz 12207.03125      0.50  6000.00  324993024 3276700.00 Closed.
Rat006ch01F0048.bin:  11/06/06 22:34:49.218-05:58:33.218 32  12 kHz 12207.03125      0.50  6000.00  324993024 3276700.00 Closed.
Rat006ch01F0049.bin:  11/07/06 05:58:33.218-13:22:17.281 32  12 kHz 12207.03125      0.50  6000.00  324993024 3276700.00 Closed.
Rat006ch01F0050.bin:  11/07/06 13:22:17.281-20:46:01.281 32  12 kHz 12207.03125      0.50  6000.00  324993024 3276700.00 Closed.
Rat006ch01F0051.bin:  11/07/06 20:46:01.281-04:09:45.265 32  12 kHz 12207.03125      0.50  6000.00  324993024 3276700.00 Closed.
Rat006ch01F0052.bin:  11/08/06 04:09:45.265-09:34:09.578 32  12 kHz 12207.03125      0.50  6000.00  237568000 3276700.00 Closed.
Rat006ch01F0053.bin:  11/08/06 09:55:07.218-17:18:50.828 32  12 kHz 12207.03125      0.50  6000.00  324993024 3276700.00 Closed.
Rat006ch01F0054.bin:  11/08/06 17:18:50.828-17:28:42.640 32  12 kHz 12207.03125      0.50  6000.00    7208960 3276700.00 Closed.
