Rat#..CH#.File..bin:    Date         Time Period        Chs   Rate    Actual           Band-Pass      Samples   Scale    Status 
Rat012ch01F0001.bin:  10/25/07 16:10:49.156-20:10:59.281 32  12 kHz 12207.03125      0.50  6000.00  175767552 3276700.00 Closed.
Rat012ch01F0002.bin:  10/25/07 20:10:59.281-00:10:57.906 32  12 kHz 12207.03125      0.50  6000.00  175767552 3276700.00 Closed.
Rat012ch01F0003.bin:  10/26/07 00:10:57.906-04:10:56.593 32  12 kHz 12207.03125      0.50  6000.00  175767552 3276700.00 Closed.
Rat012ch01F0004.bin:  10/26/07 04:10:56.593-08:10:55.218 32  12 kHz 12207.03125      0.50  6000.00  175767552 3276700.00 Closed.
Rat012ch01F0005.bin:  10/26/07 08:10:55.218-12:10:53.843 32  12 kHz 12207.03125      0.50  6000.00  175767552 3276700.00 Closed.
Rat012ch01F0006.bin:  10/26/07 12:10:53.843-16:10:52.531 32  12 kHz 12207.03125      0.50  6000.00  175767552 3276700.00 Closed.
Rat012ch01F0007.bin:  10/26/07 16:10:52.531-20:10:51.156 32  12 kHz 12207.03125      0.50  6000.00  175767552 3276700.00 Closed.
Rat012ch01F0008.bin:  10/26/07 20:10:51.156-00:10:49.781 32  12 kHz 12207.03125      0.50  6000.00  175767552 3276700.00 Closed.
Rat012ch01F0009.bin:  10/27/07 00:10:49.781-04:10:48.468 32  12 kHz 12207.03125      0.50  6000.00  175767552 3276700.00 Closed.
Rat012ch01F0010.bin:  10/27/07 04:10:48.468-08:10:47.093 32  12 kHz 12207.03125      0.50  6000.00  175767552 3276700.00 Closed.
Rat012ch01F0011.bin:  10/27/07 08:10:47.093-12:10:45.718 32  12 kHz 12207.03125      0.50  6000.00  175767552 3276700.00 Closed.
Rat012ch01F0012.bin:  10/27/07 12:10:45.718-16:10:44.343 32  12 kHz 12207.03125      0.50  6000.00  175767552 3276700.00 Closed.
Rat012ch01F0013.bin:  10/27/07 16:10:44.343-20:10:43.031 32  12 kHz 12207.03125      0.50  6000.00  175767552 3276700.00 Closed.
Rat012ch01F0014.bin:  10/27/07 20:10:43.031-00:10:41.656 32  12 kHz 12207.03125      0.50  6000.00  175767552 3276700.00 Closed.
Rat012ch01F0015.bin:  10/28/07 00:10:41.656-03:10:40.281 32  12 kHz 12207.03125      0.50  6000.00  175767552 3276700.00 Closed.
Rat012ch01F0016.bin:  10/28/07 03:10:40.281-07:10:38.968 32  12 kHz 12207.03125      0.50  6000.00  175767552 3276700.00 Closed.
Rat012ch01F0017.bin:  10/28/07 07:10:38.968-11:10:37.593 32  12 kHz 12207.03125      0.50  6000.00  175767552 3276700.00 Closed.
Rat012ch01F0018.bin:  10/28/07 11:10:37.593-15:10:36.218 32  12 kHz 12207.03125      0.50  6000.00  175767552 3276700.00 Closed.
Rat012ch01F0019.bin:  10/28/07 15:10:36.218-19:10:34.843 32  12 kHz 12207.03125      0.50  6000.00  175767552 3276700.00 Closed.
Rat012ch01F0020.bin:  10/28/07 19:10:34.843-23:10:33.531 32  12 kHz 12207.03125      0.50  6000.00  175767552 3276700.00 Closed.
Rat012ch01F0021.bin:  10/28/07 23:10:33.531-03:10:32.156 32  12 kHz 12207.03125      0.50  6000.00  175767552 3276700.00 Closed.
Rat012ch01F0022.bin:  10/29/07 03:10:32.156-07:10:30.781 32  12 kHz 12207.03125      0.50  6000.00  175767552 3276700.00 Closed.
Rat012ch01F0023.bin:  10/29/07 07:10:30.781-11:10:29.468 32  12 kHz 12207.03125      0.50  6000.00  175767552 3276700.00 Closed.
Rat012ch01F0024.bin:  10/29/07 11:10:29.468-15:10:28.093 32  12 kHz 12207.03125      0.50  6000.00  175767552 3276700.00 Closed.
Rat012ch01F0025.bin:  10/29/07 15:10:28.093-19:10:26.718 32  12 kHz 12207.03125      0.50  6000.00  175767552 3276700.00 Closed.
Rat012ch01F0026.bin:  10/29/07 19:10:26.718-23:10:25.343 32  12 kHz 12207.03125      0.50  6000.00  175767552 3276700.00 Closed.
Rat012ch01F0027.bin:  10/29/07 23:10:25.343-03:10:24.031 32  12 kHz 12207.03125      0.50  6000.00  175767552 3276700.00 Closed.
Rat012ch01F0028.bin:  10/30/07 03:10:24.031-06:58:56.531 32  12 kHz 12207.03125      0.50  6000.00  167378944 3276700.00 Closed.
Rat012ch01F0029.bin:  10/31/07 11:30:59.375-15:31:09.562 32  12 kHz 12207.03125      0.50  6000.00  175767552 3276700.00 Closed.
Rat012ch01F0030.bin:  10/31/07 15:31:09.562-19:31:08.187 32  12 kHz 12207.03125      0.50  6000.00  175767552 3276700.00 Closed.
Rat012ch01F0031.bin:  10/31/07 19:31:08.187-23:31:06.812 32  12 kHz 12207.03125      0.50  6000.00  175767552 3276700.00 Closed.
Rat012ch01F0032.bin:  10/31/07 23:31:06.812-03:31:05.437 32  12 kHz 12207.03125      0.50  6000.00  175767552 3276700.00 Closed.
Rat012ch01F0033.bin:  11/01/07 03:31:05.437-07:31:04.062 32  12 kHz 12207.03125      0.50  6000.00  175767552 3276700.00 Closed.
Rat012ch01F0034.bin:  11/01/07 07:31:04.062-09:55:00.125 32  12 kHz 12207.03125      0.50  6000.00  105414656 3276700.00 Closed.
Rat012ch01F0035.bin:  11/01/07 09:56:00.609-00:00:00.000 31  12 kHz 12207.03125      0.50  6000.00          0 3276700.00 Opened.
Rat012ch01F0036.bin:  11/01/07 10:05:49.421-14:05:48.734 31  12 kHz 12207.03125      0.50  6000.00  175767552 3276700.00 Closed.
Rat012ch01F0037.bin:  11/01/07 14:05:48.734-18:05:47.359 31  12 kHz 12207.03125      0.50  6000.00  175767552 3276700.00 Closed.
Rat012ch01F0038.bin:  11/01/07 18:05:47.359-22:05:46.046 31  12 kHz 12207.03125      0.50  6000.00  175767552 3276700.00 Closed.
Rat012ch01F0039.bin:  11/01/07 22:05:46.046-02:05:44.671 31  12 kHz 12207.03125      0.50  6000.00  175767552 3276700.00 Closed.
Rat012ch01F0040.bin:  11/02/07 02:05:44.671-06:05:43.296 31  12 kHz 12207.03125      0.50  6000.00  175767552 3276700.00 Closed.
Rat012ch01F0041.bin:  11/02/07 06:05:43.296-10:05:41.984 31  12 kHz 12207.03125      0.50  6000.00  175767552 3276700.00 Closed.
Rat012ch01F0042.bin:  11/02/07 10:05:41.984-14:05:40.625 31  12 kHz 12207.03125      0.50  6000.00  175767552 3276700.00 Closed.
Rat012ch01F0043.bin:  11/02/07 14:05:40.625-18:05:39.250 31  12 kHz 12207.03125      0.50  6000.00  175767552 3276700.00 Closed.
Rat012ch01F0044.bin:  11/02/07 18:05:39.250-22:05:37.875 31  12 kHz 12207.03125      0.50  6000.00  175767552 3276700.00 Closed.
Rat012ch01F0045.bin:  11/02/07 22:05:37.875-02:05:36.562 31  12 kHz 12207.03125      0.50  6000.00  175767552 3276700.00 Closed.
Rat012ch01F0046.bin:  11/03/07 02:05:36.562-06:05:35.187 31  12 kHz 12207.03125      0.50  6000.00  175767552 3276700.00 Closed.
Rat012ch01F0047.bin:  11/03/07 06:05:35.187-10:05:33.812 31  12 kHz 12207.03125      0.50  6000.00  175767552 3276700.00 Closed.
Rat012ch01F0048.bin:  11/03/07 10:05:33.812-14:05:32.500 31  12 kHz 12207.03125      0.50  6000.00  175767552 3276700.00 Closed.
Rat012ch01F0049.bin:  11/03/07 14:05:32.500-18:05:31.125 31  12 kHz 12207.03125      0.50  6000.00  175767552 3276700.00 Closed.
Rat012ch01F0050.bin:  11/03/07 18:05:31.125-22:05:29.750 31  12 kHz 12207.03125      0.50  6000.00  175767552 3276700.00 Closed.
Rat012ch01F0051.bin:  11/03/07 22:05:29.750-02:05:28.437 31  12 kHz 12207.03125      0.50  6000.00  175767552 3276700.00 Closed.
Rat012ch01F0052.bin:  11/04/07 02:05:28.437-06:05:27.062 31  12 kHz 12207.03125      0.50  6000.00  175767552 3276700.00 Closed.
Rat012ch01F0053.bin:  11/04/07 06:05:27.062-10:05:25.687 31  12 kHz 12207.03125      0.50  6000.00  175767552 3276700.00 Closed.
Rat012ch01F0054.bin:  11/04/07 10:05:25.687-14:05:24.375 31  12 kHz 12207.03125      0.50  6000.00  175767552 3276700.00 Closed.
Rat012ch01F0055.bin:  11/04/07 14:05:24.375-18:05:23.000 31  12 kHz 12207.03125      0.50  6000.00  175767552 3276700.00 Closed.
Rat012ch01F0056.bin:  11/04/07 18:05:23.000-22:05:21.625 31  12 kHz 12207.03125      0.50  6000.00  175767552 3276700.00 Closed.
Rat012ch01F0057.bin:  11/04/07 22:05:21.625-02:05:20.250 31  12 kHz 12207.03125      0.50  6000.00  175767552 3276700.00 Closed.
Rat012ch01F0058.bin:  11/05/07 02:05:20.250-06:05:18.937 31  12 kHz 12207.03125      0.50  6000.00  175767552 3276700.00 Closed.
Rat012ch01F0059.bin:  11/05/07 06:05:18.937-10:05:17.562 31  12 kHz 12207.03125      0.50  6000.00  175767552 3276700.00 Closed.
Rat012ch01F0060.bin:  11/05/07 10:05:17.562-14:05:16.187 31  12 kHz 12207.03125      0.50  6000.00  175767552 3276700.00 Closed.
Rat012ch01F0061.bin:  11/05/07 14:05:16.187-18:05:14.875 31  12 kHz 12207.03125      0.50  6000.00  175767552 3276700.00 Closed.
Rat012ch01F0062.bin:  11/05/07 18:05:14.875-22:05:13.500 31  12 kHz 12207.03125      0.50  6000.00  175767552 3276700.00 Closed.
Rat012ch01F0063.bin:  11/05/07 22:05:13.500-02:05:12.187 31  12 kHz 12207.03125      0.50  6000.00  175767552 3276700.00 Closed.
Rat012ch01F0064.bin:  11/06/07 02:05:12.187-06:05:10.812 31  12 kHz 12207.03125      0.50  6000.00  175767552 3276700.00 Closed.
Rat012ch01F0065.bin:  11/06/07 06:05:10.812-10:05:09.437 31  12 kHz 12207.03125      0.50  6000.00  175767552 3276700.00 Closed.
Rat012ch01F0066.bin:  11/06/07 10:05:09.437-14:05:08.125 31  12 kHz 12207.03125      0.50  6000.00  175767552 3276700.00 Closed.
Rat012ch01F0067.bin:  11/06/07 14:05:08.125-18:05:06.750 31  12 kHz 12207.03125      0.50  6000.00  175767552 3276700.00 Closed.
Rat012ch01F0068.bin:  11/06/07 18:05:06.750-22:05:05.437 31  12 kHz 12207.03125      0.50  6000.00  175767552 3276700.00 Closed.
Rat012ch01F0069.bin:  11/06/07 22:05:05.437-02:05:04.062 31  12 kHz 12207.03125      0.50  6000.00  175767552 3276700.00 Closed.
Rat012ch01F0070.bin:  11/07/07 02:05:04.062-06:05:02.687 31  12 kHz 12207.03125      0.50  6000.00  175767552 3276700.00 Closed.
Rat012ch01F0071.bin:  11/07/07 06:05:02.687-10:05:01.375 31  12 kHz 12207.03125      0.50  6000.00  175767552 3276700.00 Closed.
Rat012ch01F0072.bin:  11/07/07 10:05:01.375-14:05:00.000 31  12 kHz 12207.03125      0.50  6000.00  175767552 3276700.00 Closed.
Rat012ch01F0073.bin:  11/07/07 14:05:00.000-18:04:58.625 31  12 kHz 12207.03125      0.50  6000.00  175767552 3276700.00 Closed.
Rat012ch01F0074.bin:  11/07/07 18:04:58.625-22:04:57.250 31  12 kHz 12207.03125      0.50  6000.00  175767552 3276700.00 Closed.
Rat012ch01F0075.bin:  11/07/07 22:04:57.250-02:04:55.937 31  12 kHz 12207.03125      0.50  6000.00  175767552 3276700.00 Closed.
Rat012ch01F0076.bin:  11/08/07 02:04:55.937-06:04:54.562 31  12 kHz 12207.03125      0.50  6000.00  175767552 3276700.00 Closed.
Rat012ch01F0077.bin:  11/08/07 06:04:54.562-10:04:53.187 31  12 kHz 12207.03125      0.50  6000.00  175767552 3276700.00 Closed.
Rat012ch01F0078.bin:  11/08/07 10:04:53.187-09:55:34.000 31  12 kHz 12207.03125      0.50  6000.00  173015040 3276700.00 Closed.
