Rat#..CH#.File..bin:    Date         Time Period        Chs   Rate    Actual           Band-Pass      Samples   Scale    Status 
Rat005ch01F0001.bin:  11/29/05 11:19:45.453-18:43:29.328 32  12 kHz 12207.03125      0.50  6000.00  324993024 3276700.00 Closed.
Rat005ch01F0002.bin:  11/29/05 18:43:29.328-02:07:13.328 32  12 kHz 12207.03125      0.50  6000.00  324993024 3276700.00 Closed.
Rat005ch01F0003.bin:  11/30/05 02:07:13.328-09:30:57.390 32  12 kHz 12207.03125      0.50  6000.00  324993024 3276700.00 Closed.
Rat005ch01F0004.bin:  11/30/05 09:30:57.390-16:54:41.453 32  12 kHz 12207.03125      0.50  6000.00  324993024 3276700.00 Closed.
Rat005ch01F0005.bin:  11/30/05 16:54:41.453-00:18:25.453 32  12 kHz 12207.03125      0.50  6000.00  324993024 3276700.00 Closed.
Rat005ch01F0006.bin:  12/01/05 00:18:25.453-07:42:09.515 32  12 kHz 12207.03125      0.50  6000.00  324993024 3276700.00 Closed.
Rat005ch01F0007.bin:  12/01/05 07:42:09.515-15:05:53.578 32  12 kHz 12207.03125      0.50  6000.00  324993024 3276700.00 Closed.
Rat005ch01F0008.bin:  12/01/05 15:05:53.578-22:29:37.578 32  12 kHz 12207.03125      0.50  6000.00  324993024 3276700.00 Closed.
Rat005ch01F0009.bin:  12/01/05 22:29:37.578-05:53:21.640 32  12 kHz 12207.03125      0.50  6000.00  324993024 3276700.00 Closed.
Rat005ch01F0010.bin:  12/02/05 05:53:21.640-08:29:57.437 32  12 kHz 12207.03125      0.50  6000.00  114688000 3276700.00 Closed.
Rat005ch01F0011.bin:  12/02/05 17:15:34.078-00:39:17.937 32  12 kHz 12207.03125      0.50  6000.00  324993024 3276700.00 Closed.
Rat005ch01F0012.bin:  12/03/05 00:39:17.937-08:03:02.000 32  12 kHz 12207.03125      0.50  6000.00  324993024 3276700.00 Closed.
Rat005ch01F0013.bin:  12/03/05 08:03:02.000-15:26:46.078 32  12 kHz 12207.03125      0.50  6000.00  324993024 3276700.00 Closed.
Rat005ch01F0014.bin:  12/03/05 15:26:46.078-22:50:30.062 32  12 kHz 12207.03125      0.50  6000.00  324993024 3276700.00 Closed.
Rat005ch01F0015.bin:  12/03/05 22:50:30.062-06:14:14.125 32  12 kHz 12207.03125      0.50  6000.00  324993024 3276700.00 Closed.
Rat005ch01F0016.bin:  12/04/05 06:14:14.125-13:37:58.218 32  12 kHz 12207.03125      0.50  6000.00  324993024 3276700.00 Closed.
Rat005ch01F0017.bin:  12/04/05 13:37:58.218-21:01:42.203 32  12 kHz 12207.03125      0.50  6000.00  324993024 3276700.00 Closed.
Rat005ch01F0018.bin:  12/04/05 21:01:42.203-04:25:26.265 32  12 kHz 12207.03125      0.50  6000.00  324993024 3276700.00 Closed.
Rat005ch01F0019.bin:  12/05/05 04:25:26.265-11:49:10.328 32  12 kHz 12207.03125      0.50  6000.00  324993024 3276700.00 Closed.
Rat005ch01F0020.bin:  12/05/05 11:49:10.328-19:12:54.328 32  12 kHz 12207.03125      0.50  6000.00  324993024 3276700.00 Closed.
Rat005ch01F0021.bin:  12/05/05 19:12:54.328-02:36:38.390 32  12 kHz 12207.03125      0.50  6000.00  324993024 3276700.00 Closed.
Rat005ch01F0022.bin:  12/06/05 02:36:38.390-10:00:22.453 32  12 kHz 12207.03125      0.50  6000.00  324993024 3276700.00 Closed.
Rat005ch01F0023.bin:  12/06/05 10:00:22.453-17:24:06.453 32  12 kHz 12207.03125      0.50  6000.00  324993024 3276700.00 Closed.
Rat005ch01F0024.bin:  12/06/05 17:24:06.453-00:47:50.515 32  12 kHz 12207.03125      0.50  6000.00  324993024 3276700.00 Closed.
Rat005ch01F0025.bin:  12/07/05 00:47:50.515-08:11:34.578 32  12 kHz 12207.03125      0.50  6000.00  324993024 3276700.00 Closed.
Rat005ch01F0026.bin:  12/07/05 08:11:34.578-15:35:18.578 32  12 kHz 12207.03125      0.50  6000.00  324993024 3276700.00 Closed.
Rat005ch01F0027.bin:  12/07/05 15:35:18.578-22:59:02.640 32  12 kHz 12207.03125      0.50  6000.00  324993024 3276700.00 Closed.
Rat005ch01F0028.bin:  12/07/05 22:59:02.640-06:22:46.687 32  12 kHz 12207.03125      0.50  6000.00  324993024 3276700.00 Closed.
Rat005ch01F0029.bin:  12/08/05 06:22:46.687-13:46:30.750 32  12 kHz 12207.03125      0.50  6000.00  324993024 3276700.00 Closed.
Rat005ch01F0030.bin:  12/08/05 13:46:30.750-21:10:14.796 32  12 kHz 12207.03125      0.50  6000.00  324993024 3276700.00 Closed.
Rat005ch01F0031.bin:  12/08/05 21:10:14.796-04:33:58.812 32  12 kHz 12207.03125      0.50  6000.00  324993024 3276700.00 Closed.
Rat005ch01F0032.bin:  12/09/05 04:33:58.812-11:57:42.875 32  12 kHz 12207.03125      0.50  6000.00  324993024 3276700.00 Closed.
Rat005ch01F0033.bin:  12/09/05 11:57:42.875-13:07:34.890 32  12 kHz 12207.03125      0.50  6000.00   51150848 3276700.00 Closed.
Rat005ch01F0034.bin:  12/09/05 13:15:51.187-20:39:34.906 32  12 kHz 12207.03125      0.50  6000.00  324993024 3276700.00 Closed.
Rat005ch01F0035.bin:  12/09/05 20:39:34.906-04:03:18.984 32  12 kHz 12207.03125      0.50  6000.00  324993024 3276700.00 Closed.
Rat005ch01F0036.bin:  12/10/05 04:03:18.984-11:27:03.046 32  12 kHz 12207.03125      0.50  6000.00  324993024 3276700.00 Closed.
Rat005ch01F0037.bin:  12/10/05 11:27:03.046-18:50:47.046 32  12 kHz 12207.03125      0.50  6000.00  324993024 3276700.00 Closed.
Rat005ch01F0038.bin:  12/10/05 18:50:47.046-02:14:31.093 32  12 kHz 12207.03125      0.50  6000.00  324993024 3276700.00 Closed.
Rat005ch01F0039.bin:  12/11/05 02:14:31.093-09:38:15.093 32  12 kHz 12207.03125      0.50  6000.00  324993024 3276700.00 Closed.
Rat005ch01F0040.bin:  12/11/05 09:38:15.093-17:01:59.171 32  12 kHz 12207.03125      0.50  6000.00  324993024 3276700.00 Closed.
Rat005ch01F0041.bin:  12/11/05 17:01:59.171-00:25:43.234 32  12 kHz 12207.03125      0.50  6000.00  324993024 3276700.00 Closed.
Rat005ch01F0042.bin:  12/12/05 00:25:43.234-07:49:27.234 32  12 kHz 12207.03125      0.50  6000.00  324993024 3276700.00 Closed.
Rat005ch01F0043.bin:  12/12/05 07:49:27.234-15:13:11.296 32  12 kHz 12207.03125      0.50  6000.00  324993024 3276700.00 Closed.
Rat005ch01F0044.bin:  12/12/05 15:13:11.296-22:36:55.359 32  12 kHz 12207.03125      0.50  6000.00  324993024 3276700.00 Closed.
Rat005ch01F0045.bin:  12/12/05 22:36:55.359-06:00:39.359 32  12 kHz 12207.03125      0.50  6000.00  324993024 3276700.00 Closed.
Rat005ch01F0046.bin:  12/13/05 06:00:39.359-13:24:23.421 32  12 kHz 12207.03125      0.50  6000.00  324993024 3276700.00 Closed.
Rat005ch01F0047.bin:  12/13/05 13:24:23.421-20:48:07.484 32  12 kHz 12207.03125      0.50  6000.00  324993024 3276700.00 Closed.
Rat005ch01F0048.bin:  12/13/05 20:48:07.484-04:11:51.531 32  12 kHz 12207.03125      0.50  6000.00  324993024 3276700.00 Closed.
Rat005ch01F0049.bin:  12/14/05 04:11:51.531-11:35:35.546 32  12 kHz 12207.03125      0.50  6000.00  324993024 3276700.00 Closed.
Rat005ch01F0050.bin:  12/14/05 11:35:35.546-18:59:19.609 32  12 kHz 12207.03125      0.50  6000.00  324993024 3276700.00 Closed.
Rat005ch01F0051.bin:  12/14/05 18:59:19.609-02:23:03.656 32  12 kHz 12207.03125      0.50  6000.00  324993024 3276700.00 Closed.
Rat005ch01F0052.bin:  12/15/05 02:23:03.656-09:46:47.671 32  12 kHz 12207.03125      0.50  6000.00  324993024 3276700.00 Closed.
Rat005ch01F0053.bin:  12/15/05 09:46:47.671-17:10:31.718 32  12 kHz 12207.03125      0.50  6000.00  324993024 3276700.00 Closed.
Rat005ch01F0054.bin:  12/15/05 17:10:31.718-00:34:15.796 32  12 kHz 12207.03125      0.50  6000.00  324993024 3276700.00 Closed.
Rat005ch01F0055.bin:  12/16/05 00:34:15.796-07:57:59.796 32  12 kHz 12207.03125      0.50  6000.00  324993024 3276700.00 Closed.
Rat005ch01F0056.bin:  12/16/05 07:57:59.796-11:24:18.656 32  12 kHz 12207.03125      0.50  6000.00  151093248 3276700.00 Closed.
Rat005ch01F0057.bin:  12/16/05 12:15:53.453-19:39:37.312 32  12 kHz 12207.03125      0.50  6000.00  324993024 3276700.00 Closed.
Rat005ch01F0058.bin:  12/16/05 19:39:37.312-03:03:21.312 32  12 kHz 12207.03125      0.50  6000.00  324993024 3276700.00 Closed.
Rat005ch01F0059.bin:  12/17/05 03:03:21.312-10:27:05.375 32  12 kHz 12207.03125      0.50  6000.00  324993024 3276700.00 Closed.
Rat005ch01F0060.bin:  12/17/05 10:27:05.375-17:50:49.375 32  12 kHz 12207.03125      0.50  6000.00  324993024 3276700.00 Closed.
Rat005ch01F0061.bin:  12/17/05 17:50:49.375-01:14:33.437 32  12 kHz 12207.03125      0.50  6000.00  324993024 3276700.00 Closed.
Rat005ch01F0062.bin:  12/18/05 01:14:33.437-08:38:17.500 32  12 kHz 12207.03125      0.50  6000.00  324993024 3276700.00 Closed.
Rat005ch01F0063.bin:  12/18/05 08:38:17.500-16:02:01.484 32  12 kHz 12207.03125      0.50  6000.00  324993024 3276700.00 Closed.
Rat005ch01F0064.bin:  12/18/05 16:02:01.484-23:25:45.546 32  12 kHz 12207.03125      0.50  6000.00  324993024 3276700.00 Closed.
Rat005ch01F0065.bin:  12/18/05 23:25:45.546-06:49:29.593 32  12 kHz 12207.03125      0.50  6000.00  324993024 3276700.00 Closed.
Rat005ch01F0066.bin:  12/19/05 06:49:29.593-14:13:13.671 32  12 kHz 12207.03125      0.50  6000.00  324993024 3276700.00 Closed.
Rat005ch01F0067.bin:  12/19/05 14:13:13.671-21:36:57.656 32  12 kHz 12207.03125      0.50  6000.00  324993024 3276700.00 Closed.
Rat005ch01F0068.bin:  12/19/05 21:36:57.656-05:00:41.718 32  12 kHz 12207.03125      0.50  6000.00  324993024 3276700.00 Closed.
Rat005ch01F0069.bin:  12/20/05 05:00:41.718-12:24:25.781 32  12 kHz 12207.03125      0.50  6000.00  324993024 3276700.00 Closed.
Rat005ch01F0070.bin:  12/20/05 12:24:25.781-19:48:09.812 32  12 kHz 12207.03125      0.50  6000.00  324993024 3276700.00 Closed.
Rat005ch01F0071.bin:  12/20/05 19:48:09.812-03:11:53.859 32  12 kHz 12207.03125      0.50  6000.00  324993024 3276700.00 Closed.
Rat005ch01F0072.bin:  12/21/05 03:11:53.859-10:35:37.937 32  12 kHz 12207.03125      0.50  6000.00  324993024 3276700.00 Closed.
Rat005ch01F0073.bin:  12/21/05 10:35:37.937-11:49:01.937 32  12 kHz 12207.03125      0.50  6000.00   53739520 3276700.00 Closed.
Rat005ch01F0074.bin:  12/21/05 11:55:39.031-19:19:22.875 32  12 kHz 12207.03125      0.50  6000.00  324993024 3276700.00 Closed.
Rat005ch01F0075.bin:  12/21/05 19:19:22.875-02:43:06.921 32  12 kHz 12207.03125      0.50  6000.00  324993024 3276700.00 Closed.
Rat005ch01F0076.bin:  12/22/05 02:43:06.921-10:06:51.000 32  12 kHz 12207.03125      0.50  6000.00  324993024 3276700.00 Closed.
Rat005ch01F0077.bin:  12/22/05 10:06:51.000-17:30:35.062 32  12 kHz 12207.03125      0.50  6000.00  324993024 3276700.00 Closed.
Rat005ch01F0078.bin:  12/22/05 17:30:35.062-00:54:19.062 32  12 kHz 12207.03125      0.50  6000.00  324993024 3276700.00 Closed.
Rat005ch01F0079.bin:  12/23/05 00:54:19.062-08:18:03.125 32  12 kHz 12207.03125      0.50  6000.00  324993024 3276700.00 Closed.
Rat005ch01F0080.bin:  12/23/05 08:18:03.125-15:41:47.187 32  12 kHz 12207.03125      0.50  6000.00  324993024 3276700.00 Closed.
Rat005ch01F0081.bin:  12/23/05 15:41:47.187-23:05:31.250 32  12 kHz 12207.03125      0.50  6000.00  324993024 3276700.00 Closed.
Rat005ch01F0082.bin:  12/23/05 23:05:31.250-06:29:15.312 32  12 kHz 12207.03125      0.50  6000.00  324993024 3276700.00 Closed.
Rat005ch01F0083.bin:  12/24/05 06:29:15.312-13:52:59.296 32  12 kHz 12207.03125      0.50  6000.00  324993024 3276700.00 Closed.
Rat005ch01F0084.bin:  12/24/05 13:52:59.296-21:16:43.375 32  12 kHz 12207.03125      0.50  6000.00  324993024 3276700.00 Closed.
Rat005ch01F0085.bin:  12/24/05 21:16:43.375-04:40:27.437 32  12 kHz 12207.03125      0.50  6000.00  324993024 3276700.00 Closed.
Rat005ch01F0086.bin:  12/25/05 04:40:27.437-12:04:11.500 32  12 kHz 12207.03125      0.50  6000.00  324993024 3276700.00 Closed.
Rat005ch01F0087.bin:  12/25/05 12:04:11.500-19:27:55.500 32  12 kHz 12207.03125      0.50  6000.00  324993024 3276700.00 Closed.
Rat005ch01F0088.bin:  12/25/05 19:27:55.500-02:51:39.562 32  12 kHz 12207.03125      0.50  6000.00  324993024 3276700.00 Closed.
Rat005ch01F0089.bin:  12/26/05 02:51:39.562-10:15:23.625 32  12 kHz 12207.03125      0.50  6000.00  324993024 3276700.00 Closed.
Rat005ch01F0090.bin:  12/26/05 10:15:23.625-17:39:07.671 32  12 kHz 12207.03125      0.50  6000.00  324993024 3276700.00 Closed.
Rat005ch01F0091.bin:  12/26/05 17:39:07.671-01:02:51.750 32  12 kHz 12207.03125      0.50  6000.00  324993024 3276700.00 Closed.
Rat005ch01F0092.bin:  12/27/05 01:02:51.750-08:26:35.734 32  12 kHz 12207.03125      0.50  6000.00  324993024 3276700.00 Closed.
Rat005ch01F0093.bin:  12/27/05 08:26:35.734-15:50:19.812 32  12 kHz 12207.03125      0.50  6000.00  324993024 3276700.00 Closed.
Rat005ch01F0094.bin:  12/27/05 15:50:19.812-23:14:03.875 32  12 kHz 12207.03125      0.50  6000.00  324993024 3276700.00 Closed.
Rat005ch01F0095.bin:  12/27/05 23:14:03.875-06:37:47.937 32  12 kHz 12207.03125      0.50  6000.00  324993024 3276700.00 Closed.
Rat005ch01F0096.bin:  12/28/05 06:37:47.937-14:01:31.937 32  12 kHz 12207.03125      0.50  6000.00  324993024 3276700.00 Closed.
Rat005ch01F0097.bin:  12/28/05 14:01:31.937-21:25:15.984 32  12 kHz 12207.03125      0.50  6000.00  324993024 3276700.00 Closed.
Rat005ch01F0098.bin:  12/28/05 21:25:15.984-04:49:00.046 32  12 kHz 12207.03125      0.50  6000.00  324993024 3276700.00 Closed.
Rat005ch01F0099.bin:  12/29/05 04:49:00.046-12:12:44.125 32  12 kHz 12207.03125      0.50  6000.00  324993024 3276700.00 Closed.
Rat005ch01F0100.bin:  12/29/05 12:12:44.125-15:15:34.234 32  12 kHz 12207.03125      0.50  6000.00  127795200 3276700.00 Closed.
Rat005ch01F0101.bin:  12/30/05 15:21:15.203-22:44:59.078 32  12 kHz 12207.03125      0.50  6000.00  324993024 3276700.00 Closed.
Rat005ch01F0102.bin:  12/30/05 22:44:59.078-06:08:43.078 32  12 kHz 12207.03125      0.50  6000.00  324993024 3276700.00 Closed.
Rat005ch01F0103.bin:  12/31/05 06:08:43.078-13:32:27.125 32  12 kHz 12207.03125      0.50  6000.00  324993024 3276700.00 Closed.
Rat005ch01F0104.bin:  12/31/05 13:32:27.125-20:56:11.218 32  12 kHz 12207.03125      0.50  6000.00  324993024 3276700.00 Closed.
Rat005ch01F0105.bin:  12/31/05 20:56:11.218-04:19:55.203 32  12 kHz 12207.03125      0.50  6000.00  324993024 3276700.00 Closed.
Rat005ch01F0106.bin:  01/01/06 04:19:55.203-11:43:39.281 32  12 kHz 12207.03125      0.50  6000.00  324993024 3276700.00 Closed.
Rat005ch01F0107.bin:  01/01/06 11:43:39.281-19:07:23.343 32  12 kHz 12207.03125      0.50  6000.00  324993024 3276700.00 Closed.
Rat005ch01F0108.bin:  01/01/06 19:07:23.343-02:31:07.343 32  12 kHz 12207.03125      0.50  6000.00  324993024 3276700.00 Closed.
Rat005ch01F0109.bin:  01/02/06 02:31:07.343-09:54:51.390 32  12 kHz 12207.03125      0.50  6000.00  324993024 3276700.00 Closed.
Rat005ch01F0110.bin:  01/02/06 09:54:51.390-17:18:35.406 32  12 kHz 12207.03125      0.50  6000.00  324993024 3276700.00 Closed.
Rat005ch01F0111.bin:  01/02/06 17:18:35.406-00:42:19.468 32  12 kHz 12207.03125      0.50  6000.00  324993024 3276700.00 Closed.
Rat005ch01F0112.bin:  01/03/06 00:42:19.468-08:06:03.531 32  12 kHz 12207.03125      0.50  6000.00  324993024 3276700.00 Closed.
Rat005ch01F0113.bin:  01/03/06 08:06:03.531-12:44:13.328 32  12 kHz 12207.03125      0.50  6000.00  203718656 3276700.00 Closed.
