Rat#..CH#.File..bin:    Date         Time Period        Chs   Rate    Actual           Band-Pass      Samples   Scale    Status 
Rat011ch01F0001.bin:  07/06/07 11:21:08.906-11:21:08.906 32  12 kHz 12207.03125      0.50  6000.00   19005440 3276700.00 Closed.
Rat011ch01F0002.bin:  07/06/07 12:00:48.359-12:00:48.359 32  12 kHz 12207.03125      0.50  6000.00  108101632 3276700.00 Closed.
Rat011ch01F0003.bin:  07/06/07 14:35:24.343-14:35:24.343 32  12 kHz 12207.03125      0.50  6000.00    6094848 3276700.00 Closed.
Rat011ch01F0004.bin:  07/06/07 15:51:38.437-23:15:20.750 32  12 kHz 12207.03125      0.50  6000.00  324993024 3276700.00 Closed.
Rat011ch01F0005.bin:  07/06/07 23:15:20.750-06:39:03.750 32  12 kHz 12207.03125      0.50  6000.00  324993024 3276700.00 Closed.
Rat011ch01F0006.bin:  07/07/07 06:39:03.750-14:02:46.750 32  12 kHz 12207.03125      0.50  6000.00  324993024 3276700.00 Closed.
Rat011ch01F0007.bin:  07/07/07 14:02:46.750-21:26:29.750 32  12 kHz 12207.03125      0.50  6000.00  324993024 3276700.00 Closed.
Rat011ch01F0008.bin:  07/07/07 21:26:29.750-04:50:12.812 32  12 kHz 12207.03125      0.50  6000.00  324993024 3276700.00 Closed.
Rat011ch01F0009.bin:  07/08/07 04:50:12.812-12:13:55.812 32  12 kHz 12207.03125      0.50  6000.00  324993024 3276700.00 Closed.
Rat011ch01F0010.bin:  07/08/07 12:13:55.812-19:37:38.812 32  12 kHz 12207.03125      0.50  6000.00  324993024 3276700.00 Closed.
Rat011ch01F0011.bin:  07/08/07 19:37:38.812-03:01:21.812 32  12 kHz 12207.03125      0.50  6000.00  324993024 3276700.00 Closed.
Rat011ch01F0012.bin:  07/09/07 03:01:21.812-03:01:21.812 32  12 kHz 12207.03125      0.50  6000.00  319717376 3276700.00 Closed.
Rat011ch01F0013.bin:  07/09/07 10:35:43.281-17:59:25.906 32  12 kHz 12207.03125      0.50  6000.00  324993024 3276700.00 Closed.
Rat011ch01F0014.bin:  07/09/07 17:59:25.906-01:23:08.906 32  12 kHz 12207.03125      0.50  6000.00  324993024 3276700.00 Closed.
Rat011ch01F0015.bin:  07/10/07 01:23:08.906-08:46:51.906 32  12 kHz 12207.03125      0.50  6000.00  324993024 3276700.00 Closed.
Rat011ch01F0016.bin:  07/10/07 08:46:51.906-09:31:48.140 32  12 kHz 12207.03125      0.50  6000.00   32899072 3276700.00 Closed.
Rat011ch01F0017.bin:  07/10/07 10:19:37.234-17:43:20.109 32  12 kHz 12207.03125      0.50  6000.00  324993024 3276700.00 Closed.
Rat011ch01F0018.bin:  07/10/07 17:43:20.109-01:07:03.125 32  12 kHz 12207.03125      0.50  6000.00  324993024 3276700.00 Closed.
Rat011ch01F0019.bin:  07/11/07 01:07:03.125-08:30:46.125 32  12 kHz 12207.03125      0.50  6000.00  324993024 3276700.00 Closed.
Rat011ch01F0020.bin:  07/11/07 08:30:46.125-15:54:29.109 32  12 kHz 12207.03125      0.50  6000.00  324993024 3276700.00 Closed.
Rat011ch01F0021.bin:  07/11/07 15:54:29.109-23:18:12.109 32  12 kHz 12207.03125      0.50  6000.00  324993024 3276700.00 Closed.
Rat011ch01F0022.bin:  07/11/07 23:18:12.109-06:41:55.171 32  12 kHz 12207.03125      0.50  6000.00  324993024 3276700.00 Closed.
Rat011ch01F0023.bin:  07/12/07 06:41:55.171-09:37:26.343 32  12 kHz 12207.03125      0.50  6000.00  128548864 3276700.00 Closed.
Rat011ch01F0024.bin:  07/26/07 16:13:31.078-23:37:13.921 32  12 kHz 12207.03125      0.50  6000.00  324993024 3276700.00 Closed.
Rat011ch01F0025.bin:  07/26/07 23:37:13.921-07:00:56.921 32  12 kHz 12207.03125      0.50  6000.00  324993024 3276700.00 Closed.
Rat011ch01F0026.bin:  07/27/07 07:00:56.921-14:24:39.921 32  12 kHz 12207.03125      0.50  6000.00  324993024 3276700.00 Closed.
Rat011ch01F0027.bin:  07/27/07 14:24:39.921-15:03:38.984 32  12 kHz 12207.03125      0.50  6000.00   28540928 3276700.00 Closed.
Rat011ch01F0028.bin:  07/27/07 15:03:40.546-22:27:21.000 32  12 kHz 12207.03125      0.50  6000.00  324993024 3276700.00 Closed.
Rat011ch01F0029.bin:  07/27/07 22:27:21.000-05:51:04.000 32  12 kHz 12207.03125      0.50  6000.00  324993024 3276700.00 Closed.
Rat011ch01F0030.bin:  07/28/07 05:51:04.000-13:14:47.000 32  12 kHz 12207.03125      0.50  6000.00  324993024 3276700.00 Closed.
Rat011ch01F0031.bin:  07/28/07 13:14:47.000-20:38:30.000 32  12 kHz 12207.03125      0.50  6000.00  324993024 3276700.00 Closed.
Rat011ch01F0032.bin:  07/28/07 20:38:30.000-04:02:13.000 32  12 kHz 12207.03125      0.50  6000.00  324993024 3276700.00 Closed.
Rat011ch01F0033.bin:  07/29/07 04:02:13.000-11:25:56.000 32  12 kHz 12207.03125      0.50  6000.00  324993024 3276700.00 Closed.
Rat011ch01F0034.bin:  07/29/07 11:25:56.000-18:49:39.000 32  12 kHz 12207.03125      0.50  6000.00  324993024 3276700.00 Closed.
Rat011ch01F0035.bin:  07/29/07 18:49:39.000-02:13:22.000 32  12 kHz 12207.03125      0.50  6000.00  324993024 3276700.00 Closed.
Rat011ch01F0036.bin:  07/30/07 02:13:22.000-09:37:05.000 32  12 kHz 12207.03125      0.50  6000.00  324993024 3276700.00 Closed.
Rat011ch01F0037.bin:  07/30/07 09:37:05.000-17:00:48.000 32  12 kHz 12207.03125      0.50  6000.00  324993024 3276700.00 Closed.
Rat011ch01F0038.bin:  07/30/07 17:00:48.000-00:24:31.000 32  12 kHz 12207.03125      0.50  6000.00  324993024 3276700.00 Closed.
Rat011ch01F0039.bin:  07/31/07 00:24:31.000-07:48:14.000 32  12 kHz 12207.03125      0.50  6000.00  324993024 3276700.00 Closed.
Rat011ch01F0040.bin:  07/31/07 07:48:14.000-15:11:57.000 32  12 kHz 12207.03125      0.50  6000.00  324993024 3276700.00 Closed.
Rat011ch01F0041.bin:  07/31/07 15:11:57.000-22:35:39.984 32  12 kHz 12207.03125      0.50  6000.00  324993024 3276700.00 Closed.
Rat011ch01F0042.bin:  07/31/07 22:35:39.984-05:59:22.984 32  12 kHz 12207.03125      0.50  6000.00  324993024 3276700.00 Closed.
Rat011ch01F0043.bin:  08/01/07 05:59:22.984-13:23:05.984 32  12 kHz 12207.03125      0.50  6000.00  324993024 3276700.00 Closed.
Rat011ch01F0044.bin:  08/01/07 13:23:05.984-20:46:49.000 32  12 kHz 12207.03125      0.50  6000.00  324993024 3276700.00 Closed.
Rat011ch01F0045.bin:  08/01/07 20:46:49.000-04:10:32.000 32  12 kHz 12207.03125      0.50  6000.00  324993024 3276700.00 Closed.
Rat011ch01F0046.bin:  08/02/07 04:10:32.000-11:34:15.000 32  12 kHz 12207.03125      0.50  6000.00  324993024 3276700.00 Closed.
Rat011ch01F0047.bin:  08/02/07 11:34:15.000-18:57:57.984 32  12 kHz 12207.03125      0.50  6000.00  324993024 3276700.00 Closed.
Rat011ch01F0048.bin:  08/02/07 18:57:57.984-18:57:57.984 32  12 kHz 12207.03125      0.50  6000.00   51871744 3276700.00 Closed.
Rat011ch01F0049.bin:  08/03/07 11:27:03.375-18:50:46.250 32  12 kHz 12207.03125      0.50  6000.00  324993024 3276700.00 Closed.
Rat011ch01F0050.bin:  08/03/07 18:50:46.250-02:14:29.250 32  12 kHz 12207.03125      0.50  6000.00  324993024 3276700.00 Closed.
Rat011ch01F0051.bin:  08/04/07 02:14:29.250-09:38:12.250 32  12 kHz 12207.03125      0.50  6000.00  324993024 3276700.00 Closed.
Rat011ch01F0052.bin:  08/04/07 09:38:12.250-17:01:55.250 32  12 kHz 12207.03125      0.50  6000.00  324993024 3276700.00 Closed.
Rat011ch01F0053.bin:  08/04/07 17:01:55.250-00:25:38.250 32  12 kHz 12207.03125      0.50  6000.00  324993024 3276700.00 Closed.
Rat011ch01F0054.bin:  08/05/07 00:25:38.250-07:49:21.250 32  12 kHz 12207.03125      0.50  6000.00  324993024 3276700.00 Closed.
Rat011ch01F0055.bin:  08/05/07 07:49:21.250-15:13:04.250 32  12 kHz 12207.03125      0.50  6000.00  324993024 3276700.00 Closed.
Rat011ch01F0056.bin:  08/05/07 15:13:04.250-22:36:47.250 32  12 kHz 12207.03125      0.50  6000.00  324993024 3276700.00 Closed.
Rat011ch01F0057.bin:  08/05/07 22:36:47.250-06:00:30.250 32  12 kHz 12207.03125      0.50  6000.00  324993024 3276700.00 Closed.
Rat011ch01F0058.bin:  08/06/07 06:00:30.250-13:24:13.250 32  12 kHz 12207.03125      0.50  6000.00  324993024 3276700.00 Closed.
Rat011ch01F0059.bin:  08/06/07 13:24:13.250-20:47:56.250 32  12 kHz 12207.03125      0.50  6000.00  324993024 3276700.00 Closed.
Rat011ch01F0060.bin:  08/06/07 20:47:56.250-04:11:39.250 32  12 kHz 12207.03125      0.50  6000.00  324993024 3276700.00 Closed.
Rat011ch01F0061.bin:  08/07/07 04:11:39.250-11:35:22.250 32  12 kHz 12207.03125      0.50  6000.00  324993024 3276700.00 Closed.
Rat011ch01F0062.bin:  08/07/07 11:35:22.250-18:59:05.250 32  12 kHz 12207.03125      0.50  6000.00  324993024 3276700.00 Closed.
Rat011ch01F0063.bin:  08/07/07 18:59:05.250-02:22:48.250 32  12 kHz 12207.03125      0.50  6000.00  324993024 3276700.00 Closed.
Rat011ch01F0064.bin:  08/08/07 02:22:48.250-09:46:31.250 32  12 kHz 12207.03125      0.50  6000.00  324993024 3276700.00 Closed.
Rat011ch01F0065.bin:  08/08/07 09:46:31.250-17:10:14.250 32  12 kHz 12207.03125      0.50  6000.00  324993024 3276700.00 Closed.
Rat011ch01F0066.bin:  08/08/07 17:10:14.250-00:33:57.312 32  12 kHz 12207.03125      0.50  6000.00  324993024 3276700.00 Closed.
Rat011ch01F0067.bin:  08/09/07 00:33:57.312-07:57:40.312 32  12 kHz 12207.03125      0.50  6000.00  324993024 3276700.00 Closed.
Rat011ch01F0068.bin:  08/09/07 07:57:40.312-15:21:23.375 32  12 kHz 12207.03125      0.50  6000.00  324993024 3276700.00 Closed.
Rat011ch01F0069.bin:  08/09/07 15:21:23.375-22:45:06.437 32  12 kHz 12207.03125      0.50  6000.00  324993024 3276700.00 Closed.
Rat011ch01F0070.bin:  08/09/07 22:45:06.437-06:08:49.437 32  12 kHz 12207.03125      0.50  6000.00  324993024 3276700.00 Closed.
Rat011ch01F0071.bin:  08/10/07 06:08:49.437-13:32:32.500 32  12 kHz 12207.03125      0.50  6000.00  324993024 3276700.00 Closed.
Rat011ch01F0072.bin:  08/10/07 13:32:32.500-10:53:19.625 32  12 kHz 12207.03125      0.50  6000.00   80412672 3276700.00 Closed.
Rat011ch01F0073.bin:  08/13/07 12:04:38.437-12:06:12.578 32  12 kHz 12207.03125      0.50  6000.00    1146880 3276700.00 Closed.
Rat011ch01F0074.bin:  08/13/07 12:06:13.890-12:06:49.078 32  12 kHz 12207.03125      0.50  6000.00     425984 3276700.00 Closed.
Rat011ch01F0075.bin:  08/13/07 12:07:43.796-15:55:05.890 32  12 kHz 12207.03125      0.50  6000.00  166526976 3276700.00 Closed.
Rat011ch01F0076.bin:  08/13/07 16:10:52.437-20:10:51.015 32  12 kHz 12207.03125      0.50  6000.00  175767552 3276700.00 Closed.
Rat011ch01F0077.bin:  08/13/07 20:10:51.015-00:10:49.640 32  12 kHz 12207.03125      0.50  6000.00  175767552 3276700.00 Closed.
Rat011ch01F0078.bin:  08/14/07 00:10:49.640-04:10:48.328 32  12 kHz 12207.03125      0.50  6000.00  175767552 3276700.00 Closed.
Rat011ch01F0079.bin:  08/14/07 04:10:48.328-08:10:46.953 32  12 kHz 12207.03125      0.50  6000.00  175767552 3276700.00 Closed.
Rat011ch01F0080.bin:  08/14/07 08:10:46.953-12:10:45.609 32  12 kHz 12207.03125      0.50  6000.00  175767552 3276700.00 Closed.
Rat011ch01F0081.bin:  08/14/07 12:10:45.609-16:10:44.328 32  12 kHz 12207.03125      0.50  6000.00  175767552 3276700.00 Closed.
Rat011ch01F0082.bin:  08/14/07 16:10:44.328-20:10:42.953 32  12 kHz 12207.03125      0.50  6000.00  175767552 3276700.00 Closed.
Rat011ch01F0083.bin:  08/14/07 20:10:42.953-00:10:41.640 32  12 kHz 12207.03125      0.50  6000.00  175767552 3276700.00 Closed.
Rat011ch01F0084.bin:  08/15/07 00:10:41.640-04:10:40.265 32  12 kHz 12207.03125      0.50  6000.00  175767552 3276700.00 Closed.
Rat011ch01F0085.bin:  08/15/07 04:10:40.265-08:10:38.953 32  12 kHz 12207.03125      0.50  6000.00  175767552 3276700.00 Closed.
Rat011ch01F0086.bin:  08/15/07 08:10:38.953-12:10:37.625 32  12 kHz 12207.03125      0.50  6000.00  175767552 3276700.00 Closed.
Rat011ch01F0087.bin:  08/15/07 12:10:37.625-13:12:37.421 32  12 kHz 12207.03125      0.50  6000.00   45383680 3276700.00 Closed.

