Rat#..CH#.File..bin:    Date         Time Period        Chs   Rate    Actual           Band-Pass      Samples   Scale    Status 
Rat010ch01F0001.bin:  05/21/07 16:19:15.578-23:42:58.421 32  12 kHz 12207.03125      0.50  6000.00  324993024 3276700.00 Closed.
Rat010ch01F0002.bin:  05/21/07 23:42:58.421-07:06:41.359 32  12 kHz 12207.03125      0.50  6000.00  324993024 3276700.00 Closed.
Rat010ch01F0003.bin:  05/22/07 07:06:41.359-09:06:31.718 32  12 kHz 12207.03125      0.50  6000.00   87752704 3276700.00 Closed.
Rat010ch01F0004.bin:  05/22/07 09:09:26.281-15:20:28.296 32  12 kHz 12207.03125      0.50  6000.00  271777792 3276700.00 Closed.
Rat010ch01F0005.bin:  05/22/07 16:17:20.859-23:41:02.796 32  12 kHz 12207.03125      0.50  6000.00  324993024 3276700.00 Closed.
Rat010ch01F0006.bin:  05/22/07 23:41:02.796-07:04:45.734 32  12 kHz 12207.03125      0.50  6000.00  324993024 3276700.00 Closed.
Rat010ch01F0007.bin:  05/23/07 07:04:45.734-14:28:28.703 32  12 kHz 12207.03125      0.50  6000.00  324993024 3276700.00 Closed.
Rat010ch01F0008.bin:  05/23/07 14:28:28.703-21:52:11.703 32  12 kHz 12207.03125      0.50  6000.00  324993024 3276700.00 Closed.
Rat010ch01F0009.bin:  05/23/07 21:52:11.703-05:15:54.640 32  12 kHz 12207.03125      0.50  6000.00  324993024 3276700.00 Closed.
Rat010ch01F0010.bin:  05/24/07 05:15:54.640-05:15:54.640 32  12 kHz 12207.03125      0.50  6000.00  304152576 3276700.00 Closed.
Rat010ch01F0011.bin:  05/24/07 12:21:12.890-12:35:08.875 32  12 kHz 12207.03125      0.50  6000.00   10190848 3276700.00 Closed.
Rat010ch01F0012.bin:  05/24/07 12:55:27.875-20:19:08.843 32  12 kHz 12207.03125      0.50  6000.00  324993024 3276700.00 Closed.
Rat010ch01F0013.bin:  05/24/07 20:19:08.843-03:42:51.765 32  12 kHz 12207.03125      0.50  6000.00  324993024 3276700.00 Closed.
Rat010ch01F0014.bin:  05/25/07 03:42:51.765-08:59:35.062 32  12 kHz 12207.03125      0.50  6000.00  231964672 3276700.00 Closed.
Rat010ch01F0015.bin:  05/25/07 11:10:21.187-18:34:03.203 32  12 kHz 12207.03125      0.50  6000.00  324993024 3276700.00 Closed.
Rat010ch01F0016.bin:  05/25/07 18:34:03.203-01:57:46.203 32  12 kHz 12207.03125      0.50  6000.00  324993024 3276700.00 Closed.
Rat010ch01F0017.bin:  05/26/07 01:57:46.203-09:21:29.140 32  12 kHz 12207.03125      0.50  6000.00  324993024 3276700.00 Closed.
Rat010ch01F0018.bin:  05/26/07 09:21:29.140-16:45:12.140 32  12 kHz 12207.03125      0.50  6000.00  324993024 3276700.00 Closed.
Rat010ch01F0019.bin:  05/26/07 16:45:12.140-00:08:55.078 32  12 kHz 12207.03125      0.50  6000.00  324993024 3276700.00 Closed.
Rat010ch01F0020.bin:  05/27/07 00:08:55.078-07:32:38.015 32  12 kHz 12207.03125      0.50  6000.00  324993024 3276700.00 Closed.
Rat010ch01F0021.bin:  05/27/07 07:32:38.015-14:57:28.125 32  12 kHz 12207.03125      0.50  6000.00  324993024 3276700.00 Closed.
Rat010ch01F0022.bin:  05/27/07 14:57:28.125-22:21:11.078 32  12 kHz 12207.03125      0.50  6000.00  324993024 3276700.00 Closed.
Rat010ch01F0023.bin:  05/27/07 22:21:11.078-05:44:54.000 32  12 kHz 12207.03125      0.50  6000.00  324993024 3276700.00 Closed.
Rat010ch01F0024.bin:  05/28/07 05:44:54.000-13:08:37.000 32  12 kHz 12207.03125      0.50  6000.00  324993024 3276700.00 Closed.
Rat010ch01F0025.bin:  05/28/07 13:08:37.000-20:32:19.937 32  12 kHz 12207.03125      0.50  6000.00  324993024 3276700.00 Closed.
Rat010ch01F0026.bin:  05/28/07 20:32:19.937-03:56:02.875 32  12 kHz 12207.03125      0.50  6000.00  324993024 3276700.00 Closed.
Rat010ch01F0027.bin:  05/29/07 03:56:02.875-11:19:45.812 32  12 kHz 12207.03125      0.50  6000.00  324993024 3276700.00 Closed.
Rat010ch01F0028.bin:  05/29/07 11:19:45.812-18:43:28.781 32  12 kHz 12207.03125      0.50  6000.00  324993024 3276700.00 Closed.
Rat010ch01F0029.bin:  05/29/07 18:43:28.781-02:07:11.718 32  12 kHz 12207.03125      0.50  6000.00  324993024 3276700.00 Closed.
Rat010ch01F0030.bin:  05/30/07 02:07:11.718-09:30:54.718 32  12 kHz 12207.03125      0.50  6000.00  324993024 3276700.00 Closed.
Rat010ch01F0031.bin:  05/30/07 09:30:54.718-13:57:01.343 32  12 kHz 12207.03125      0.50  6000.00  194904064 3276700.00 Closed.
Rat010ch01F0032.bin:  05/30/07 13:57:37.359-14:06:27.875 32  12 kHz 12207.03125      0.50  6000.00    6455296 3276700.00 Closed.
Rat010ch01F0033.bin:  06/01/07 15:10:14.250-22:33:56.812 32  12 kHz 12207.03125      0.50  6000.00  324993024 3276700.00 Closed.
Rat010ch01F0034.bin:  06/01/07 22:33:56.812-05:57:40.984 32  12 kHz 12207.03125      0.50  6000.00  324993024 3276700.00 Closed.
Rat010ch01F0035.bin:  06/02/07 05:57:40.984-11:00:06.937 32  12 kHz 12207.03125      0.50  6000.00  221511680 3276700.00 Closed.
Rat010ch01F0036.bin:  06/02/07 12:11:22.375-19:35:04.734 32  12 kHz 12207.03125      0.50  6000.00  324993024 3276700.00 Closed.
Rat010ch01F0037.bin:  06/02/07 19:35:04.734-02:58:47.671 32  12 kHz 12207.03125      0.50  6000.00  324993024 3276700.00 Closed.
Rat010ch01F0038.bin:  06/03/07 02:58:47.671-10:22:30.671 32  12 kHz 12207.03125      0.50  6000.00  324993024 3276700.00 Closed.
Rat010ch01F0039.bin:  06/03/07 10:22:30.671-14:54:15.609 32  12 kHz 12207.03125      0.50  6000.00  199032832 3276700.00 Closed.
Rat010ch01F0040.bin:  06/03/07 14:54:41.187-22:18:23.984 32  12 kHz 12207.03125      0.50  6000.00  324993024 3276700.00 Closed.
Rat010ch01F0041.bin:  06/03/07 22:18:23.984-05:42:06.984 32  12 kHz 12207.03125      0.50  6000.00  324993024 3276700.00 Closed.
Rat010ch01F0042.bin:  06/04/07 05:42:06.984-10:22:31.906 32  12 kHz 12207.03125      0.50  6000.00  205357056 3276700.00 Closed.
Rat010ch01F0043.bin:  06/04/07 14:17:17.796-14:18:17.265 32  12 kHz 12207.03125      0.50  6000.00     720896 3276700.00 Closed.
Rat010ch01F0044.bin:  06/08/07 13:09:59.765-13:12:37.750 32  12 kHz 12207.03125      0.50  6000.00    1933312 3276700.00 Closed.
Rat010ch01F0045.bin:  06/08/07 13:13:55.015-20:37:37.843 32  12 kHz 12207.03125      0.50  6000.00  324993024 3276700.00 Closed.
Rat010ch01F0046.bin:  06/08/07 20:37:37.843-04:01:20.265 32  12 kHz 12207.03125      0.50  6000.00  324993024 3276700.00 Closed.
Rat010ch01F0047.bin:  06/09/07 04:01:20.265-11:25:03.265 32  12 kHz 12207.03125      0.50  6000.00  324993024 3276700.00 Closed.
Rat010ch01F0048.bin:  06/09/07 11:25:03.265-18:48:46.203 32  12 kHz 12207.03125      0.50  6000.00  324993024 3276700.00 Closed.
Rat010ch01F0049.bin:  06/09/07 18:48:46.203-02:12:29.203 32  12 kHz 12207.03125      0.50  6000.00  324993024 3276700.00 Closed.
Rat010ch01F0050.bin:  06/10/07 02:12:29.203-09:36:12.140 32  12 kHz 12207.03125      0.50  6000.00  324993024 3276700.00 Closed.
Rat010ch01F0051.bin:  06/10/07 09:36:12.140-16:59:55.125 32  12 kHz 12207.03125      0.50  6000.00  324993024 3276700.00 Closed.
Rat010ch01F0052.bin:  06/10/07 16:59:55.125-16:59:55.125 32  12 kHz 12207.03125      0.50  6000.00    8552448 3276700.00 Closed.
Rat010ch01F0053.bin:  06/10/07 18:01:30.750-18:18:22.406 32  12 kHz 12207.03125      0.50  6000.00    3571712 3276700.00 Closed.
Rat010ch01F0054.bin:  06/10/07 18:18:22.406-01:42:04.796 32  12 kHz 12207.03125      0.50  6000.00  324993024 3276700.00 Closed.
Rat010ch01F0055.bin:  06/11/07 01:42:04.796-09:05:47.734 32  12 kHz 12207.03125      0.50  6000.00  324993024 3276700.00 Closed.
Rat010ch01F0056.bin:  06/11/07 09:05:47.734-16:29:30.718 32  12 kHz 12207.03125      0.50  6000.00  324993024 3276700.00 Closed.
Rat010ch01F0057.bin:  06/11/07 16:29:30.718-16:29:30.718 32  12 kHz 12207.03125      0.50  6000.00  149028864 3276700.00 Closed.
Rat010ch01F0058.bin:  06/11/07 20:02:30.031-03:26:09.984 32  12 kHz 12207.03125      0.50  6000.00  324960256 3276700.00 Closed.
Rat010ch01F0059.bin:  06/12/07 03:26:09.984-10:49:52.937 32  12 kHz 12207.03125      0.50  6000.00  324993024 3276700.00 Closed.
Rat010ch01F0060.bin:  06/12/07 10:49:52.937-18:13:35.875 32  12 kHz 12207.03125      0.50  6000.00  324993024 3276700.00 Closed.
Rat010ch01F0061.bin:  06/12/07 18:13:35.875-01:37:18.812 32  12 kHz 12207.03125      0.50  6000.00  324993024 3276700.00 Closed.
Rat010ch01F0062.bin:  06/13/07 01:37:18.812-09:01:01.750 32  12 kHz 12207.03125      0.50  6000.00  324993024 3276700.00 Closed.
Rat010ch01F0063.bin:  06/13/07 09:01:01.750-16:24:44.687 32  12 kHz 12207.03125      0.50  6000.00  324993024 3276700.00 Closed.
Rat010ch01F0064.bin:  06/13/07 16:24:44.687-16:24:44.687 32  12 kHz 12207.03125      0.50  6000.00   30048256 3276700.00 Closed.
Rat010ch01F0065.bin:  06/14/07 12:27:41.531-19:51:23.953 32  12 kHz 12207.03125      0.50  6000.00  324993024 3276700.00 Closed.
Rat010ch01F0066.bin:  06/14/07 19:51:23.953-03:15:06.968 32  12 kHz 12207.03125      0.50  6000.00  324993024 3276700.00 Closed.
Rat010ch01F0067.bin:  06/15/07 03:15:06.968-10:38:50.062 32  12 kHz 12207.03125      0.50  6000.00  324993024 3276700.00 Closed.
Rat010ch01F0068.bin:  06/15/07 10:38:50.062-14:51:08.750 32  12 kHz 12207.03125      0.50  6000.00  184778752 3276700.00 Closed.
Rat010ch01F0069.bin:  06/15/07 14:56:03.109-22:19:45.937 32  12 kHz 12207.03125      0.50  6000.00  324993024 3276700.00 Closed.
Rat010ch01F0070.bin:  06/15/07 22:19:45.937-05:43:28.937 32  12 kHz 12207.03125      0.50  6000.00  324993024 3276700.00 Closed.
Rat010ch01F0071.bin:  06/16/07 05:43:28.937-13:07:11.937 32  12 kHz 12207.03125      0.50  6000.00  324993024 3276700.00 Closed.
Rat010ch01F0072.bin:  06/16/07 13:07:11.937-20:30:54.937 32  12 kHz 12207.03125      0.50  6000.00  324993024 3276700.00 Closed.
Rat010ch01F0073.bin:  06/16/07 20:30:54.937-03:54:37.921 32  12 kHz 12207.03125      0.50  6000.00  324993024 3276700.00 Closed.
Rat010ch01F0074.bin:  06/17/07 03:54:37.921-11:18:20.953 32  12 kHz 12207.03125      0.50  6000.00  324993024 3276700.00 Closed.
Rat010ch01F0075.bin:  06/17/07 11:18:20.953-18:42:04.015 32  12 kHz 12207.03125      0.50  6000.00  324993024 3276700.00 Closed.
Rat010ch01F0076.bin:  06/17/07 18:42:04.015-02:05:46.921 32  12 kHz 12207.03125      0.50  6000.00  324993024 3276700.00 Closed.
Rat010ch01F0077.bin:  06/18/07 02:05:46.921-09:29:29.953 32  12 kHz 12207.03125      0.50  6000.00  324993024 3276700.00 Closed.
Rat010ch01F0078.bin:  06/18/07 09:29:29.953-16:53:12.953 32  12 kHz 12207.03125      0.50  6000.00  324993024 3276700.00 Closed.
Rat010ch01F0079.bin:  06/18/07 16:53:12.953-00:16:56.015 32  12 kHz 12207.03125      0.50  6000.00  324993024 3276700.00 Closed.
Rat010ch01F0080.bin:  06/19/07 00:16:56.015-07:40:39.015 32  12 kHz 12207.03125      0.50  6000.00  324993024 3276700.00 Closed.
Rat010ch01F0081.bin:  06/19/07 07:40:39.015-15:04:22.015 32  12 kHz 12207.03125      0.50  6000.00  324993024 3276700.00 Closed.
Rat010ch01F0082.bin:  06/19/07 15:04:22.015-22:28:05.015 32  12 kHz 12207.03125      0.50  6000.00  324993024 3276700.00 Closed.
Rat010ch01F0083.bin:  06/19/07 22:28:05.015-05:51:48.015 32  12 kHz 12207.03125      0.50  6000.00  324993024 3276700.00 Closed.
Rat010ch01F0084.bin:  06/20/07 05:51:48.015-05:51:48.015 32  12 kHz 12207.03125      0.50  6000.00  234881024 3276700.00 Closed.
Rat010ch01F0085.bin:  06/20/07 11:12:57.953-18:36:40.734 32  12 kHz 12207.03125      0.50  6000.00  324993024 3276700.00 Closed.
Rat010ch01F0086.bin:  06/20/07 18:36:40.734-02:00:23.796 32  12 kHz 12207.03125      0.50  6000.00  324993024 3276700.00 Closed.
Rat010ch01F0087.bin:  06/21/07 02:00:23.796-09:24:06.796 32  12 kHz 12207.03125      0.50  6000.00  324993024 3276700.00 Closed.
Rat010ch01F0088.bin:  06/21/07 09:24:06.796-16:47:49.796 32  12 kHz 12207.03125      0.50  6000.00  324993024 3276700.00 Closed.
Rat010ch01F0089.bin:  06/21/07 16:47:49.796-00:11:32.796 32  12 kHz 12207.03125      0.50  6000.00  324993024 3276700.00 Closed.
Rat010ch01F0090.bin:  06/22/07 00:11:32.796-07:35:15.875 32  12 kHz 12207.03125      0.50  6000.00  324993024 3276700.00 Closed.
Rat010ch01F0091.bin:  06/22/07 07:35:15.875-11:09:06.890 32  12 kHz 12207.03125      0.50  6000.00  324993024 3276700.00 Closed.
Rat010ch01F0092.bin:  06/22/07 11:44:55.125-19:08:37.937 32  12 kHz 12207.03125      0.50  6000.00  324993024 3276700.00 Closed.
Rat010ch01F0093.bin:  06/22/07 19:08:37.937-02:32:20.937 32  12 kHz 12207.03125      0.50  6000.00  324993024 3276700.00 Closed.
Rat010ch01F0094.bin:  06/23/07 02:32:20.937-09:56:04.000 32  12 kHz 12207.03125      0.50  6000.00  324993024 3276700.00 Closed.
Rat010ch01F0095.bin:  06/23/07 09:56:04.000-17:19:47.000 32  12 kHz 12207.03125      0.50  6000.00  324993024 3276700.00 Closed.
Rat010ch01F0096.bin:  06/23/07 17:19:47.000-00:43:30.015 32  12 kHz 12207.03125      0.50  6000.00  324993024 3276700.00 Closed.
Rat010ch01F0097.bin:  06/24/07 00:43:30.015-08:07:12.968 32  12 kHz 12207.03125      0.50  6000.00  324993024 3276700.00 Closed.
Rat010ch01F0098.bin:  06/24/07 08:07:12.968-15:30:55.968 32  12 kHz 12207.03125      0.50  6000.00  324993024 3276700.00 Closed.
Rat010ch01F0099.bin:  06/24/07 15:30:55.968-22:54:38.968 32  12 kHz 12207.03125      0.50  6000.00  324993024 3276700.00 Closed.
Rat010ch01F0100.bin:  06/24/07 22:54:38.968-06:18:22.031 32  12 kHz 12207.03125      0.50  6000.00  324993024 3276700.00 Closed.
Rat010ch01F0101.bin:  06/25/07 06:18:22.031-07:47:47.265 32  12 kHz 12207.03125      0.50  6000.00  324993024 3276700.00 Closed.
Rat010ch01F0102.bin:  06/25/07 11:13:35.343-18:37:18.203 32  12 kHz 12207.03125      0.50  6000.00  324993024 3276700.00 Closed.
Rat010ch01F0103.bin:  06/25/07 18:37:18.203-02:01:01.203 32  12 kHz 12207.03125      0.50  6000.00  324993024 3276700.00 Closed.
Rat010ch01F0104.bin:  06/26/07 02:01:01.203-09:24:44.203 32  12 kHz 12207.03125      0.50  6000.00  324993024 3276700.00 Closed.
Rat010ch01F0105.bin:  06/26/07 09:24:44.203-16:48:27.203 32  12 kHz 12207.03125      0.50  6000.00  324993024 3276700.00 Closed.
Rat010ch01F0106.bin:  06/26/07 16:48:27.203-00:12:10.203 32  12 kHz 12207.03125      0.50  6000.00  324993024 3276700.00 Closed.
Rat010ch01F0107.bin:  06/27/07 00:12:10.203-07:35:53.203 32  12 kHz 12207.03125      0.50  6000.00  324993024 3276700.00 Closed.
Rat010ch01F0108.bin:  06/27/07 07:35:53.203-14:59:36.187 32  12 kHz 12207.03125      0.50  6000.00  324993024 3276700.00 Closed.
Rat010ch01F0109.bin:  06/27/07 14:59:36.187-14:59:36.187 32  12 kHz 12207.03125      0.50  6000.00    5767168 3276700.00 Closed.
Rat010ch01F0110.bin:  06/27/07 15:40:26.156-15:59:37.593 32  12 kHz 12207.03125      0.50  6000.00    1540096 3276700.00 Closed.
Rat010ch01F0111.bin:  06/27/07 15:59:37.593-23:23:20.203 32  12 kHz 12207.03125      0.50  6000.00  324993024 3276700.00 Closed.
Rat010ch01F0112.bin:  06/27/07 23:23:20.203-06:47:03.203 32  12 kHz 12207.03125      0.50  6000.00  324993024 3276700.00 Closed.
Rat010ch01F0113.bin:  06/28/07 06:47:03.203-14:10:46.171 32  12 kHz 12207.03125      0.50  6000.00  324993024 3276700.00 Closed.
Rat010ch01F0114.bin:  06/28/07 14:10:46.171-21:34:29.187 32  12 kHz 12207.03125      0.50  6000.00  324993024 3276700.00 Closed.
Rat010ch01F0115.bin:  06/28/07 21:34:29.187-04:58:12.187 32  12 kHz 12207.03125      0.50  6000.00  324993024 3276700.00 Closed.
Rat010ch01F0116.bin:  06/29/07 04:58:12.187-12:21:55.187 32  12 kHz 12207.03125      0.50  6000.00  324993024 3276700.00 Closed.
Rat010ch01F0117.bin:  06/29/07 12:21:55.187-19:45:38.187 32  12 kHz 12207.03125      0.50  6000.00  324993024 3276700.00 Closed.
Rat010ch01F0118.bin:  06/29/07 19:45:38.187-03:09:21.187 32  12 kHz 12207.03125      0.50  6000.00  324993024 3276700.00 Closed.
Rat010ch01F0119.bin:  06/30/07 03:09:21.187-10:33:04.203 32  12 kHz 12207.03125      0.50  6000.00  324993024 3276700.00 Closed.
Rat010ch01F0120.bin:  06/30/07 10:33:04.203-17:56:47.203 32  12 kHz 12207.03125      0.50  6000.00  324993024 3276700.00 Closed.
Rat010ch01F0121.bin:  06/30/07 17:56:47.203-01:20:30.203 32  12 kHz 12207.03125      0.50  6000.00  324993024 3276700.00 Closed.
Rat010ch01F0122.bin:  07/01/07 01:20:30.203-08:44:13.203 32  12 kHz 12207.03125      0.50  6000.00  324993024 3276700.00 Closed.
Rat010ch01F0123.bin:  07/01/07 08:44:13.203-11:21:48.265 32  12 kHz 12207.03125      0.50  6000.00  115408896 3276700.00 Closed.
Rat010ch01F0124.bin:  07/01/07 11:22:05.015-11:22:07.703 32  12 kHz 12207.03125      0.50  6000.00      32768 3276700.00 Closed.
Rat010ch01F0125.bin:  07/01/07 11:24:12.015-18:47:50.593 12  12 kHz 12207.03125      0.50  6000.00  324960256 3276700.00 Closed.
Rat010ch01F0126.bin:  07/01/07 18:47:50.593-02:11:33.593 12  12 kHz 12207.03125      0.50  6000.00  324993024 3276700.00 Closed.
Rat010ch01F0127.bin:  07/02/07 02:11:33.593-09:35:16.593 12  12 kHz 12207.03125      0.50  6000.00  324993024 3276700.00 Closed.
Rat010ch01F0128.bin:  07/02/07 09:35:16.593-09:59:31.593 12  12 kHz 12207.03125      0.50  6000.00   17760256 3276700.00 Closed.
Rat010ch01F0129.bin:  07/02/07 10:01:26.156-17:25:02.937 16  12 kHz 12207.03125      0.50  6000.00  324927488 3276700.00 Closed.
Rat010ch01F0130.bin:  07/02/07 17:25:02.937-00:48:45.937 16  12 kHz 12207.03125      0.50  6000.00  324993024 3276700.00 Closed.
Rat010ch01F0131.bin:  07/03/07 00:48:45.937-08:12:29.000 16  12 kHz 12207.03125      0.50  6000.00  324993024 3276700.00 Closed.
Rat010ch01F0132.bin:  07/03/07 08:12:29.000-08:12:29.000 16  12 kHz 12207.03125      0.50  6000.00  138215424 3276700.00 Closed.
Rat010ch01F0133.bin:  07/03/07 11:21:40.359-18:45:23.125 32  12 kHz 12207.03125      0.50  6000.00  324993024 3276700.00 Closed.
Rat010ch01F0134.bin:  07/03/07 18:45:23.125-02:09:06.140 32  12 kHz 12207.03125      0.50  6000.00  324993024 3276700.00 Closed.
Rat010ch01F0135.bin:  07/04/07 02:09:06.140-09:32:49.156 32  12 kHz 12207.03125      0.50  6000.00  324993024 3276700.00 Closed.
Rat010ch01F0136.bin:  07/04/07 09:32:49.156-16:56:32.109 32  12 kHz 12207.03125      0.50  6000.00  324993024 3276700.00 Closed.
Rat010ch01F0137.bin:  07/04/07 16:56:32.109-00:20:15.125 32  12 kHz 12207.03125      0.50  6000.00  324993024 3276700.00 Closed.
Rat010ch01F0138.bin:  07/05/07 00:20:15.125-07:43:58.140 32  12 kHz 12207.03125      0.50  6000.00  324993024 3276700.00 Closed.
Rat010ch01F0139.bin:  07/05/07 07:43:58.140-07:43:58.140 32  12 kHz 12207.03125      0.50  6000.00   85295104 3276700.00 Closed.
Rat010ch01F0140.bin:  07/05/07 09:41:15.609-17:04:58.031 32  12 kHz 12207.03125      0.50  6000.00  324993024 3276700.00 Closed.
Rat010ch01F0141.bin:  07/05/07 17:04:58.031-00:28:41.031 32  12 kHz 12207.03125      0.50  6000.00  324993024 3276700.00 Closed.
Rat010ch01F0142.bin:  07/06/07 00:28:41.031-07:52:24.031 32  12 kHz 12207.03125      0.50  6000.00  324993024 3276700.00 Closed.
Rat010ch01F0143.bin:  07/06/07 07:52:24.031-07:52:24.031 32  12 kHz 12207.03125      0.50  6000.00  152535040 3276700.00 Closed.
Rat010ch01F0144.bin:  07/06/07 11:21:08.906-12:00:48.359 32  12 kHz 12207.03125      0.50  6000.00   19005440 3276700.00 Closed.
Rat010ch01F0145.bin:  07/06/07 12:00:48.359-14:35:24.343 32  12 kHz 12207.03125      0.50  6000.00  108101632 3276700.00 Closed.
Rat010ch01F0146.bin:  07/06/07 14:35:24.343-15:51:38.437 32  12 kHz 12207.03125      0.50  6000.00    6094848 3276700.00 Closed.
Rat010ch01F0147.bin:  07/06/07 15:51:38.437-23:15:20.750 32  12 kHz 12207.03125      0.50  6000.00  324993024 3276700.00 Closed.
Rat010ch01F0148.bin:  07/06/07 23:15:20.750-06:39:03.750 32  12 kHz 12207.03125      0.50  6000.00  324993024 3276700.00 Closed.
Rat010ch01F0149.bin:  07/07/07 06:39:03.750-14:02:46.750 32  12 kHz 12207.03125      0.50  6000.00  324993024 3276700.00 Closed.
Rat010ch01F0150.bin:  07/07/07 14:02:46.750-21:26:29.750 32  12 kHz 12207.03125      0.50  6000.00  324993024 3276700.00 Closed.
Rat010ch01F0151.bin:  07/07/07 21:26:29.750-04:50:12.812 32  12 kHz 12207.03125      0.50  6000.00  324993024 3276700.00 Closed.
Rat010ch01F0152.bin:  07/08/07 04:50:12.812-12:13:55.812 32  12 kHz 12207.03125      0.50  6000.00  324993024 3276700.00 Closed.
Rat010ch01F0153.bin:  07/08/07 12:13:55.812-19:37:38.812 32  12 kHz 12207.03125      0.50  6000.00  324993024 3276700.00 Closed.
Rat010ch01F0154.bin:  07/08/07 19:37:38.812-03:01:21.812 32  12 kHz 12207.03125      0.50  6000.00  324993024 3276700.00 Closed.
Rat010ch01F0155.bin:  07/09/07 03:01:21.812-03:01:21.812 32  12 kHz 12207.03125      0.50  6000.00  319717376 3276700.00 Closed.
Rat010ch01F0156.bin:  07/09/07 10:35:43.281-17:59:25.906 32  12 kHz 12207.03125      0.50  6000.00  324993024 3276700.00 Closed.
Rat010ch01F0157.bin:  07/09/07 17:59:25.906-01:23:08.906 32  12 kHz 12207.03125      0.50  6000.00  324993024 3276700.00 Closed.
Rat010ch01F0158.bin:  07/10/07 01:23:08.906-08:46:51.906 32  12 kHz 12207.03125      0.50  6000.00  324993024 3276700.00 Closed.
Rat010ch01F0159.bin:  07/10/07 08:46:51.906-10:09:22.890 32  12 kHz 12207.03125      0.50  6000.00   60424192 3276700.00 Closed.
Rat010ch01F0160.bin:  07/10/07 10:19:37.234-17:43:20.109 32  12 kHz 12207.03125      0.50  6000.00  324993024 3276700.00 Closed.
Rat010ch01F0161.bin:  07/10/07 17:43:20.109-01:07:03.125 32  12 kHz 12207.03125      0.50  6000.00  324993024 3276700.00 Closed.
Rat010ch01F0162.bin:  07/11/07 01:07:03.125-08:30:46.125 32  12 kHz 12207.03125      0.50  6000.00  324993024 3276700.00 Closed.
Rat010ch01F0163.bin:  07/11/07 08:30:46.125-15:54:29.109 32  12 kHz 12207.03125      0.50  6000.00  324993024 3276700.00 Closed.
Rat010ch01F0164.bin:  07/11/07 15:54:29.109-23:18:12.109 32  12 kHz 12207.03125      0.50  6000.00  324993024 3276700.00 Closed.
Rat010ch01F0165.bin:  07/11/07 23:18:12.109-06:41:55.171 32  12 kHz 12207.03125      0.50  6000.00  324993024 3276700.00 Closed.
Rat010ch01F0166.bin:  07/12/07 06:41:55.171-14:05:38.156 32  12 kHz 12207.03125      0.50  6000.00  324993024 3276700.00 Closed.
Rat010ch01F0167.bin:  07/12/07 14:05:38.156-21:29:21.171 32  12 kHz 12207.03125      0.50  6000.00  324993024 3276700.00 Closed.
Rat010ch01F0168.bin:  07/12/07 21:29:21.171-04:53:04.250 32  12 kHz 12207.03125      0.50  6000.00  324993024 3276700.00 Closed.
Rat010ch01F0169.bin:  07/13/07 04:53:04.250-12:16:47.265 32  12 kHz 12207.03125      0.50  6000.00  324993024 3276700.00 Closed.
Rat010ch01F0170.bin:  07/13/07 12:16:47.265-19:40:30.328 32  12 kHz 12207.03125      0.50  6000.00  324993024 3276700.00 Closed.
Rat010ch01F0171.bin:  07/13/07 19:40:30.328-03:04:13.328 32  12 kHz 12207.03125      0.50  6000.00  324993024 3276700.00 Closed.
Rat010ch01F0172.bin:  07/14/07 03:04:13.328-10:27:56.343 32  12 kHz 12207.03125      0.50  6000.00  324993024 3276700.00 Closed.
Rat010ch01F0173.bin:  07/14/07 10:27:56.343-17:51:39.359 32  12 kHz 12207.03125      0.50  6000.00  324993024 3276700.00 Closed.
Rat010ch01F0174.bin:  07/14/07 17:51:39.359-01:15:22.375 32  12 kHz 12207.03125      0.50  6000.00  324993024 3276700.00 Closed.
Rat010ch01F0175.bin:  07/15/07 01:15:22.375-08:39:05.375 32  12 kHz 12207.03125      0.50  6000.00  324993024 3276700.00 Closed.
Rat010ch01F0176.bin:  07/15/07 08:39:05.375-16:02:48.375 32  12 kHz 12207.03125      0.50  6000.00  324993024 3276700.00 Closed.
Rat010ch01F0177.bin:  07/15/07 16:02:48.375-23:26:31.375 32  12 kHz 12207.03125      0.50  6000.00  324993024 3276700.00 Closed.
Rat010ch01F0178.bin:  07/15/07 23:26:31.375-06:50:14.375 32  12 kHz 12207.03125      0.50  6000.00  324993024 3276700.00 Closed.
Rat010ch01F0179.bin:  07/16/07 06:50:14.375-06:50:14.375 32  12 kHz 12207.03125      0.50  6000.00  137035776 3276700.00 Closed.
Rat010ch01F0180.bin:  07/16/07 09:58:13.078-17:21:55.734 32  12 kHz 12207.03125      0.50  6000.00  324993024 3276700.00 Closed.
Rat010ch01F0181.bin:  07/16/07 17:21:55.734-00:45:38.734 32  12 kHz 12207.03125      0.50  6000.00  324993024 3276700.00 Closed.
Rat010ch01F0182.bin:  07/17/07 00:45:38.734-08:09:21.734 32  12 kHz 12207.03125      0.50  6000.00  324993024 3276700.00 Closed.
Rat010ch01F0183.bin:  07/17/07 08:09:21.734-15:33:04.718 32  12 kHz 12207.03125      0.50  6000.00  324993024 3276700.00 Closed.
Rat010ch01F0184.bin:  07/17/07 15:33:04.718-22:56:47.718 32  12 kHz 12207.03125      0.50  6000.00  324993024 3276700.00 Closed.
Rat010ch01F0185.bin:  07/17/07 22:56:47.718-06:20:30.718 32  12 kHz 12207.03125      0.50  6000.00  324993024 3276700.00 Closed.
Rat010ch01F0186.bin:  07/18/07 06:20:30.718-06:20:30.718 32  12 kHz 12207.03125      0.50  6000.00  181043200 3276700.00 Closed.
Rat010ch01F0187.bin:  07/18/07 10:28:31.218-17:52:14.046 32  12 kHz 12207.03125      0.50  6000.00  324993024 3276700.00 Closed.
Rat010ch01F0188.bin:  07/18/07 17:52:14.046-01:15:57.046 32  12 kHz 12207.03125      0.50  6000.00  324993024 3276700.00 Closed.
Rat010ch01F0189.bin:  07/19/07 01:15:57.046-08:39:40.046 32  12 kHz 12207.03125      0.50  6000.00  324993024 3276700.00 Closed.
Rat010ch01F0190.bin:  07/19/07 08:39:40.046-16:03:23.109 32  12 kHz 12207.03125      0.50  6000.00  324993024 3276700.00 Closed.
Rat010ch01F0191.bin:  07/19/07 16:03:23.109-23:27:06.109 32  12 kHz 12207.03125      0.50  6000.00  324993024 3276700.00 Closed.
Rat010ch01F0192.bin:  07/19/07 23:27:06.109-06:50:49.109 32  12 kHz 12207.03125      0.50  6000.00  324993024 3276700.00 Closed.
Rat010ch01F0193.bin:  07/20/07 06:50:49.109-06:50:49.109 32  12 kHz 12207.03125      0.50  6000.00  143589376 3276700.00 Closed.
Rat010ch01F0194.bin:  07/20/07 10:07:15.500-13:28:40.140 32  12 kHz 12207.03125      0.50  6000.00  147521536 3276700.00 Closed.
