Rat#..CH#.File..bin:    Date         Time Period        Chs   Rate    Actual           Band-Pass      Samples   Scale    Status 
Rat009ch01F0001.bin:  05/14/07 10:09:37.484-17:33:20.234 32  12 kHz 12207.03125      0.50  6000.00  324993024 3276700.00 Closed.
Rat009ch01F0002.bin:  05/14/07 17:33:20.234-00:57:03.234 32  12 kHz 12207.03125      0.50  6000.00  324993024 3276700.00 Closed.
Rat009ch01F0003.bin:  05/15/07 11:09:10.250-18:32:53.062 32  12 kHz 12207.03125      0.50  6000.00  324993024 3276700.00 Closed.
Rat009ch01F0004.bin:  05/15/07 18:32:53.062-01:56:36.062 32  12 kHz 12207.03125      0.50  6000.00  324993024 3276700.00 Closed.
Rat009ch01F0005.bin:  05/16/07 14:32:02.937-21:55:45.750 32  12 kHz 12207.03125      0.50  6000.00  324993024 3276700.00 Closed.
Rat009ch01F0006.bin:  05/16/07 21:55:45.750-05:19:28.750 32  12 kHz 12207.03125      0.50  6000.00  324993024 3276700.00 Closed.
Rat009ch01F0007.bin:  05/17/07 09:56:22.390-10:48:38.125 32  12 kHz 12207.03125      0.50  6000.00          0 3276700.00 Closed.
Rat009ch01F0008.bin:  05/17/07 11:12:13.296-18:35:48.625 32  12 kHz 12207.03125      0.50  6000.00  324927488 3276700.00 Closed.
Rat009ch01F0009.bin:  05/17/07 18:35:48.625-01:59:31.578 32  12 kHz 12207.03125      0.50  6000.00  324993024 3276700.00 Closed.
Rat009ch01F0010.bin:  05/18/07 01:59:31.578-09:23:14.500 32  12 kHz 12207.03125      0.50  6000.00  324993024 3276700.00 Closed.
Rat009ch01F0011.bin:  05/18/07 09:23:14.500-13:26:17.781 32  12 kHz 12207.03125      0.50  6000.00          0 3276700.00 Closed.
Rat009ch01F0012.bin:  05/18/07 13:36:56.390-21:00:39.187 32  12 kHz 12207.03125      0.50  6000.00  324993024 3276700.00 Closed.
Rat009ch01F0013.bin:  05/18/07 21:00:39.187-04:24:22.125 32  12 kHz 12207.03125      0.50  6000.00  324993024 3276700.00 Closed.
Rat009ch01F0014.bin:  05/19/07 04:24:22.125-11:48:05.125 32  12 kHz 12207.03125      0.50  6000.00  324993024 3276700.00 Closed.
Rat009ch01F0015.bin:  05/19/07 11:48:05.125-19:11:48.078 32  12 kHz 12207.03125      0.50  6000.00  324993024 3276700.00 Closed.
Rat009ch01F0016.bin:  05/19/07 19:11:48.078-02:35:31.015 32  12 kHz 12207.03125      0.50  6000.00  324993024 3276700.00 Closed.
Rat009ch01F0017.bin:  05/20/07 02:35:31.015-09:59:13.968 32  12 kHz 12207.03125      0.50  6000.00  324993024 3276700.00 Closed.
Rat009ch01F0018.bin:  05/20/07 09:59:13.968-17:22:56.968 32  12 kHz 12207.03125      0.50  6000.00  324993024 3276700.00 Closed.
Rat009ch01F0019.bin:  05/20/07 17:22:56.968-00:46:39.906 32  12 kHz 12207.03125      0.50  6000.00  324993024 3276700.00 Closed.
Rat009ch01F0020.bin:  05/21/07 00:46:39.906-08:10:22.843 32  12 kHz 12207.03125      0.50  6000.00  324993024 3276700.00 Closed.
Rat009ch01F0021.bin:  05/21/07 08:10:22.843-09:13:48.843 32  12 kHz 12207.03125      0.50  6000.00   46432256 3276700.00 Closed.
Rat009ch01F0022.bin:  05/21/07 09:26:38.218-11:59:09.343 32  12 kHz 12207.03125      0.50  6000.00  111706112 3276700.00 Closed.
Rat009ch01F0024.bin:  05/21/07 16:19:15.578-23:42:58.421 32  12 kHz 12207.03125      0.50  6000.00  324993024 3276700.00 Closed.
Rat009ch01F0025.bin:  05/21/07 23:42:58.421-07:06:41.359 32  12 kHz 12207.03125      0.50  6000.00  324993024 3276700.00 Closed.
Rat009ch01F0026.bin:  05/22/07 07:06:41.359-14:30:24.375 32  12 kHz 12207.03125      0.50  6000.00  324993024 3276700.00 Closed.
Rat009ch01F0029.bin:  05/24/07 12:21:12.890-19:44:55.328 32  12 kHz 12207.03125      0.50  6000.00  324993024 3276700.00 Closed.
Rat009ch01F0030.bin:  05/24/07 19:44:55.328-03:08:38.343 32  12 kHz 12207.03125      0.50  6000.00  324993024 3276700.00 Closed.
Rat009ch01F0031.bin:  05/25/07 03:08:38.343-08:59:34.250 32  12 kHz 12207.03125      0.50  6000.00  257032192 3276700.00 Closed.
Rat009ch01F0032.bin:  05/25/07 11:09:31.937-18:33:14.890 32  12 kHz 12207.03125      0.50  6000.00  324993024 3276700.00 Closed.
Rat009ch01F0033.bin:  05/25/07 18:33:14.890-01:56:57.890 32  12 kHz 12207.03125      0.50  6000.00  324993024 3276700.00 Closed.
Rat009ch01F0034.bin:  05/26/07 01:56:57.890-09:20:40.828 32  12 kHz 12207.03125      0.50  6000.00  324993024 3276700.00 Closed.
Rat009ch01F0035.bin:  05/26/07 09:20:40.828-16:44:23.765 32  12 kHz 12207.03125      0.50  6000.00  324993024 3276700.00 Closed.
Rat009ch01F0036.bin:  05/26/07 16:44:23.765-00:08:06.750 32  12 kHz 12207.03125      0.50  6000.00  324993024 3276700.00 Closed.
Rat009ch01F0037.bin:  05/27/07 00:08:06.750-07:31:49.703 32  12 kHz 12207.03125      0.50  6000.00  324993024 3276700.00 Closed.
Rat009ch01F0038.bin:  05/27/07 07:31:49.703-14:56:39.921 32  12 kHz 12207.03125      0.50  6000.00  324993024 3276700.00 Closed.
Rat009ch01F0039.bin:  05/27/07 14:56:39.921-22:20:22.750 32  12 kHz 12207.03125      0.50  6000.00  324993024 3276700.00 Closed.
Rat009ch01F0040.bin:  05/27/07 22:20:22.750-05:44:05.687 32  12 kHz 12207.03125      0.50  6000.00  324993024 3276700.00 Closed.
Rat009ch01F0041.bin:  05/28/07 05:44:05.687-13:07:48.625 32  12 kHz 12207.03125      0.50  6000.00  324993024 3276700.00 Closed.
Rat009ch01F0042.bin:  05/28/07 13:07:48.625-20:31:31.625 32  12 kHz 12207.03125      0.50  6000.00  324993024 3276700.00 Closed.
Rat009ch01F0043.bin:  05/28/07 20:31:31.625-03:55:14.562 32  12 kHz 12207.03125      0.50  6000.00  324993024 3276700.00 Closed.
Rat009ch01F0044.bin:  05/29/07 03:55:14.562-11:18:57.500 32  12 kHz 12207.03125      0.50  6000.00  324993024 3276700.00 Closed.
Rat009ch01F0045.bin:  05/29/07 11:18:57.500-18:42:40.468 32  12 kHz 12207.03125      0.50  6000.00  324993024 3276700.00 Closed.
Rat009ch01F0046.bin:  05/29/07 18:42:40.468-02:06:23.406 32  12 kHz 12207.03125      0.50  6000.00  324993024 3276700.00 Closed.
Rat009ch01F0047.bin:  05/30/07 02:06:23.406-09:30:06.343 32  12 kHz 12207.03125      0.50  6000.00  324993024 3276700.00 Closed.
Rat009ch01F0048.bin:  05/30/07 09:30:06.343-13:57:01.343 32  12 kHz 12207.03125      0.50  6000.00  195493888 3276700.00 Closed.
Rat009ch01F0049.bin:  05/30/07 13:57:37.359-21:21:20.140 32  12 kHz 12207.03125      0.50  6000.00  324993024 3276700.00 Closed.
Rat009ch01F0050.bin:  05/30/07 21:21:20.140-04:45:03.078 32  12 kHz 12207.03125      0.50  6000.00  324993024 3276700.00 Closed.
Rat009ch01F0051.bin:  05/31/07 04:45:03.078-11:19:12.250 32  12 kHz 12207.03125      0.50  6000.00  324993024 3276700.00 Closed.
Rat009ch01F0052.bin:  06/01/07 15:10:14.250-22:33:56.812 32  12 kHz 12207.03125      0.50  6000.00  324993024 3276700.00 Closed.
Rat009ch01F0053.bin:  06/01/07 22:33:56.812-05:57:40.984 32  12 kHz 12207.03125      0.50  6000.00  324993024 3276700.00 Closed.
Rat009ch01F0054.bin:  06/02/07 05:57:40.984-13:21:22.734 32  12 kHz 12207.03125      0.50  6000.00  324993024 3276700.00 Closed.
Rat009ch01F0055.bin:  06/02/07 13:21:22.734-20:45:05.656 32  12 kHz 12207.03125      0.50  6000.00  324993024 3276700.00 Closed.
Rat009ch01F0056.bin:  06/02/07 20:45:05.656-04:08:48.609 32  12 kHz 12207.03125      0.50  6000.00  324993024 3276700.00 Closed.
Rat009ch01F0057.bin:  06/03/07 04:08:48.609-11:32:31.593 32  12 kHz 12207.03125      0.50  6000.00  324993024 3276700.00 Closed.
Rat009ch01F0058.bin:  06/03/07 11:32:31.593-14:54:15.609 32  12 kHz 12207.03125      0.50  6000.00  147750912 3276700.00 Closed.
Rat009ch01F0059.bin:  06/03/07 14:54:41.187-22:18:23.984 32  12 kHz 12207.03125      0.50  6000.00  324993024 3276700.00 Closed.
Rat009ch01F0060.bin:  06/03/07 22:18:23.984-05:42:06.984 32  12 kHz 12207.03125      0.50  6000.00  324993024 3276700.00 Closed.
Rat009ch01F0061.bin:  06/04/07 05:42:06.984-09:40:10.781 32  12 kHz 12207.03125      0.50  6000.00  174358528 3276700.00 Closed.
Rat009ch01F0063.bin:  06/04/07 14:17:17.796-21:41:00.515 32  12 kHz 12207.03125      0.50  6000.00  324993024 3276700.00 Closed.
Rat009ch01F0064.bin:  06/04/07 21:41:00.515-05:04:43.453 32  12 kHz 12207.03125      0.50  6000.00  324993024 3276700.00 Closed.
Rat009ch01F0065.bin:  06/05/07 05:04:43.453-12:28:26.453 32  12 kHz 12207.03125      0.50  6000.00  324993024 3276700.00 Closed.
Rat009ch01F0066.bin:  06/05/07 12:28:26.453-19:52:09.390 32  12 kHz 12207.03125      0.50  6000.00  324993024 3276700.00 Closed.
Rat009ch01F0067.bin:  06/05/07 19:52:09.390-03:15:52.328 32  12 kHz 12207.03125      0.50  6000.00  324993024 3276700.00 Closed.
Rat009ch01F0068.bin:  06/06/07 03:15:52.328-10:39:35.265 32  12 kHz 12207.03125      0.50  6000.00  324993024 3276700.00 Closed.
Rat009ch01F0069.bin:  06/06/07 10:39:35.265-18:03:18.171 32  12 kHz 12207.03125      0.50  6000.00  324993024 3276700.00 Closed.
Rat009ch01F0070.bin:  06/06/07 18:03:18.171-01:27:01.171 32  12 kHz 12207.03125      0.50  6000.00  324993024 3276700.00 Closed.
Rat009ch01F0071.bin:  06/07/07 01:27:01.171-08:50:44.109 32  12 kHz 12207.03125      0.50  6000.00  324993024 3276700.00 Closed.
Rat009ch01F0072.bin:  06/07/07 08:50:44.109-16:14:27.062 32  12 kHz 12207.03125      0.50  6000.00  324993024 3276700.00 Closed.
Rat009ch01F0073.bin:  06/07/07 16:14:27.062-23:38:10.015 32  12 kHz 12207.03125      0.50  6000.00  324993024 3276700.00 Closed.
Rat009ch01F0074.bin:  06/07/07 23:38:10.015-07:01:52.937 32  12 kHz 12207.03125      0.50  6000.00  324993024 3276700.00 Closed.
Rat009ch01F0075.bin:  06/08/07 07:01:52.937-09:53:18.578 32  12 kHz 12207.03125      0.50  6000.00  125534208 3276700.00 Closed.
Rat009ch01F0076.bin:  06/08/07 09:53:53.828-11:55:02.484 32  12 kHz 12207.03125      0.50  6000.00  324993024 3276700.00 Closed.
Rat009ch01F0077.bin:  06/08/07 13:09:59.765-13:12:37.750 32  12 kHz 12207.03125      0.50  6000.00    1933312 3276700.00 Closed.
Rat009ch01F0078.bin:  06/08/07 13:13:55.015-20:37:37.843 32  12 kHz 12207.03125      0.50  6000.00  324993024 3276700.00 Closed.
Rat009ch01F0079.bin:  06/08/07 20:37:37.843-04:01:20.265 32  12 kHz 12207.03125      0.50  6000.00  324993024 3276700.00 Closed.
Rat009ch01F0080.bin:  06/09/07 04:01:20.265-11:25:03.265 32  12 kHz 12207.03125      0.50  6000.00  324993024 3276700.00 Closed.
Rat009ch01F0081.bin:  06/09/07 11:25:03.265-18:48:46.203 32  12 kHz 12207.03125      0.50  6000.00  324993024 3276700.00 Closed.
Rat009ch01F0082.bin:  06/09/07 18:48:46.203-02:12:29.203 32  12 kHz 12207.03125      0.50  6000.00  324993024 3276700.00 Closed.
Rat009ch01F0083.bin:  06/10/07 02:12:29.203-09:36:12.140 32  12 kHz 12207.03125      0.50  6000.00  324993024 3276700.00 Closed.
Rat009ch01F0084.bin:  06/10/07 09:36:12.140-16:59:55.125 32  12 kHz 12207.03125      0.50  6000.00  324993024 3276700.00 Closed.
Rat009ch01F0087.bin:  06/10/07 18:18:22.406-01:42:04.796 32  12 kHz 12207.03125      0.50  6000.00  324993024 3276700.00 Closed.
Rat009ch01F0088.bin:  06/11/07 01:42:04.796-09:05:47.734 32  12 kHz 12207.03125      0.50  6000.00  324993024 3276700.00 Closed.
Rat009ch01F0089.bin:  06/11/07 09:05:47.734-16:29:30.718 32  12 kHz 12207.03125      0.50  6000.00  324993024 3276700.00 Closed.
Rat009ch01F0091.bin:  06/11/07 20:02:30.031-03:26:09.984 32  12 kHz 12207.03125      0.50  6000.00  324960256 3276700.00 Closed.
Rat009ch01F0092.bin:  06/12/07 03:26:09.984-10:49:52.937 32  12 kHz 12207.03125      0.50  6000.00  324993024 3276700.00 Closed.
Rat009ch01F0093.bin:  06/12/07 10:49:52.937-18:13:35.875 32  12 kHz 12207.03125      0.50  6000.00  324993024 3276700.00 Closed.
Rat009ch01F0094.bin:  06/12/07 18:13:35.875-01:37:18.812 32  12 kHz 12207.03125      0.50  6000.00  324993024 3276700.00 Closed.
Rat009ch01F0095.bin:  06/13/07 01:37:18.812-09:01:01.750 32  12 kHz 12207.03125      0.50  6000.00  324993024 3276700.00 Closed.
Rat009ch01F0096.bin:  06/13/07 09:01:01.750-16:24:44.687 32  12 kHz 12207.03125      0.50  6000.00  324993024 3276700.00 Closed.
Rat009ch01F0098.bin:  06/14/07 12:27:41.531-19:51:23.953 32  12 kHz 12207.03125      0.50  6000.00  324993024 3276700.00 Closed.
Rat009ch01F0099.bin:  06/14/07 19:51:23.953-03:15:06.968 32  12 kHz 12207.03125      0.50  6000.00  324993024 3276700.00 Closed.
Rat009ch01F0100.bin:  06/15/07 03:15:06.968-10:38:50.062 32  12 kHz 12207.03125      0.50  6000.00  324993024 3276700.00 Closed.
Rat009ch01F0101.bin:  06/15/07 10:38:50.062-14:51:08.750 32  12 kHz 12207.03125      0.50  6000.00  184778752 3276700.00 Closed.
Rat009ch01F0102.bin:  06/15/07 14:56:03.109-22:19:45.937 32  12 kHz 12207.03125      0.50  6000.00  324993024 3276700.00 Closed.
Rat009ch01F0103.bin:  06/15/07 22:19:45.937-05:43:28.937 32  12 kHz 12207.03125      0.50  6000.00  324993024 3276700.00 Closed.
Rat009ch01F0104.bin:  06/16/07 05:43:28.937-13:07:11.937 32  12 kHz 12207.03125      0.50  6000.00  324993024 3276700.00 Closed.
Rat009ch01F0105.bin:  06/16/07 13:07:11.937-20:30:54.937 32  12 kHz 12207.03125      0.50  6000.00  324993024 3276700.00 Closed.
Rat009ch01F0106.bin:  06/16/07 20:30:54.937-03:54:37.921 32  12 kHz 12207.03125      0.50  6000.00  324993024 3276700.00 Closed.
Rat009ch01F0107.bin:  06/17/07 03:54:37.921-11:18:20.953 32  12 kHz 12207.03125      0.50  6000.00  324993024 3276700.00 Closed.
Rat009ch01F0108.bin:  06/17/07 11:18:20.953-18:42:04.015 32  12 kHz 12207.03125      0.50  6000.00  324993024 3276700.00 Closed.
Rat009ch01F0109.bin:  06/17/07 18:42:04.015-02:05:46.921 32  12 kHz 12207.03125      0.50  6000.00  324993024 3276700.00 Closed.
Rat009ch01F0110.bin:  06/18/07 02:05:46.921-09:29:29.953 32  12 kHz 12207.03125      0.50  6000.00  324993024 3276700.00 Closed.
Rat009ch01F0111.bin:  06/18/07 09:29:29.953-16:53:12.953 32  12 kHz 12207.03125      0.50  6000.00  324993024 3276700.00 Closed.
Rat009ch01F0112.bin:  06/18/07 16:53:12.953-00:16:56.015 32  12 kHz 12207.03125      0.50  6000.00  324993024 3276700.00 Closed.
Rat009ch01F0113.bin:  06/19/07 00:16:56.015-07:40:39.015 32  12 kHz 12207.03125      0.50  6000.00  324993024 3276700.00 Closed.
Rat009ch01F0114.bin:  06/19/07 07:40:39.015-15:04:22.015 32  12 kHz 12207.03125      0.50  6000.00  324993024 3276700.00 Closed.
Rat009ch01F0115.bin:  06/19/07 15:04:22.015-22:28:05.015 32  12 kHz 12207.03125      0.50  6000.00  324993024 3276700.00 Closed.
Rat009ch01F0116.bin:  06/19/07 22:28:05.015-05:51:48.015 32  12 kHz 12207.03125      0.50  6000.00  324993024 3276700.00 Closed.
Rat009ch01F0117.bin:  06/20/07 05:51:48.015-08:46:59.250 32  12 kHz 12207.03125      0.50  6000.00  128286720 3276700.00 Closed.
Rat009ch01F0119.bin:  06/20/07 11:12:57.953-18:36:40.734 32  12 kHz 12207.03125      0.50  6000.00  324993024 3276700.00 Closed.
Rat009ch01F0120.bin:  06/20/07 18:36:40.734-02:00:23.796 32  12 kHz 12207.03125      0.50  6000.00  324993024 3276700.00 Closed.
Rat009ch01F0121.bin:  06/21/07 02:00:23.796-09:24:06.796 32  12 kHz 12207.03125      0.50  6000.00  324993024 3276700.00 Closed.
Rat009ch01F0122.bin:  06/21/07 09:24:06.796-16:47:49.796 32  12 kHz 12207.03125      0.50  6000.00  324993024 3276700.00 Closed.
Rat009ch01F0123.bin:  06/21/07 16:47:49.796-00:11:32.796 32  12 kHz 12207.03125      0.50  6000.00  324993024 3276700.00 Closed.
Rat009ch01F0124.bin:  06/22/07 00:11:32.796-07:35:15.875 32  12 kHz 12207.03125      0.50  6000.00  324993024 3276700.00 Closed.
Rat009ch01F0125.bin:  06/22/07 07:35:15.875-11:09:06.890 32  12 kHz 12207.03125      0.50  6000.00  324993024 3276700.00 Closed.
Rat009ch01F0126.bin:  06/22/07 11:44:55.125-19:08:37.937 32  12 kHz 12207.03125      0.50  6000.00  324993024 3276700.00 Closed.
Rat009ch01F0127.bin:  06/22/07 19:08:37.937-02:32:20.937 32  12 kHz 12207.03125      0.50  6000.00  324993024 3276700.00 Closed.
Rat009ch01F0128.bin:  06/23/07 02:32:20.937-09:56:04.000 32  12 kHz 12207.03125      0.50  6000.00  324993024 3276700.00 Closed.
Rat009ch01F0129.bin:  06/23/07 09:56:04.000-17:19:47.000 32  12 kHz 12207.03125      0.50  6000.00  324993024 3276700.00 Closed.
Rat009ch01F0130.bin:  06/23/07 17:19:47.000-00:43:30.015 32  12 kHz 12207.03125      0.50  6000.00  324993024 3276700.00 Closed.
Rat009ch01F0131.bin:  06/24/07 00:43:30.015-08:07:12.968 32  12 kHz 12207.03125      0.50  6000.00  324993024 3276700.00 Closed.
Rat009ch01F0132.bin:  06/24/07 08:07:12.968-15:30:55.968 32  12 kHz 12207.03125      0.50  6000.00  324993024 3276700.00 Closed.
Rat009ch01F0133.bin:  06/24/07 15:30:55.968-22:54:38.968 32  12 kHz 12207.03125      0.50  6000.00  324993024 3276700.00 Closed.
Rat009ch01F0134.bin:  06/24/07 22:54:38.968-06:18:22.031 32  12 kHz 12207.03125      0.50  6000.00  324993024 3276700.00 Closed.
Rat009ch01F0135.bin:  06/25/07 06:18:22.031-07:47:47.265 32  12 kHz 12207.03125      0.50  6000.00  324993024 3276700.00 Closed.
Rat009ch01F0136.bin:  06/25/07 11:13:35.343-18:37:18.203 32  12 kHz 12207.03125      0.50  6000.00  324993024 3276700.00 Closed.
Rat009ch01F0137.bin:  06/25/07 18:37:18.203-02:01:01.203 32  12 kHz 12207.03125      0.50  6000.00  324993024 3276700.00 Closed.
Rat009ch01F0138.bin:  06/26/07 02:01:01.203-09:24:44.203 32  12 kHz 12207.03125      0.50  6000.00  324993024 3276700.00 Closed.
Rat009ch01F0139.bin:  06/26/07 09:24:44.203-16:48:27.203 32  12 kHz 12207.03125      0.50  6000.00  324993024 3276700.00 Closed.
Rat009ch01F0140.bin:  06/26/07 16:48:27.203-00:12:10.203 32  12 kHz 12207.03125      0.50  6000.00  324993024 3276700.00 Closed.
Rat009ch01F0141.bin:  06/27/07 00:12:10.203-07:35:53.203 32  12 kHz 12207.03125      0.50  6000.00  324993024 3276700.00 Closed.
Rat009ch01F0142.bin:  06/27/07 07:35:53.203-14:10:22.687 32  12 kHz 12207.03125      0.50  6000.00  288915456 3276700.00 Closed.
Rat009ch01F0144.bin:  06/27/07 15:59:37.593-23:23:20.203 32  12 kHz 12207.03125      0.50  6000.00  324993024 3276700.00 Closed.
Rat009ch01F0145.bin:  06/27/07 23:23:20.203-06:47:03.203 32  12 kHz 12207.03125      0.50  6000.00  324993024 3276700.00 Closed.
Rat009ch01F0146.bin:  06/28/07 06:47:03.203-14:10:46.171 32  12 kHz 12207.03125      0.50  6000.00  324993024 3276700.00 Closed.
Rat009ch01F0147.bin:  06/28/07 14:10:46.171-21:34:29.187 32  12 kHz 12207.03125      0.50  6000.00  324993024 3276700.00 Closed.
Rat009ch01F0148.bin:  06/28/07 21:34:29.187-04:58:12.187 32  12 kHz 12207.03125      0.50  6000.00  324993024 3276700.00 Closed.
Rat009ch01F0149.bin:  06/29/07 04:58:12.187-12:21:55.187 32  12 kHz 12207.03125      0.50  6000.00  324993024 3276700.00 Closed.
Rat009ch01F0150.bin:  06/29/07 12:21:55.187-12:54:05.109 32  12 kHz 12207.03125      0.50  6000.00   23527424 3276700.00 Closed.
Rat009ch01F0152.bin:  07/02/07 10:01:26.156-10:01:33.546 32  12 kHz 12207.03125      0.50  6000.00      98304 3276700.00 Closed.
Rat009ch01F0153.bin:  07/03/07 11:21:40.359-11:21:46.718 32  12 kHz 12207.03125      0.50  6000.00      65536 3276700.00 Closed.
