Rat#..CH#.File..bin:    Date         Time Period        Chs   Rate    Actual           Band-Pass      Samples   Scale    Status 
Rat004ch01F0001.bin:  08/23/05 13:53:41.171-21:17:25.046 32  12 kHz 12207.03125      0.50  6000.00  324993024 3276700.00 Closed.
Rat004ch01F0002.bin:  08/23/05 21:17:25.046-04:41:09.093 32  12 kHz 12207.03125      0.50  6000.00  324993024 3276700.00 Closed.
Rat004ch01F0003.bin:  08/24/05 04:41:09.093-12:04:53.171 32  12 kHz 12207.03125      0.50  6000.00  324993024 3276700.00 Closed.
Rat004ch01F0004.bin:  08/24/05 12:04:53.171-19:28:37.078 32  12 kHz 12207.03125      0.50  6000.00  324993024 3276700.00 Closed.
Rat004ch01F0005.bin:  08/24/05 19:28:37.078-02:52:21.156 32  12 kHz 12207.03125      0.50  6000.00  324993024 3276700.00 Closed.
Rat004ch01F0006.bin:  08/25/05 02:52:21.156-00:00:00.000 32  12 kHz 12207.03125      0.50  6000.00          0 3276700.00 Opened.
Rat004ch01F0007.bin:  08/25/05 11:35:22.546-18:59:06.390 32  12 kHz 12207.03125      0.50  6000.00  324993024 3276700.00 Closed.
Rat004ch01F0008.bin:  08/25/05 18:59:06.390-02:22:50.406 32  12 kHz 12207.03125      0.50  6000.00  324993024 3276700.00 Closed.
Rat004ch01F0009.bin:  08/26/05 02:22:50.406-09:46:34.468 32  12 kHz 12207.03125      0.50  6000.00  324993024 3276700.00 Closed.
Rat004ch01F0010.bin:  08/26/05 09:46:34.468-12:08:50.687 32  12 kHz 12207.03125      0.50  6000.00  104169472 3276700.00 Closed.
Rat004ch01F0011.bin:  08/26/05 12:53:19.031-14:43:23.312 32  12 kHz 12207.03125      0.50  6000.00   80609280 3276700.00 Closed.
Rat004ch01F0012.bin:  08/26/05 15:38:06.093-23:01:49.984 32  12 kHz 12207.03125      0.50  6000.00  324993024 3276700.00 Closed.
Rat004ch01F0013.bin:  08/26/05 23:01:49.984-06:25:34.031 32  12 kHz 12207.03125      0.50  6000.00  324993024 3276700.00 Closed.
Rat004ch01F0014.bin:  08/27/05 06:25:34.031-13:49:18.031 32  12 kHz 12207.03125      0.50  6000.00  324993024 3276700.00 Closed.
Rat004ch01F0015.bin:  08/27/05 13:49:18.031-21:13:02.062 32  12 kHz 12207.03125      0.50  6000.00  324993024 3276700.00 Closed.
Rat004ch01F0016.bin:  08/27/05 21:13:02.062-04:36:46.125 32  12 kHz 12207.03125      0.50  6000.00  324993024 3276700.00 Closed.
Rat004ch01F0017.bin:  08/28/05 04:36:46.125-12:00:30.125 32  12 kHz 12207.03125      0.50  6000.00  324993024 3276700.00 Closed.
Rat004ch01F0018.bin:  08/28/05 12:00:30.125-19:24:14.187 32  12 kHz 12207.03125      0.50  6000.00  324993024 3276700.00 Closed.
Rat004ch01F0019.bin:  08/28/05 19:24:14.187-02:47:58.171 32  12 kHz 12207.03125      0.50  6000.00  324993024 3276700.00 Closed.
Rat004ch01F0020.bin:  08/29/05 02:47:58.171-10:11:42.234 32  12 kHz 12207.03125      0.50  6000.00  324993024 3276700.00 Closed.
Rat004ch01F0021.bin:  08/29/05 10:11:42.234-17:35:26.234 32  12 kHz 12207.03125      0.50  6000.00  324993024 3276700.00 Closed.
Rat004ch01F0022.bin:  08/29/05 17:35:26.234-00:59:10.250 32  12 kHz 12207.03125      0.50  6000.00  324993024 3276700.00 Closed.
Rat004ch01F0023.bin:  08/30/05 00:59:10.250-08:22:54.296 32  12 kHz 12207.03125      0.50  6000.00  324993024 3276700.00 Closed.
Rat004ch01F0024.bin:  08/30/05 08:22:54.296-15:46:38.296 32  12 kHz 12207.03125      0.50  6000.00  324993024 3276700.00 Closed.
Rat004ch01F0025.bin:  08/30/05 15:46:38.296-23:10:22.359 32  12 kHz 12207.03125      0.50  6000.00  324993024 3276700.00 Closed.
Rat004ch01F0026.bin:  08/30/05 23:10:22.359-06:34:06.375 32  12 kHz 12207.03125      0.50  6000.00  324993024 3276700.00 Closed.
Rat004ch01F0027.bin:  08/31/05 06:34:06.375-13:57:50.437 32  12 kHz 12207.03125      0.50  6000.00  324993024 3276700.00 Closed.
Rat004ch01F0028.bin:  08/31/05 13:57:50.437-15:32:52.968 32  12 kHz 12207.03125      0.50  6000.00   69599232 3276700.00 Closed.
Rat004ch01F0029.bin:  09/02/05 16:05:41.140-23:29:25.062 32  12 kHz 12207.03125      0.50  6000.00  324993024 3276700.00 Closed.
Rat004ch01F0030.bin:  09/02/05 23:29:25.062-06:53:09.078 32  12 kHz 12207.03125      0.50  6000.00  324993024 3276700.00 Closed.
Rat004ch01F0031.bin:  09/03/05 06:53:09.078-14:16:53.125 32  12 kHz 12207.03125      0.50  6000.00  324993024 3276700.00 Closed.
Rat004ch01F0032.bin:  09/03/05 14:16:53.125-21:40:37.156 32  12 kHz 12207.03125      0.50  6000.00  324993024 3276700.00 Closed.
Rat004ch01F0033.bin:  09/03/05 21:40:37.156-05:04:21.187 32  12 kHz 12207.03125      0.50  6000.00  324993024 3276700.00 Closed.
Rat004ch01F0034.bin:  09/04/05 05:04:21.187-12:28:05.203 32  12 kHz 12207.03125      0.50  6000.00  324993024 3276700.00 Closed.
Rat004ch01F0035.bin:  09/04/05 12:28:05.203-19:51:49.234 32  12 kHz 12207.03125      0.50  6000.00  324993024 3276700.00 Closed.
Rat004ch01F0036.bin:  09/04/05 19:51:49.234-03:15:33.296 32  12 kHz 12207.03125      0.50  6000.00  324993024 3276700.00 Closed.
Rat004ch01F0037.bin:  09/05/05 03:15:33.296-10:39:17.281 32  12 kHz 12207.03125      0.50  6000.00  324993024 3276700.00 Closed.
Rat004ch01F0038.bin:  09/05/05 10:39:17.281-18:03:01.359 32  12 kHz 12207.03125      0.50  6000.00  324993024 3276700.00 Closed.
Rat004ch01F0039.bin:  09/05/05 18:03:01.359-01:26:45.359 32  12 kHz 12207.03125      0.50  6000.00  324993024 3276700.00 Closed.
Rat004ch01F0040.bin:  09/06/05 01:26:45.359-08:50:29.375 32  12 kHz 12207.03125      0.50  6000.00  324993024 3276700.00 Closed.
Rat004ch01F0041.bin:  09/06/05 08:50:29.375-16:14:13.406 32  12 kHz 12207.03125      0.50  6000.00  324993024 3276700.00 Closed.
Rat004ch01F0042.bin:  09/06/05 16:14:13.406-23:37:57.421 32  12 kHz 12207.03125      0.50  6000.00  324993024 3276700.00 Closed.
Rat004ch01F0043.bin:  09/06/05 23:37:57.421-07:01:41.484 32  12 kHz 12207.03125      0.50  6000.00  324993024 3276700.00 Closed.
Rat004ch01F0044.bin:  09/07/05 07:01:41.484-14:25:25.500 32  12 kHz 12207.03125      0.50  6000.00  324993024 3276700.00 Closed.
Rat004ch01F0045.bin:  09/07/05 14:25:25.500-21:49:09.562 32  12 kHz 12207.03125      0.50  6000.00  324993024 3276700.00 Closed.
Rat004ch01F0046.bin:  09/07/05 21:49:09.562-05:12:53.609 32  12 kHz 12207.03125      0.50  6000.00  324993024 3276700.00 Closed.
Rat004ch01F0047.bin:  09/08/05 05:12:53.609-12:36:37.687 32  12 kHz 12207.03125      0.50  6000.00  324993024 3276700.00 Closed.
Rat004ch01F0048.bin:  09/08/05 12:36:37.687-20:00:21.750 32  12 kHz 12207.03125      0.50  6000.00  324993024 3276700.00 Closed.
Rat004ch01F0049.bin:  09/08/05 20:00:21.750-03:24:05.796 32  12 kHz 12207.03125      0.50  6000.00  324993024 3276700.00 Closed.
Rat004ch01F0050.bin:  09/09/05 03:24:05.796-10:47:49.875 32  12 kHz 12207.03125      0.50  6000.00  324993024 3276700.00 Closed.
Rat004ch01F0051.bin:  09/09/05 10:47:49.875-11:52:11.171 32  12 kHz 12207.03125      0.50  6000.00   47120384 3276700.00 Closed.
Rat004ch01F0052.bin:  09/09/05 12:20:04.437-19:43:48.296 32  12 kHz 12207.03125      0.50  6000.00  324993024 3276700.00 Closed.
Rat004ch01F0053.bin:  09/09/05 19:43:48.296-03:07:32.359 32  12 kHz 12207.03125      0.50  6000.00  324993024 3276700.00 Closed.
Rat004ch01F0054.bin:  09/10/05 03:07:32.359-10:31:16.421 32  12 kHz 12207.03125      0.50  6000.00  324993024 3276700.00 Closed.
Rat004ch01F0055.bin:  09/10/05 10:31:16.421-17:55:00.500 32  12 kHz 12207.03125      0.50  6000.00  324993024 3276700.00 Closed.
Rat004ch01F0056.bin:  09/10/05 17:55:00.500-01:18:44.484 32  12 kHz 12207.03125      0.50  6000.00  324993024 3276700.00 Closed.
Rat004ch01F0057.bin:  09/11/05 01:18:44.484-08:42:28.546 32  12 kHz 12207.03125      0.50  6000.00  324993024 3276700.00 Closed.
Rat004ch01F0058.bin:  09/11/05 08:42:28.546-16:06:12.625 32  12 kHz 12207.03125      0.50  6000.00  324993024 3276700.00 Closed.
Rat004ch01F0059.bin:  09/11/05 16:06:12.625-23:29:56.687 32  12 kHz 12207.03125      0.50  6000.00  324993024 3276700.00 Closed.
Rat004ch01F0060.bin:  09/11/05 23:29:56.687-06:53:40.734 32  12 kHz 12207.03125      0.50  6000.00  324993024 3276700.00 Closed.
Rat004ch01F0061.bin:  09/12/05 06:53:40.734-13:15:27.484 32  12 kHz 12207.03125      0.50  6000.00  279609344 3276700.00 Closed.
Rat004ch01F0062.bin:  09/12/05 13:20:38.031-20:44:21.906 32  12 kHz 12207.03125      0.50  6000.00  324993024 3276700.00 Closed.
Rat004ch01F0063.bin:  09/12/05 20:44:21.906-04:08:05.984 32  12 kHz 12207.03125      0.50  6000.00  324993024 3276700.00 Closed.
Rat004ch01F0064.bin:  09/13/05 04:08:05.984-11:31:50.031 32  12 kHz 12207.03125      0.50  6000.00  324993024 3276700.00 Closed.
Rat004ch01F0065.bin:  09/13/05 11:31:50.031-18:55:34.109 32  12 kHz 12207.03125      0.50  6000.00  324993024 3276700.00 Closed.
Rat004ch01F0066.bin:  09/13/05 18:55:34.109-02:19:18.156 32  12 kHz 12207.03125      0.50  6000.00  324993024 3276700.00 Closed.
Rat004ch01F0067.bin:  09/14/05 02:19:18.156-09:43:02.234 32  12 kHz 12207.03125      0.50  6000.00  324993024 3276700.00 Closed.
Rat004ch01F0068.bin:  09/14/05 09:43:02.234-17:06:46.296 32  12 kHz 12207.03125      0.50  6000.00  324993024 3276700.00 Closed.
Rat004ch01F0069.bin:  09/14/05 17:06:46.296-00:30:30.359 32  12 kHz 12207.03125      0.50  6000.00  324993024 3276700.00 Closed.
Rat004ch01F0070.bin:  09/15/05 00:30:30.359-07:54:14.421 32  12 kHz 12207.03125      0.50  6000.00  324993024 3276700.00 Closed.
Rat004ch01F0071.bin:  09/15/05 07:54:14.421-15:17:58.484 32  12 kHz 12207.03125      0.50  6000.00  324993024 3276700.00 Closed.
Rat004ch01F0072.bin:  09/15/05 15:17:58.484-22:41:42.609 32  12 kHz 12207.03125      0.50  6000.00  324993024 3276700.00 Closed.
Rat004ch01F0073.bin:  09/15/05 22:41:42.609-06:05:26.671 32  12 kHz 12207.03125      0.50  6000.00  324993024 3276700.00 Closed.
Rat004ch01F0074.bin:  09/16/05 06:05:26.671-13:29:10.734 32  12 kHz 12207.03125      0.50  6000.00  324993024 3276700.00 Closed.
Rat004ch01F0075.bin:  09/16/05 13:29:10.734-20:52:54.796 32  12 kHz 12207.03125      0.50  6000.00  324993024 3276700.00 Closed.
Rat004ch01F0076.bin:  09/16/05 20:52:54.796-04:16:38.921 32  12 kHz 12207.03125      0.50  6000.00  324993024 3276700.00 Closed.
Rat004ch01F0077.bin:  09/17/05 04:16:38.921-11:40:22.984 32  12 kHz 12207.03125      0.50  6000.00  324993024 3276700.00 Closed.
Rat004ch01F0078.bin:  09/17/05 11:40:22.984-19:04:07.078 32  12 kHz 12207.03125      0.50  6000.00  324993024 3276700.00 Closed.
Rat004ch01F0079.bin:  09/17/05 19:04:07.078-02:27:51.156 32  12 kHz 12207.03125      0.50  6000.00  324993024 3276700.00 Closed.
Rat004ch01F0080.bin:  09/18/05 02:27:51.156-09:51:35.218 32  12 kHz 12207.03125      0.50  6000.00  324993024 3276700.00 Closed.
Rat004ch01F0081.bin:  09/18/05 09:51:35.218-17:15:19.296 32  12 kHz 12207.03125      0.50  6000.00  324993024 3276700.00 Closed.
Rat004ch01F0082.bin:  09/18/05 17:15:19.296-00:39:03.359 32  12 kHz 12207.03125      0.50  6000.00  324993024 3276700.00 Closed.
Rat004ch01F0083.bin:  09/19/05 00:39:03.359-08:02:47.468 32  12 kHz 12207.03125      0.50  6000.00  324993024 3276700.00 Closed.
Rat004ch01F0084.bin:  09/19/05 08:02:47.468-15:26:31.546 32  12 kHz 12207.03125      0.50  6000.00  324993024 3276700.00 Closed.
Rat004ch01F0085.bin:  09/19/05 15:26:31.546-22:50:15.609 32  12 kHz 12207.03125      0.50  6000.00  324993024 3276700.00 Closed.
Rat004ch01F0086.bin:  09/19/05 22:50:15.609-06:13:59.718 32  12 kHz 12207.03125      0.50  6000.00  324993024 3276700.00 Closed.
Rat004ch01F0087.bin:  09/20/05 06:13:59.718-13:37:43.796 32  12 kHz 12207.03125      0.50  6000.00  324993024 3276700.00 Closed.
Rat004ch01F0088.bin:  09/20/05 13:37:43.796-17:03:19.031 32  12 kHz 12207.03125      0.50  6000.00  129662976 3276700.00 Closed.
Rat004ch01F0089.bin:  09/20/05 17:03:46.703-00:27:30.640 32  12 kHz 12207.03125      0.50  6000.00  324993024 3276700.00 Closed.
Rat004ch01F0090.bin:  09/21/05 00:27:30.640-07:51:14.765 32  12 kHz 12207.03125      0.50  6000.00  324993024 3276700.00 Closed.
Rat004ch01F0091.bin:  09/21/05 07:51:14.765-15:14:58.812 32  12 kHz 12207.03125      0.50  6000.00  324993024 3276700.00 Closed.
Rat004ch01F0092.bin:  09/21/05 15:14:58.812-22:38:42.890 32  12 kHz 12207.03125      0.50  6000.00  324993024 3276700.00 Closed.
Rat004ch01F0093.bin:  09/21/05 22:38:42.890-06:02:27.015 32  12 kHz 12207.03125      0.50  6000.00  324993024 3276700.00 Closed.
Rat004ch01F0094.bin:  09/22/05 06:02:27.015-13:26:11.078 32  12 kHz 12207.03125      0.50  6000.00  324993024 3276700.00 Closed.
Rat004ch01F0095.bin:  09/22/05 13:26:11.078-15:25:25.000 32  12 kHz 12207.03125      0.50  6000.00   87326720 3276700.00 Closed.
Rat004ch01F0096.bin:  09/22/05 17:02:39.453-00:26:23.421 32  12 kHz 12207.03125      0.50  6000.00  324993024 3276700.00 Closed.
Rat004ch01F0097.bin:  09/23/05 00:26:23.421-07:50:07.500 32  12 kHz 12207.03125      0.50  6000.00  324993024 3276700.00 Closed.
Rat004ch01F0098.bin:  09/23/05 07:50:07.500-15:13:51.593 32  12 kHz 12207.03125      0.50  6000.00  324993024 3276700.00 Closed.
Rat004ch01F0099.bin:  09/23/05 15:13:51.593-22:37:35.656 32  12 kHz 12207.03125      0.50  6000.00  324993024 3276700.00 Closed.
Rat004ch01F0100.bin:  09/23/05 22:37:35.656-06:01:19.718 32  12 kHz 12207.03125      0.50  6000.00  324993024 3276700.00 Closed.
Rat004ch01F0101.bin:  09/24/05 06:01:19.718-13:25:03.843 32  12 kHz 12207.03125      0.50  6000.00  324993024 3276700.00 Closed.
Rat004ch01F0102.bin:  09/24/05 13:25:03.843-20:48:47.906 32  12 kHz 12207.03125      0.50  6000.00  324993024 3276700.00 Closed.
Rat004ch01F0103.bin:  09/24/05 20:48:47.906-04:12:31.968 32  12 kHz 12207.03125      0.50  6000.00  324993024 3276700.00 Closed.
Rat004ch01F0104.bin:  09/25/05 04:12:31.968-11:36:16.015 32  12 kHz 12207.03125      0.50  6000.00  324993024 3276700.00 Closed.
Rat004ch01F0105.bin:  09/25/05 11:36:16.015-19:00:00.156 32  12 kHz 12207.03125      0.50  6000.00  324993024 3276700.00 Closed.
Rat004ch01F0106.bin:  09/25/05 19:00:00.156-02:23:44.218 32  12 kHz 12207.03125      0.50  6000.00  324993024 3276700.00 Closed.
Rat004ch01F0107.bin:  09/26/05 02:23:44.218-09:47:28.281 32  12 kHz 12207.03125      0.50  6000.00  324993024 3276700.00 Closed.
Rat004ch01F0108.bin:  09/26/05 09:47:28.281-17:11:12.343 32  12 kHz 12207.03125      0.50  6000.00  324993024 3276700.00 Closed.
Rat004ch01F0109.bin:  09/26/05 17:11:12.343-00:34:56.468 32  12 kHz 12207.03125      0.50  6000.00  324993024 3276700.00 Closed.
Rat004ch01F0110.bin:  09/27/05 00:34:56.468-07:58:40.531 32  12 kHz 12207.03125      0.50  6000.00  324993024 3276700.00 Closed.
Rat004ch01F0111.bin:  09/27/05 07:58:40.531-15:22:24.593 32  12 kHz 12207.03125      0.50  6000.00  324993024 3276700.00 Closed.
Rat004ch01F0112.bin:  09/27/05 15:22:24.593-22:46:08.718 32  12 kHz 12207.03125      0.50  6000.00  324993024 3276700.00 Closed.
Rat004ch01F0113.bin:  09/27/05 22:46:08.718-06:09:52.781 32  12 kHz 12207.03125      0.50  6000.00  324993024 3276700.00 Closed.
Rat004ch01F0114.bin:  09/28/05 06:09:52.781-13:33:36.843 32  12 kHz 12207.03125      0.50  6000.00  324993024 3276700.00 Closed.
Rat004ch01F0115.bin:  09/28/05 13:33:36.843-20:57:20.953 32  12 kHz 12207.03125      0.50  6000.00  324993024 3276700.00 Closed.
Rat004ch01F0116.bin:  09/28/05 20:57:20.953-04:21:05.031 32  12 kHz 12207.03125      0.50  6000.00  324993024 3276700.00 Closed.
Rat004ch01F0117.bin:  09/29/05 04:21:05.031-11:44:49.093 32  12 kHz 12207.03125      0.50  6000.00  324993024 3276700.00 Closed.
Rat004ch01F0118.bin:  09/29/05 11:44:49.093-19:08:33.187 32  12 kHz 12207.03125      0.50  6000.00  324993024 3276700.00 Closed.
Rat004ch01F0119.bin:  09/29/05 19:08:33.187-02:32:17.265 32  12 kHz 12207.03125      0.50  6000.00  324993024 3276700.00 Closed.
Rat004ch01F0120.bin:  09/30/05 02:32:17.265-09:56:01.328 32  12 kHz 12207.03125      0.50  6000.00  324993024 3276700.00 Closed.
Rat004ch01F0121.bin:  09/30/05 09:56:01.328-12:48:01.781 32  12 kHz 12207.03125      0.50  6000.00  125960192 3276700.00 Closed.
Rat004ch01F0122.bin:  09/30/05 13:40:16.015-13:41:45.078 32  12 kHz 12207.03125      0.50  6000.00    1081344 3276700.00 Closed.
Rat004ch01F0123.bin:  09/30/05 13:42:58.343-13:44:12.234 32  12 kHz 12207.03125      0.50  6000.00     884736 3276700.00 Closed.
Rat004ch01F0124.bin:  09/30/05 13:45:54.046-13:46:15.765 32  12 kHz 12207.03125      0.50  6000.00     262144 3276700.00 Closed.
Rat004ch01F0125.bin:  09/30/05 13:52:55.359-21:16:39.109 32  12 kHz 12207.03125      0.50  6000.00  324993024 3276700.00 Closed.
Rat004ch01F0126.bin:  09/30/05 21:16:39.109-04:40:23.171 32  12 kHz 12207.03125      0.50  6000.00  324993024 3276700.00 Closed.
Rat004ch01F0127.bin:  10/01/05 04:40:23.171-12:04:07.234 32  12 kHz 12207.03125      0.50  6000.00  324993024 3276700.00 Closed.
Rat004ch01F0128.bin:  10/01/05 12:04:07.234-19:27:51.234 32  12 kHz 12207.03125      0.50  6000.00  324993024 3276700.00 Closed.
Rat004ch01F0129.bin:  10/01/05 19:27:51.234-02:51:35.359 32  12 kHz 12207.03125      0.50  6000.00  324993024 3276700.00 Closed.
Rat004ch01F0130.bin:  10/02/05 02:51:35.359-10:15:19.421 32  12 kHz 12207.03125      0.50  6000.00  324993024 3276700.00 Closed.
Rat004ch01F0131.bin:  10/02/05 10:15:19.421-17:39:03.468 32  12 kHz 12207.03125      0.50  6000.00  324993024 3276700.00 Closed.
Rat004ch01F0132.bin:  10/02/05 17:39:03.468-01:02:47.546 32  12 kHz 12207.03125      0.50  6000.00  324993024 3276700.00 Closed.
Rat004ch01F0133.bin:  10/03/05 01:02:47.546-08:26:31.609 32  12 kHz 12207.03125      0.50  6000.00  324993024 3276700.00 Closed.
Rat004ch01F0134.bin:  10/03/05 08:26:31.609-15:50:15.656 32  12 kHz 12207.03125      0.50  6000.00  324993024 3276700.00 Closed.
Rat004ch01F0135.bin:  10/03/05 15:50:15.656-23:13:59.734 32  12 kHz 12207.03125      0.50  6000.00  324993024 3276700.00 Closed.
Rat004ch01F0136.bin:  10/03/05 23:13:59.734-06:37:43.796 32  12 kHz 12207.03125      0.50  6000.00  324993024 3276700.00 Closed.
Rat004ch01F0137.bin:  10/04/05 06:37:43.796-09:18:12.718 32  12 kHz 12207.03125      0.50  6000.00  116555776 3276700.00 Closed.
Rat004ch01F0138.bin:  10/04/05 09:18:12.718-09:18:18.093 32  12 kHz 12207.03125      0.50  6000.00          0 3276700.00 Closed.
Rat004ch01F0139.bin:  10/04/05 09:18:18.093-09:19:44.031 32  12 kHz 12207.03125      0.50  6000.00          0 3276700.00 Closed.
Rat004ch01F0140.bin:  10/04/05 09:19:44.031-09:20:44.468 32  12 kHz 12207.03125      0.50  6000.00          0 3276700.00 Closed.
Rat004ch01F0141.bin:  10/04/05 09:20:44.468-09:21:09.906 32  12 kHz 12207.03125      0.50  6000.00          0 3276700.00 Closed.
Rat004ch01F0142.bin:  10/04/05 09:21:09.906-09:22:16.718 32  12 kHz 12207.03125      0.50  6000.00          0 3276700.00 Closed.
Rat004ch01F0143.bin:  10/04/05 09:22:16.718-09:22:35.843 32  12 kHz 12207.03125      0.50  6000.00          0 3276700.00 Closed.
Rat004ch01F0144.bin:  10/04/05 09:22:35.843-00:00:00.000 32  12 kHz 12207.03125      0.50  6000.00          0 3276700.00 Opened.
Rat004ch01F0145.bin:  10/04/05 11:10:30.531-18:34:14.437 32  12 kHz 12207.03125      0.50  6000.00  324993024 3276700.00 Closed.
Rat004ch01F0146.bin:  10/04/05 18:34:14.437-01:57:58.484 32  12 kHz 12207.03125      0.50  6000.00  324993024 3276700.00 Closed.
Rat004ch01F0147.bin:  10/05/05 01:57:58.484-09:21:42.562 32  12 kHz 12207.03125      0.50  6000.00  324993024 3276700.00 Closed.
Rat004ch01F0148.bin:  10/05/05 09:21:42.562-16:45:26.625 32  12 kHz 12207.03125      0.50  6000.00  324993024 3276700.00 Closed.
Rat004ch01F0149.bin:  10/05/05 16:45:26.625-00:09:10.687 32  12 kHz 12207.03125      0.50  6000.00  324993024 3276700.00 Closed.
Rat004ch01F0150.bin:  10/06/05 00:09:10.687-07:32:54.750 32  12 kHz 12207.03125      0.50  6000.00  324993024 3276700.00 Closed.
Rat004ch01F0151.bin:  10/06/05 07:32:54.750-14:56:38.796 32  12 kHz 12207.03125      0.50  6000.00  324993024 3276700.00 Closed.
Rat004ch01F0152.bin:  10/06/05 14:56:38.796-22:20:22.875 32  12 kHz 12207.03125      0.50  6000.00  324993024 3276700.00 Closed.
Rat004ch01F0153.bin:  10/06/05 22:20:22.875-05:44:06.921 32  12 kHz 12207.03125      0.50  6000.00  324993024 3276700.00 Closed.
Rat004ch01F0154.bin:  10/07/05 05:44:06.921-11:21:03.609 32  12 kHz 12207.03125      0.50  6000.00  246775808 3276700.00 Closed.
Rat004ch01F0155.bin:  10/07/05 11:50:29.437-19:14:13.312 32  12 kHz 12207.03125      0.50  6000.00  324993024 3276700.00 Closed.
Rat004ch01F0156.bin:  10/07/05 19:14:13.312-02:37:57.375 32  12 kHz 12207.03125      0.50  6000.00  324993024 3276700.00 Closed.
Rat004ch01F0157.bin:  10/08/05 02:37:57.375-10:01:41.437 32  12 kHz 12207.03125      0.50  6000.00  324993024 3276700.00 Closed.
Rat004ch01F0158.bin:  10/08/05 10:01:41.437-12:48:19.484 32  12 kHz 12207.03125      0.50  6000.00  122028032 3276700.00 Closed.
Rat004ch01F0159.bin:  10/08/05 13:38:21.671-21:02:05.640 32  12 kHz 12207.03125      0.50  6000.00  324993024 3276700.00 Closed.
Rat004ch01F0160.bin:  10/08/05 21:02:05.640-04:25:49.687 32  12 kHz 12207.03125      0.50  6000.00  324993024 3276700.00 Closed.
Rat004ch01F0161.bin:  10/09/05 04:25:49.687-11:49:33.750 32  12 kHz 12207.03125      0.50  6000.00  324993024 3276700.00 Closed.
Rat004ch01F0162.bin:  10/09/05 11:49:33.750-13:46:33.562 32  12 kHz 12207.03125      0.50  6000.00   85688320 3276700.00 Closed.
Rat004ch01F0163.bin:  10/09/05 16:14:30.453-23:38:14.359 32  12 kHz 12207.03125      0.50  6000.00  324993024 3276700.00 Closed.
Rat004ch01F0164.bin:  10/09/05 23:38:14.359-07:01:58.421 32  12 kHz 12207.03125      0.50  6000.00  324993024 3276700.00 Closed.
Rat004ch01F0165.bin:  10/10/05 07:01:58.421-14:25:42.500 32  12 kHz 12207.03125      0.50  6000.00  324993024 3276700.00 Closed.
Rat004ch01F0166.bin:  10/10/05 14:25:42.500-21:49:26.562 32  12 kHz 12207.03125      0.50  6000.00  324993024 3276700.00 Closed.
Rat004ch01F0167.bin:  10/10/05 21:49:26.562-05:13:10.609 32  12 kHz 12207.03125      0.50  6000.00  324993024 3276700.00 Closed.
Rat004ch01F0168.bin:  10/11/05 05:13:10.609-12:36:54.687 32  12 kHz 12207.03125      0.50  6000.00  324993024 3276700.00 Closed.
Rat004ch01F0169.bin:  10/11/05 12:36:54.687-20:00:38.750 32  12 kHz 12207.03125      0.50  6000.00  324993024 3276700.00 Closed.
Rat004ch01F0170.bin:  10/11/05 20:00:38.750-03:24:22.812 32  12 kHz 12207.03125      0.50  6000.00  324993024 3276700.00 Closed.
Rat004ch01F0171.bin:  10/12/05 03:24:22.812-10:48:06.859 32  12 kHz 12207.03125      0.50  6000.00  324993024 3276700.00 Closed.
Rat004ch01F0172.bin:  10/12/05 10:48:06.859-14:14:52.859 32  12 kHz 12207.03125      0.50  6000.00  151420928 3276700.00 Closed.
Rat004ch01F0173.bin:  10/12/05 21:50:25.109-05:14:08.781 32  12 kHz 12207.03125      0.50  6000.00  324993024 3276700.00 Closed.
Rat004ch01F0174.bin:  10/13/05 05:14:08.781-12:37:52.734 32  12 kHz 12207.03125      0.50  6000.00  324993024 3276700.00 Closed.
Rat004ch01F0175.bin:  10/13/05 12:37:52.734-20:01:36.671 32  12 kHz 12207.03125      0.50  6000.00  324993024 3276700.00 Closed.
Rat004ch01F0176.bin:  10/13/05 20:01:36.671-03:25:20.671 32  12 kHz 12207.03125      0.50  6000.00  324993024 3276700.00 Closed.
Rat004ch01F0177.bin:  10/14/05 03:25:20.671-10:49:04.593 32  12 kHz 12207.03125      0.50  6000.00  324993024 3276700.00 Closed.
Rat004ch01F0178.bin:  10/14/05 10:49:04.593-16:16:34.531 32  12 kHz 12207.03125      0.50  6000.00  239861760 3276700.00 Closed.
Rat004ch01F0179.bin:  10/14/05 16:51:50.562-00:15:34.296 32  12 kHz 12207.03125      0.50  6000.00  324993024 3276700.00 Closed.
Rat004ch01F0180.bin:  10/15/05 00:15:34.296-07:39:18.296 32  12 kHz 12207.03125      0.50  6000.00  324993024 3276700.00 Closed.
Rat004ch01F0181.bin:  10/15/05 07:39:18.296-15:03:02.296 32  12 kHz 12207.03125      0.50  6000.00  324993024 3276700.00 Closed.
Rat004ch01F0182.bin:  10/15/05 15:03:02.296-22:26:46.218 32  12 kHz 12207.03125      0.50  6000.00  324993024 3276700.00 Closed.
Rat004ch01F0183.bin:  10/15/05 22:26:46.218-05:50:30.156 32  12 kHz 12207.03125      0.50  6000.00  324993024 3276700.00 Closed.
Rat004ch01F0184.bin:  10/16/05 05:50:30.156-13:14:14.171 32  12 kHz 12207.03125      0.50  6000.00  324993024 3276700.00 Closed.
Rat004ch01F0185.bin:  10/16/05 13:14:14.171-20:37:58.125 32  12 kHz 12207.03125      0.50  6000.00  324993024 3276700.00 Closed.
Rat004ch01F0186.bin:  10/16/05 20:37:58.125-04:01:42.062 32  12 kHz 12207.03125      0.50  6000.00  324993024 3276700.00 Closed.
Rat004ch01F0187.bin:  10/17/05 04:01:42.062-10:53:11.171 32  12 kHz 12207.03125      0.50  6000.00  301367296 3276700.00 Closed.
Rat004ch01F0188.bin:  10/17/05 13:56:14.343-13:56:49.421 32  12 kHz 12207.03125      0.50  6000.00     425984 3276700.00 Closed.
Rat004ch01F0189.bin:  10/17/05 17:54:18.718-01:18:02.437 32  12 kHz 12207.03125      0.50  6000.00  324993024 3276700.00 Closed.
Rat004ch01F0190.bin:  10/18/05 01:18:02.437-08:41:46.375 32  12 kHz 12207.03125      0.50  6000.00  324993024 3276700.00 Closed.
Rat004ch01F0191.bin:  10/18/05 08:41:46.375-16:05:30.265 32  12 kHz 12207.03125      0.50  6000.00  324993024 3276700.00 Closed.
Rat004ch01F0192.bin:  10/18/05 16:05:30.265-23:29:14.203 32  12 kHz 12207.03125      0.50  6000.00  324993024 3276700.00 Closed.
Rat004ch01F0193.bin:  10/18/05 23:29:14.203-06:52:58.125 32  12 kHz 12207.03125      0.50  6000.00  324993024 3276700.00 Closed.
Rat004ch01F0194.bin:  10/19/05 06:52:58.125-14:16:42.031 32  12 kHz 12207.03125      0.50  6000.00  324993024 3276700.00 Closed.
Rat004ch01F0195.bin:  10/19/05 14:16:42.031-21:40:25.953 32  12 kHz 12207.03125      0.50  6000.00  324993024 3276700.00 Closed.
Rat004ch01F0196.bin:  10/19/05 21:40:25.953-05:04:09.843 32  12 kHz 12207.03125      0.50  6000.00  324993024 3276700.00 Closed.
Rat004ch01F0197.bin:  10/20/05 05:04:09.843-12:27:53.703 32  12 kHz 12207.03125      0.50  6000.00  324993024 3276700.00 Closed.
Rat004ch01F0198.bin:  10/20/05 12:27:53.703-19:51:37.593 32  12 kHz 12207.03125      0.50  6000.00  324993024 3276700.00 Closed.
Rat004ch01F0199.bin:  10/20/05 19:51:37.593-03:15:21.531 32  12 kHz 12207.03125      0.50  6000.00  324993024 3276700.00 Closed.
Rat004ch01F0200.bin:  10/21/05 03:15:21.531-10:39:05.406 32  12 kHz 12207.03125      0.50  6000.00  324993024 3276700.00 Closed.
Rat004ch01F0201.bin:  10/21/05 10:39:05.406-11:06:05.953 32  12 kHz 12207.03125      0.50  6000.00   19759104 3276700.00 Closed.
Rat004ch01F0202.bin:  10/21/05 13:15:31.734-20:39:15.546 32  12 kHz 12207.03125      0.50  6000.00  324993024 3276700.00 Closed.
Rat004ch01F0203.bin:  10/21/05 20:39:15.546-04:02:59.546 32  12 kHz 12207.03125      0.50  6000.00  324993024 3276700.00 Closed.
Rat004ch01F0204.bin:  10/22/05 04:02:59.546-11:26:43.609 32  12 kHz 12207.03125      0.50  6000.00  324993024 3276700.00 Closed.
Rat004ch01F0205.bin:  10/22/05 11:26:43.609-18:50:27.593 32  12 kHz 12207.03125      0.50  6000.00  324993024 3276700.00 Closed.
Rat004ch01F0206.bin:  10/22/05 18:50:27.593-02:14:11.656 32  12 kHz 12207.03125      0.50  6000.00  324993024 3276700.00 Closed.
Rat004ch01F0207.bin:  10/23/05 02:14:11.656-09:37:55.656 32  12 kHz 12207.03125      0.50  6000.00  324993024 3276700.00 Closed.
Rat004ch01F0208.bin:  10/23/05 09:37:55.656-13:03:31.343 32  12 kHz 12207.03125      0.50  6000.00  150568960 3276700.00 Closed.
Rat004ch01F0209.bin:  10/23/05 13:08:21.796-20:32:05.578 32  12 kHz 12207.03125      0.50  6000.00  324993024 3276700.00 Closed.
Rat004ch01F0210.bin:  10/23/05 20:32:05.578-03:55:49.578 32  12 kHz 12207.03125      0.50  6000.00  324993024 3276700.00 Closed.
Rat004ch01F0211.bin:  10/24/05 03:55:49.578-11:19:33.578 32  12 kHz 12207.03125      0.50  6000.00  324993024 3276700.00 Closed.
Rat004ch01F0212.bin:  10/24/05 11:19:33.578-11:22:00.062 32  12 kHz 12207.03125      0.50  6000.00    1769472 3276700.00 Closed.
Rat004ch01F0213.bin:  10/24/05 15:05:38.390-22:29:22.218 32  12 kHz 12207.03125      0.50  6000.00  324993024 3276700.00 Closed.
Rat004ch01F0214.bin:  10/24/05 22:29:22.218-05:53:06.296 32  12 kHz 12207.03125      0.50  6000.00  324993024 3276700.00 Closed.
Rat004ch01F0215.bin:  10/25/05 05:53:06.296-13:16:50.296 32  12 kHz 12207.03125      0.50  6000.00  324993024 3276700.00 Closed.
Rat004ch01F0216.bin:  10/25/05 13:16:50.296-20:40:34.343 32  12 kHz 12207.03125      0.50  6000.00  324993024 3276700.00 Closed.
Rat004ch01F0217.bin:  10/25/05 20:40:34.343-04:04:18.359 32  12 kHz 12207.03125      0.50  6000.00  324993024 3276700.00 Closed.
Rat004ch01F0218.bin:  10/26/05 04:04:18.359-11:28:02.421 32  12 kHz 12207.03125      0.50  6000.00  324993024 3276700.00 Closed.
Rat004ch01F0219.bin:  10/26/05 11:28:02.421-18:51:46.421 32  12 kHz 12207.03125      0.50  6000.00  324993024 3276700.00 Closed.
Rat004ch01F0220.bin:  10/26/05 18:51:46.421-02:15:30.484 32  12 kHz 12207.03125      0.50  6000.00  324993024 3276700.00 Closed.
Rat004ch01F0221.bin:  10/27/05 02:15:30.484-09:39:14.484 32  12 kHz 12207.03125      0.50  6000.00  324993024 3276700.00 Closed.
Rat004ch01F0222.bin:  10/27/05 09:39:14.484-17:02:58.546 32  12 kHz 12207.03125      0.50  6000.00  324993024 3276700.00 Closed.
Rat004ch01F0223.bin:  10/27/05 17:02:58.546-00:26:42.546 32  12 kHz 12207.03125      0.50  6000.00  324993024 3276700.00 Closed.
Rat004ch01F0224.bin:  10/28/05 00:26:42.546-07:50:26.593 32  12 kHz 12207.03125      0.50  6000.00  324993024 3276700.00 Closed.
Rat004ch01F0225.bin:  10/28/05 07:50:26.593-11:09:31.843 32  12 kHz 12207.03125      0.50  6000.00  145784832 3276700.00 Closed.
Rat004ch01F0226.bin:  10/28/05 14:28:46.312-21:52:30.218 32  12 kHz 12207.03125      0.50  6000.00  324993024 3276700.00 Closed.
Rat004ch01F0227.bin:  10/28/05 21:52:30.218-05:16:14.203 32  12 kHz 12207.03125      0.50  6000.00  324993024 3276700.00 Closed.
Rat004ch01F0228.bin:  10/29/05 05:16:14.203-12:39:58.281 32  12 kHz 12207.03125      0.50  6000.00  324993024 3276700.00 Closed.
Rat004ch01F0229.bin:  10/30/05 17:54:42.531-01:18:26.390 32  12 kHz 12207.03125      0.50  6000.00  324993024 3276700.00 Closed.
Rat004ch01F0230.bin:  10/31/05 01:18:26.390-08:42:10.437 32  12 kHz 12207.03125      0.50  6000.00  324993024 3276700.00 Closed.
Rat004ch01F0231.bin:  10/31/05 08:42:10.437-16:05:54.437 32  12 kHz 12207.03125      0.50  6000.00  324993024 3276700.00 Closed.
Rat004ch01F0232.bin:  10/31/05 16:05:54.437-23:29:38.468 32  12 kHz 12207.03125      0.50  6000.00  324993024 3276700.00 Closed.
Rat004ch01F0233.bin:  10/31/05 23:29:38.468-06:53:22.484 32  12 kHz 12207.03125      0.50  6000.00  324993024 3276700.00 Closed.
Rat004ch01F0234.bin:  11/01/05 06:53:22.484-09:23:55.156 32  12 kHz 12207.03125      0.50  6000.00  110231552 3276700.00 Closed.
Rat004ch01F0235.bin:  11/01/05 11:01:43.140-18:25:27.000 32  12 kHz 12207.03125      0.50  6000.00  324993024 3276700.00 Closed.
Rat004ch01F0236.bin:  11/01/05 18:25:27.000-01:49:10.984 32  12 kHz 12207.03125      0.50  6000.00  324993024 3276700.00 Closed.
Rat004ch01F0237.bin:  11/02/05 01:49:10.984-09:12:54.984 32  12 kHz 12207.03125      0.50  6000.00  324993024 3276700.00 Closed.
Rat004ch01F0238.bin:  11/02/05 09:12:54.984-16:36:39.046 32  12 kHz 12207.03125      0.50  6000.00  324993024 3276700.00 Closed.
Rat004ch01F0239.bin:  11/02/05 16:36:39.046-00:00:23.062 32  12 kHz 12207.03125      0.50  6000.00  324993024 3276700.00 Closed.
Rat004ch01F0240.bin:  11/03/05 00:00:23.062-07:24:07.062 32  12 kHz 12207.03125      0.50  6000.00  324993024 3276700.00 Closed.
Rat004ch01F0241.bin:  11/03/05 07:24:07.062-14:47:51.109 32  12 kHz 12207.03125      0.50  6000.00  324993024 3276700.00 Closed.
Rat004ch01F0242.bin:  11/03/05 14:47:51.109-22:11:35.125 32  12 kHz 12207.03125      0.50  6000.00  324993024 3276700.00 Closed.
Rat004ch01F0243.bin:  11/03/05 22:11:35.125-05:35:19.125 32  12 kHz 12207.03125      0.50  6000.00  324993024 3276700.00 Closed.
Rat004ch01F0244.bin:  11/04/05 05:35:19.125-12:59:03.187 32  12 kHz 12207.03125      0.50  6000.00  324993024 3276700.00 Closed.
Rat004ch01F0245.bin:  11/04/05 12:59:03.187-13:56:55.484 32  12 kHz 12207.03125      0.50  6000.00   42369024 3276700.00 Closed.
Rat004ch01F0246.bin:  11/04/05 14:12:14.687-21:35:58.578 32  12 kHz 12207.03125      0.50  6000.00  324993024 3276700.00 Closed.
Rat004ch01F0247.bin:  11/04/05 21:35:58.578-04:59:42.578 32  12 kHz 12207.03125      0.50  6000.00  324993024 3276700.00 Closed.
Rat004ch01F0248.bin:  11/05/05 04:59:42.578-12:23:26.640 32  12 kHz 12207.03125      0.50  6000.00  324993024 3276700.00 Closed.
Rat004ch01F0249.bin:  11/05/05 12:23:26.640-15:30:34.875 32  12 kHz 12207.03125      0.50  6000.00  137035776 3276700.00 Closed.
Rat004ch01F0250.bin:  11/05/05 15:34:25.906-22:58:09.828 32  12 kHz 12207.03125      0.50  6000.00  324993024 3276700.00 Closed.
Rat004ch01F0251.bin:  11/05/05 22:58:09.828-06:21:53.828 32  12 kHz 12207.03125      0.50  6000.00  324993024 3276700.00 Closed.
Rat004ch01F0252.bin:  11/06/05 06:21:53.828-13:45:37.812 32  12 kHz 12207.03125      0.50  6000.00  324993024 3276700.00 Closed.
Rat004ch01F0253.bin:  11/06/05 13:45:37.812-21:09:21.890 32  12 kHz 12207.03125      0.50  6000.00  324993024 3276700.00 Closed.
Rat004ch01F0254.bin:  11/06/05 21:09:21.890-04:33:05.875 32  12 kHz 12207.03125      0.50  6000.00  324993024 3276700.00 Closed.
Rat004ch01F0255.bin:  11/07/05 04:33:05.875-11:56:49.953 32  12 kHz 12207.03125      0.50  6000.00  324993024 3276700.00 Closed.
Rat004ch01F0256.bin:  11/07/05 11:56:49.953-19:20:33.953 32  12 kHz 12207.03125      0.50  6000.00  324993024 3276700.00 Closed.
Rat004ch01F0257.bin:  11/07/05 19:20:33.953-02:44:18.000 32  12 kHz 12207.03125      0.50  6000.00  324993024 3276700.00 Closed.
Rat004ch01F0258.bin:  11/08/05 02:44:18.000-10:08:02.015 32  12 kHz 12207.03125      0.50  6000.00  324993024 3276700.00 Closed.
Rat004ch01F0259.bin:  11/08/05 10:08:02.015-17:31:46.015 32  12 kHz 12207.03125      0.50  6000.00  324993024 3276700.00 Closed.
Rat004ch01F0260.bin:  11/08/05 17:31:46.015-00:55:30.078 32  12 kHz 12207.03125      0.50  6000.00  324993024 3276700.00 Closed.
Rat004ch01F0261.bin:  11/09/05 00:55:30.078-08:19:14.062 32  12 kHz 12207.03125      0.50  6000.00  324993024 3276700.00 Closed.
Rat004ch01F0262.bin:  11/09/05 08:19:14.062-15:42:58.125 32  12 kHz 12207.03125      0.50  6000.00  324993024 3276700.00 Closed.
Rat004ch01F0263.bin:  11/09/05 15:42:58.125-23:06:42.140 32  12 kHz 12207.03125      0.50  6000.00  324993024 3276700.00 Closed.
Rat004ch01F0264.bin:  11/09/05 23:06:42.140-06:30:26.203 32  12 kHz 12207.03125      0.50  6000.00  324993024 3276700.00 Closed.
Rat004ch01F0265.bin:  11/10/05 06:30:26.203-13:54:10.203 32  12 kHz 12207.03125      0.50  6000.00  324993024 3276700.00 Closed.
Rat004ch01F0266.bin:  11/10/05 13:54:10.203-21:17:54.265 32  12 kHz 12207.03125      0.50  6000.00  324993024 3276700.00 Closed.
Rat004ch01F0267.bin:  11/10/05 21:17:54.265-04:41:38.265 32  12 kHz 12207.03125      0.50  6000.00  324993024 3276700.00 Closed.
Rat004ch01F0268.bin:  11/11/05 04:41:38.265-12:05:22.312 32  12 kHz 12207.03125      0.50  6000.00  324993024 3276700.00 Closed.
Rat004ch01F0269.bin:  11/11/05 12:05:22.312-19:29:06.390 32  12 kHz 12207.03125      0.50  6000.00  324993024 3276700.00 Closed.
Rat004ch01F0270.bin:  11/11/05 19:29:06.390-02:52:50.390 32  12 kHz 12207.03125      0.50  6000.00  324993024 3276700.00 Closed.
Rat004ch01F0271.bin:  11/12/05 02:52:50.390-10:16:34.453 32  12 kHz 12207.03125      0.50  6000.00  324993024 3276700.00 Closed.
Rat004ch01F0272.bin:  11/12/05 10:16:34.453-17:40:18.453 32  12 kHz 12207.03125      0.50  6000.00  324993024 3276700.00 Closed.
Rat004ch01F0273.bin:  11/12/05 17:40:18.453-01:04:02.515 32  12 kHz 12207.03125      0.50  6000.00  324993024 3276700.00 Closed.
Rat004ch01F0274.bin:  11/13/05 01:04:02.515-08:27:46.562 32  12 kHz 12207.03125      0.50  6000.00  324993024 3276700.00 Closed.
Rat004ch01F0275.bin:  11/13/05 08:27:46.562-15:51:30.562 32  12 kHz 12207.03125      0.50  6000.00  324993024 3276700.00 Closed.
Rat004ch01F0276.bin:  11/13/05 15:51:30.562-20:40:33.750 32  12 kHz 12207.03125      0.50  6000.00  127795200 3276700.00 Closed.
Rat004ch01F0277.bin:  11/13/05 20:40:56.781-04:04:40.218 32  12 kHz 12207.03125      0.50  6000.00  324993024 3276700.00 Closed.
Rat004ch01F0278.bin:  11/14/05 04:04:40.218-11:28:24.281 32  12 kHz 12207.03125      0.50  6000.00  324993024 3276700.00 Closed.
Rat004ch01F0279.bin:  11/14/05 11:28:24.281-18:52:08.312 32  12 kHz 12207.03125      0.50  6000.00  324993024 3276700.00 Closed.
Rat004ch01F0280.bin:  11/14/05 18:52:08.312-02:15:52.312 32  12 kHz 12207.03125      0.50  6000.00  324993024 3276700.00 Closed.
Rat004ch01F0281.bin:  11/15/05 02:15:52.312-09:39:36.375 32  12 kHz 12207.03125      0.50  6000.00  324993024 3276700.00 Closed.
Rat004ch01F0282.bin:  11/15/05 09:39:36.375-17:03:20.375 32  12 kHz 12207.03125      0.50  6000.00  324993024 3276700.00 Closed.
Rat004ch01F0283.bin:  11/15/05 17:03:20.375-00:27:04.437 32  12 kHz 12207.03125      0.50  6000.00  324993024 3276700.00 Closed.
Rat004ch01F0284.bin:  11/16/05 00:27:04.437-07:50:48.500 32  12 kHz 12207.03125      0.50  6000.00  324993024 3276700.00 Closed.
Rat004ch01F0285.bin:  11/16/05 07:50:48.500-15:14:32.500 32  12 kHz 12207.03125      0.50  6000.00  324993024 3276700.00 Closed.
Rat004ch01F0286.bin:  11/16/05 15:14:32.500-22:38:16.562 32  12 kHz 12207.03125      0.50  6000.00  324993024 3276700.00 Closed.
Rat004ch01F0287.bin:  11/16/05 22:38:16.562-06:02:00.625 32  12 kHz 12207.03125      0.50  6000.00  324993024 3276700.00 Closed.
Rat004ch01F0288.bin:  11/17/05 06:02:00.625-13:25:44.625 32  12 kHz 12207.03125      0.50  6000.00  324993024 3276700.00 Closed.
Rat004ch01F0289.bin:  11/17/05 13:25:44.625-20:49:28.687 32  12 kHz 12207.03125      0.50  6000.00  324993024 3276700.00 Closed.
Rat004ch01F0290.bin:  11/17/05 20:49:28.687-04:13:12.734 32  12 kHz 12207.03125      0.50  6000.00  324993024 3276700.00 Closed.
Rat004ch01F0291.bin:  11/18/05 04:13:12.734-10:18:46.046 32  12 kHz 12207.03125      0.50  6000.00  267714560 3276700.00 Closed.
Rat004ch01F0292.bin:  11/18/05 10:33:55.437-17:57:39.312 32  12 kHz 12207.03125      0.50  6000.00  324993024 3276700.00 Closed.
Rat004ch01F0293.bin:  11/18/05 17:57:39.312-01:21:23.312 32  12 kHz 12207.03125      0.50  6000.00  324993024 3276700.00 Closed.
Rat004ch01F0294.bin:  11/19/05 01:21:23.312-08:45:07.375 32  12 kHz 12207.03125      0.50  6000.00  324993024 3276700.00 Closed.
Rat004ch01F0295.bin:  11/19/05 08:45:07.375-16:08:51.437 32  12 kHz 12207.03125      0.50  6000.00  324993024 3276700.00 Closed.
Rat004ch01F0296.bin:  11/19/05 16:08:51.437-23:32:35.437 32  12 kHz 12207.03125      0.50  6000.00  324993024 3276700.00 Closed.
Rat004ch01F0297.bin:  11/19/05 23:32:35.437-06:56:19.484 32  12 kHz 12207.03125      0.50  6000.00  324993024 3276700.00 Closed.
Rat004ch01F0298.bin:  11/20/05 06:56:19.484-14:20:03.562 32  12 kHz 12207.03125      0.50  6000.00  324993024 3276700.00 Closed.
Rat004ch01F0299.bin:  11/20/05 14:20:03.562-21:43:47.562 32  12 kHz 12207.03125      0.50  6000.00  324993024 3276700.00 Closed.
Rat004ch01F0300.bin:  11/20/05 21:43:47.562-05:07:31.625 32  12 kHz 12207.03125      0.50  6000.00  324993024 3276700.00 Closed.
Rat004ch01F0301.bin:  11/21/05 05:07:31.625-12:31:15.687 32  12 kHz 12207.03125      0.50  6000.00  324993024 3276700.00 Closed.
Rat004ch01F0302.bin:  11/21/05 12:31:15.687-19:54:59.687 32  12 kHz 12207.03125      0.50  6000.00  324993024 3276700.00 Closed.
Rat004ch01F0303.bin:  11/21/05 19:54:59.687-03:18:43.750 32  12 kHz 12207.03125      0.50  6000.00  324993024 3276700.00 Closed.
Rat004ch01F0304.bin:  11/22/05 03:18:43.750-10:42:27.812 32  12 kHz 12207.03125      0.50  6000.00  324993024 3276700.00 Closed.
Rat004ch01F0305.bin:  11/22/05 10:42:27.812-15:00:53.484 32  12 kHz 12207.03125      0.50  6000.00  189267968 3276700.00 Closed.
