Rat#..CH#.File..bin:    Date         Time Period        Chs   Rate    Actual           Band-Pass      Samples   Scale    Status 
Rat010ch01F0001.bin:  05/21/07 16:19:15.578-23:42:58.421 32  12 kHz 12207.03125      0.50  6000.00  324993024 3276700.00 Closed.
Rat010ch01F0002.bin:  05/21/07 23:42:58.421-07:06:41.359 32  12 kHz 12207.03125      0.50  6000.00  324993024 3276700.00 Closed.
Rat010ch01F0003.bin:  05/22/07 07:06:41.359-09:06:31.718 32  12 kHz 12207.03125      0.50  6000.00   87752704 3276700.00 Closed.
Rat010ch01F0004.bin:  05/22/07 09:09:26.281-15:20:28.296 32  12 kHz 12207.03125      0.50  6000.00  271777792 3276700.00 Closed.
Rat010ch01F0005.bin:  05/22/07 16:17:20.859-23:41:02.796 32  12 kHz 12207.03125      0.50  6000.00  324993024 3276700.00 Closed.
Rat010ch01F0006.bin:  05/22/07 23:41:02.796-07:04:45.734 32  12 kHz 12207.03125      0.50  6000.00  324993024 3276700.00 Closed.
Rat010ch01F0007.bin:  05/23/07 07:04:45.734-14:28:28.703 32  12 kHz 12207.03125      0.50  6000.00  324993024 3276700.00 Closed.
Rat010ch01F0008.bin:  05/23/07 14:28:28.703-21:52:11.703 32  12 kHz 12207.03125      0.50  6000.00  324993024 3276700.00 Closed.
Rat010ch01F0009.bin:  05/23/07 21:52:11.703-05:15:54.640 32  12 kHz 12207.03125      0.50  6000.00  324993024 3276700.00 Closed.
Rat010ch01F0010.bin:  05/24/07 05:15:54.640-05:15:54.640 32  12 kHz 12207.03125      0.50  6000.00  304152576 3276700.00 Closed.
Rat010ch01F0011.bin:  05/24/07 12:21:12.890-12:35:08.875 32  12 kHz 12207.03125      0.50  6000.00   10190848 3276700.00 Closed.
Rat010ch01F0012.bin:  05/24/07 12:55:27.875-20:19:08.843 32  12 kHz 12207.03125      0.50  6000.00  324993024 3276700.00 Closed.
Rat010ch01F0013.bin:  05/24/07 20:19:08.843-03:42:51.765 32  12 kHz 12207.03125      0.50  6000.00  324993024 3276700.00 Closed.
Rat010ch01F0014.bin:  05/25/07 03:42:51.765-08:59:35.062 32  12 kHz 12207.03125      0.50  6000.00  231964672 3276700.00 Closed.
Rat010ch01F0015.bin:  05/25/07 11:10:21.187-18:34:03.203 32  12 kHz 12207.03125      0.50  6000.00  324993024 3276700.00 Closed.
Rat010ch01F0016.bin:  05/25/07 18:34:03.203-01:57:46.203 32  12 kHz 12207.03125      0.50  6000.00  324993024 3276700.00 Closed.
Rat010ch01F0017.bin:  05/26/07 01:57:46.203-09:21:29.140 32  12 kHz 12207.03125      0.50  6000.00  324993024 3276700.00 Closed.
Rat010ch01F0018.bin:  05/26/07 09:21:29.140-16:45:12.140 32  12 kHz 12207.03125      0.50  6000.00  324993024 3276700.00 Closed.
Rat010ch01F0019.bin:  05/26/07 16:45:12.140-00:08:55.078 32  12 kHz 12207.03125      0.50  6000.00  324993024 3276700.00 Closed.
Rat010ch01F0020.bin:  05/27/07 00:08:55.078-07:32:38.015 32  12 kHz 12207.03125      0.50  6000.00  324993024 3276700.00 Closed.
Rat010ch01F0021.bin:  05/27/07 07:32:38.015-14:57:28.125 32  12 kHz 12207.03125      0.50  6000.00  324993024 3276700.00 Closed.
Rat010ch01F0022.bin:  05/27/07 14:57:28.125-22:21:11.078 32  12 kHz 12207.03125      0.50  6000.00  324993024 3276700.00 Closed.
Rat010ch01F0023.bin:  05/27/07 22:21:11.078-05:44:54.000 32  12 kHz 12207.03125      0.50  6000.00  324993024 3276700.00 Closed.
Rat010ch01F0024.bin:  05/28/07 05:44:54.000-13:08:37.000 32  12 kHz 12207.03125      0.50  6000.00  324993024 3276700.00 Closed.
Rat010ch01F0025.bin:  05/28/07 13:08:37.000-20:32:19.937 32  12 kHz 12207.03125      0.50  6000.00  324993024 3276700.00 Closed.
Rat010ch01F0026.bin:  05/28/07 20:32:19.937-03:56:02.875 32  12 kHz 12207.03125      0.50  6000.00  324993024 3276700.00 Closed.
Rat010ch01F0027.bin:  05/29/07 03:56:02.875-11:19:45.812 32  12 kHz 12207.03125      0.50  6000.00  324993024 3276700.00 Closed.
Rat010ch01F0028.bin:  05/29/07 11:19:45.812-18:43:28.781 32  12 kHz 12207.03125      0.50  6000.00  324993024 3276700.00 Closed.
Rat010ch01F0029.bin:  05/29/07 18:43:28.781-02:07:11.718 32  12 kHz 12207.03125      0.50  6000.00  324993024 3276700.00 Closed.
Rat010ch01F0030.bin:  05/30/07 02:07:11.718-09:30:54.718 32  12 kHz 12207.03125      0.50  6000.00  324993024 3276700.00 Closed.
Rat010ch01F0031.bin:  05/30/07 09:30:54.718-13:57:01.343 32  12 kHz 12207.03125      0.50  6000.00  194904064 3276700.00 Closed.
Rat010ch01F0032.bin:  05/30/07 13:57:37.359-14:06:27.875 32  12 kHz 12207.03125      0.50  6000.00    6455296 3276700.00 Closed.
Rat010ch01F0033.bin:  06/01/07 15:10:14.250-22:33:56.812 32  12 kHz 12207.03125      0.50  6000.00  324993024 3276700.00 Closed.
Rat010ch01F0034.bin:  06/01/07 22:33:56.812-05:57:40.984 32  12 kHz 12207.03125      0.50  6000.00  324993024 3276700.00 Closed.
Rat010ch01F0035.bin:  06/02/07 05:57:40.984-11:00:06.937 32  12 kHz 12207.03125      0.50  6000.00  221511680 3276700.00 Closed.
Rat010ch01F0036.bin:  06/02/07 12:11:22.375-19:35:04.734 32  12 kHz 12207.03125      0.50  6000.00  324993024 3276700.00 Closed.
Rat010ch01F0037.bin:  06/02/07 19:35:04.734-02:58:47.671 32  12 kHz 12207.03125      0.50  6000.00  324993024 3276700.00 Closed.
Rat010ch01F0038.bin:  06/03/07 02:58:47.671-10:22:30.671 32  12 kHz 12207.03125      0.50  6000.00  324993024 3276700.00 Closed.
Rat010ch01F0039.bin:  06/03/07 10:22:30.671-14:54:15.609 32  12 kHz 12207.03125      0.50  6000.00  199032832 3276700.00 Closed.
Rat010ch01F0040.bin:  06/03/07 14:54:41.187-22:18:23.984 32  12 kHz 12207.03125      0.50  6000.00  324993024 3276700.00 Closed.
Rat010ch01F0041.bin:  06/03/07 22:18:23.984-05:42:06.984 32  12 kHz 12207.03125      0.50  6000.00  324993024 3276700.00 Closed.
Rat010ch01F0042.bin:  06/04/07 05:42:06.984-10:22:31.906 32  12 kHz 12207.03125      0.50  6000.00  205357056 3276700.00 Closed.
Rat010ch01F0043.bin:  06/04/07 14:17:17.796-14:18:17.265 32  12 kHz 12207.03125      0.50  6000.00     720896 3276700.00 Closed.
Rat010ch01F0044.bin:  06/08/07 13:09:59.765-13:12:37.750 32  12 kHz 12207.03125      0.50  6000.00    1933312 3276700.00 Closed.
Rat010ch01F0045.bin:  06/08/07 13:13:55.015-20:37:37.843 32  12 kHz 12207.03125      0.50  6000.00  324993024 3276700.00 Closed.
Rat010ch01F0046.bin:  06/08/07 20:37:37.843-04:01:20.265 32  12 kHz 12207.03125      0.50  6000.00  324993024 3276700.00 Closed.
Rat010ch01F0047.bin:  06/09/07 04:01:20.265-11:25:03.265 32  12 kHz 12207.03125      0.50  6000.00  324993024 3276700.00 Closed.
Rat010ch01F0048.bin:  06/09/07 11:25:03.265-18:48:46.203 32  12 kHz 12207.03125      0.50  6000.00  324993024 3276700.00 Closed.
Rat010ch01F0049.bin:  06/09/07 18:48:46.203-02:12:29.203 32  12 kHz 12207.03125      0.50  6000.00  324993024 3276700.00 Closed.
Rat010ch01F0050.bin:  06/10/07 02:12:29.203-09:36:12.140 32  12 kHz 12207.03125      0.50  6000.00  324993024 3276700.00 Closed.
Rat010ch01F0051.bin:  06/10/07 09:36:12.140-16:59:55.125 32  12 kHz 12207.03125      0.50  6000.00  324993024 3276700.00 Closed.
Rat010ch01F0052.bin:  06/10/07 16:59:55.125-16:59:55.125 32  12 kHz 12207.03125      0.50  6000.00    8552448 3276700.00 Closed.
Rat010ch01F0053.bin:  06/10/07 18:01:30.750-00:00:00.000 32  12 kHz 12207.03125      0.50  6000.00    3571712 3276700.00 Closed.
Rat010ch01F0054.bin:  06/10/07 18:18:22.406-01:42:04.796 32  12 kHz 12207.03125      0.50  6000.00  324993024 3276700.00 Closed.
Rat010ch01F0055.bin:  06/11/07 01:42:04.796-09:05:47.734 32  12 kHz 12207.03125      0.50  6000.00  324993024 3276700.00 Closed.
Rat010ch01F0056.bin:  06/11/07 09:05:47.734-16:29:30.718 32  12 kHz 12207.03125      0.50  6000.00  324993024 3276700.00 Closed.
Rat010ch01F0057.bin:  06/11/07 16:29:30.718-16:29:30.718 32  12 kHz 12207.03125      0.50  6000.00  149028864 3276700.00 Closed.
Rat010ch01F0058.bin:  06/11/07 20:02:30.031-03:26:09.984 32  12 kHz 12207.03125      0.50  6000.00  324960256 3276700.00 Closed.
Rat010ch01F0059.bin:  06/12/07 03:26:09.984-10:49:52.937 32  12 kHz 12207.03125      0.50  6000.00  324993024 3276700.00 Closed.
Rat010ch01F0060.bin:  06/12/07 10:49:52.937-18:13:35.875 32  12 kHz 12207.03125      0.50  6000.00  324993024 3276700.00 Closed.
Rat010ch01F0061.bin:  06/12/07 18:13:35.875-01:37:18.812 32  12 kHz 12207.03125      0.50  6000.00  324993024 3276700.00 Closed.
Rat010ch01F0062.bin:  06/13/07 01:37:18.812-09:01:01.750 32  12 kHz 12207.03125      0.50  6000.00  324993024 3276700.00 Closed.
Rat010ch01F0063.bin:  06/13/07 09:01:01.750-16:24:44.687 32  12 kHz 12207.03125      0.50  6000.00  324993024 3276700.00 Closed.
Rat010ch01F0064.bin:  06/13/07 16:24:44.687-16:24:44.687 32  12 kHz 12207.03125      0.50  6000.00   30048256 3276700.00 Closed.
Rat010ch01F0065.bin:  06/14/07 12:27:41.531-19:51:23.953 32  12 kHz 12207.03125      0.50  6000.00  324993024 3276700.00 Closed.
Rat010ch01F0066.bin:  06/14/07 19:51:23.953-03:15:06.968 32  12 kHz 12207.03125      0.50  6000.00  324993024 3276700.00 Closed.
Rat010ch01F0067.bin:  06/15/07 03:15:06.968-10:38:50.062 32  12 kHz 12207.03125      0.50  6000.00  324993024 3276700.00 Closed.
Rat010ch01F0068.bin:  06/15/07 10:38:50.062-14:51:08.750 32  12 kHz 12207.03125      0.50  6000.00  184778752 3276700.00 Closed.
Rat010ch01F0069.bin:  06/15/07 14:56:03.109-22:19:45.937 32  12 kHz 12207.03125      0.50  6000.00  324993024 3276700.00 Closed.
Rat010ch01F0070.bin:  06/15/07 22:19:45.937-05:43:28.937 32  12 kHz 12207.03125      0.50  6000.00  324993024 3276700.00 Closed.
Rat010ch01F0071.bin:  06/16/07 05:43:28.937-13:07:11.937 32  12 kHz 12207.03125      0.50  6000.00  324993024 3276700.00 Closed.
Rat010ch01F0072.bin:  06/16/07 13:07:11.937-20:30:54.937 32  12 kHz 12207.03125      0.50  6000.00  324993024 3276700.00 Closed.
Rat010ch01F0073.bin:  06/16/07 20:30:54.937-03:54:37.921 32  12 kHz 12207.03125      0.50  6000.00  324993024 3276700.00 Closed.
Rat010ch01F0074.bin:  06/17/07 03:54:37.921-11:18:20.953 32  12 kHz 12207.03125      0.50  6000.00  324993024 3276700.00 Closed.
Rat010ch01F0075.bin:  06/17/07 11:18:20.953-18:42:04.015 32  12 kHz 12207.03125      0.50  6000.00  324993024 3276700.00 Closed.
Rat010ch01F0076.bin:  06/17/07 18:42:04.015-02:05:46.921 32  12 kHz 12207.03125      0.50  6000.00  324993024 3276700.00 Closed.
Rat010ch01F0077.bin:  06/18/07 02:05:46.921-09:29:29.953 32  12 kHz 12207.03125      0.50  6000.00  324993024 3276700.00 Closed.
Rat010ch01F0078.bin:  06/18/07 09:29:29.953-16:53:12.953 32  12 kHz 12207.03125      0.50  6000.00  324993024 3276700.00 Closed.
Rat010ch01F0079.bin:  06/18/07 16:53:12.953-00:16:56.015 32  12 kHz 12207.03125      0.50  6000.00  324993024 3276700.00 Closed.
Rat010ch01F0080.bin:  06/19/07 00:16:56.015-07:40:39.015 32  12 kHz 12207.03125      0.50  6000.00  324993024 3276700.00 Closed.
Rat010ch01F0081.bin:  06/19/07 07:40:39.015-15:04:22.015 32  12 kHz 12207.03125      0.50  6000.00  324993024 3276700.00 Closed.
Rat010ch01F0082.bin:  06/19/07 15:04:22.015-22:28:05.015 32  12 kHz 12207.03125      0.50  6000.00  324993024 3276700.00 Closed.
Rat010ch01F0083.bin:  06/19/07 22:28:05.015-05:51:48.015 32  12 kHz 12207.03125      0.50  6000.00  324993024 3276700.00 Closed.
Rat010ch01F0084.bin:  06/20/07 05:51:48.015-05:51:48.015 32  12 kHz 12207.03125      0.50  6000.00  234881024 3276700.00 Closed.
Rat010ch01F0085.bin:  06/20/07 11:12:57.953-18:36:40.734 32  12 kHz 12207.03125      0.50  6000.00  324993024 3276700.00 Closed.
Rat010ch01F0086.bin:  06/20/07 18:36:40.734-02:00:23.796 32  12 kHz 12207.03125      0.50  6000.00  324993024 3276700.00 Closed.
Rat010ch01F0087.bin:  06/21/07 02:00:23.796-09:24:06.796 32  12 kHz 12207.03125      0.50  6000.00  324993024 3276700.00 Closed.
Rat010ch01F0088.bin:  06/21/07 09:24:06.796-16:47:49.796 32  12 kHz 12207.03125      0.50  6000.00  324993024 3276700.00 Closed.
Rat010ch01F0089.bin:  06/21/07 16:47:49.796-00:11:32.796 32  12 kHz 12207.03125      0.50  6000.00  324993024 3276700.00 Closed.
Rat010ch01F0090.bin:  06/22/07 00:11:32.796-07:35:15.875 32  12 kHz 12207.03125      0.50  6000.00  324993024 3276700.00 Closed.
Rat010ch01F0091.bin:  06/22/07 07:35:15.875-11:09:06.890 32  12 kHz 12207.03125      0.50  6000.00  324993024 3276700.00 Closed.
Rat010ch01F0092.bin:  06/22/07 11:44:55.125-19:08:37.937 32  12 kHz 12207.03125      0.50  6000.00  324993024 3276700.00 Closed.
Rat010ch01F0093.bin:  06/22/07 19:08:37.937-02:32:20.937 32  12 kHz 12207.03125      0.50  6000.00  324993024 3276700.00 Closed.
Rat010ch01F0094.bin:  06/23/07 02:32:20.937-09:56:04.000 32  12 kHz 12207.03125      0.50  6000.00  324993024 3276700.00 Closed.
Rat010ch01F0095.bin:  06/23/07 09:56:04.000-17:19:47.000 32  12 kHz 12207.03125      0.50  6000.00  324993024 3276700.00 Closed.
Rat010ch01F0096.bin:  06/23/07 17:19:47.000-00:43:30.015 32  12 kHz 12207.03125      0.50  6000.00  324993024 3276700.00 Closed.
Rat010ch01F0097.bin:  06/24/07 00:43:30.015-08:07:12.968 32  12 kHz 12207.03125      0.50  6000.00  324993024 3276700.00 Closed.
Rat010ch01F0098.bin:  06/24/07 08:07:12.968-15:30:55.968 32  12 kHz 12207.03125      0.50  6000.00  324993024 3276700.00 Closed.
Rat010ch01F0099.bin:  06/24/07 15:30:55.968-22:54:38.968 32  12 kHz 12207.03125      0.50  6000.00  324993024 3276700.00 Closed.
Rat010ch01F0100.bin:  06/24/07 22:54:38.968-06:18:22.031 32  12 kHz 12207.03125      0.50  6000.00  324993024 3276700.00 Closed.
Rat010ch01F0101.bin:  06/25/07 06:18:22.031-07:47:47.265 32  12 kHz 12207.03125      0.50  6000.00  324993024 3276700.00 Closed.
Rat010ch01F0102.bin:  06/25/07 11:13:35.343-18:37:18.203 32  12 kHz 12207.03125      0.50  6000.00  324993024 3276700.00 Closed.
Rat010ch01F0103.bin:  06/25/07 18:37:18.203-02:01:01.203 32  12 kHz 12207.03125      0.50  6000.00  324993024 3276700.00 Closed.
Rat010ch01F0104.bin:  06/26/07 02:01:01.203-09:24:44.203 32  12 kHz 12207.03125      0.50  6000.00  324993024 3276700.00 Closed.
Rat010ch01F0105.bin:  06/26/07 09:24:44.203-00:00:00.000 32  12 kHz 12207.03125      0.50  6000.00          0 3276700.00 Opened.
