Rat#..CH#.File..bin:    Date         Time Period        Chs   Rate    Actual           Band-Pass      Samples   Scale    Status 
Rat007ch01F0001.bin:  02/12/07 16:04:10.125-23:27:54.000 32  12 kHz 12207.03125      0.50  6000.00  324993024 3276700.00 Closed.
Rat007ch01F0002.bin:  02/12/07 23:27:54.000-06:51:38.046 32  12 kHz 12207.03125      0.50  6000.00  324993024 3276700.00 Closed.
Rat007ch01F0003.bin:  02/13/07 06:51:38.046-14:15:22.046 32  12 kHz 12207.03125      0.50  6000.00  324993024 3276700.00 Closed.
Rat007ch01F0004.bin:  02/13/07 14:15:22.046-21:39:06.125 32  12 kHz 12207.03125      0.50  6000.00  324993024 3276700.00 Closed.
Rat007ch01F0005.bin:  02/13/07 21:39:06.125-05:02:50.125 32  12 kHz 12207.03125      0.50  6000.00  324993024 3276700.00 Closed.
Rat007ch01F0006.bin:  02/14/07 05:02:50.125-10:33:19.609 32  12 kHz 12207.03125      0.50  6000.00  242024448 3276700.00 Closed.
Rat007ch01F0007.bin:  02/14/07 10:38:52.875-18:02:36.765 32  12 kHz 12207.03125      0.50  6000.00  324993024 3276700.00 Closed.
Rat007ch01F0008.bin:  02/14/07 18:02:36.765-01:26:20.765 32  12 kHz 12207.03125      0.50  6000.00  324993024 3276700.00 Closed.
Rat007ch01F0009.bin:  02/15/07 01:26:20.765-08:50:04.843 32  12 kHz 12207.03125      0.50  6000.00  324993024 3276700.00 Closed.
Rat007ch01F0010.bin:  02/15/07 08:50:04.843-16:13:48.843 32  12 kHz 12207.03125      0.50  6000.00  324993024 3276700.00 Closed.
Rat007ch01F0011.bin:  02/15/07 16:13:48.843-23:37:32.843 32  12 kHz 12207.03125      0.50  6000.00  324993024 3276700.00 Closed.
Rat007ch01F0012.bin:  02/15/07 23:37:32.843-07:01:16.843 32  12 kHz 12207.03125      0.50  6000.00  324993024 3276700.00 Closed.
Rat007ch01F0013.bin:  02/16/07 07:01:16.843-10:25:57.953 32  12 kHz 12207.03125      0.50  6000.00  149913600 3276700.00 Closed.
Rat007ch01F0014.bin:  02/16/07 10:33:20.359-17:57:04.250 32  12 kHz 12207.03125      0.50  6000.00  324993024 3276700.00 Closed.
Rat007ch01F0015.bin:  02/16/07 17:57:04.250-01:20:48.234 32  12 kHz 12207.03125      0.50  6000.00  324993024 3276700.00 Closed.
Rat007ch01F0016.bin:  02/17/07 01:20:48.234-08:44:32.250 32  12 kHz 12207.03125      0.50  6000.00  324993024 3276700.00 Closed.
Rat007ch01F0017.bin:  02/17/07 08:44:32.250-16:08:16.312 32  12 kHz 12207.03125      0.50  6000.00  324993024 3276700.00 Closed.
Rat007ch01F0018.bin:  02/17/07 16:08:16.312-23:32:00.312 32  12 kHz 12207.03125      0.50  6000.00  324993024 3276700.00 Closed.
Rat007ch01F0019.bin:  02/17/07 23:32:00.312-06:55:44.312 32  12 kHz 12207.03125      0.50  6000.00  324993024 3276700.00 Closed.
Rat007ch01F0020.bin:  02/18/07 06:55:44.312-14:19:28.296 32  12 kHz 12207.03125      0.50  6000.00  324993024 3276700.00 Closed.
Rat007ch01F0021.bin:  02/18/07 14:19:28.296-21:43:12.375 32  12 kHz 12207.03125      0.50  6000.00  324993024 3276700.00 Closed.
Rat007ch01F0022.bin:  02/18/07 21:43:12.375-05:06:56.375 32  12 kHz 12207.03125      0.50  6000.00  324993024 3276700.00 Closed.
Rat007ch01F0023.bin:  02/19/07 05:06:56.375-12:30:40.375 32  12 kHz 12207.03125      0.50  6000.00  324993024 3276700.00 Closed.
Rat007ch01F0024.bin:  02/19/07 12:30:40.375-19:54:24.421 32  12 kHz 12207.03125      0.50  6000.00  324993024 3276700.00 Closed.
Rat007ch01F0025.bin:  02/19/07 19:54:24.421-03:18:08.390 32  12 kHz 12207.03125      0.50  6000.00  324993024 3276700.00 Closed.
Rat007ch01F0026.bin:  02/20/07 03:18:08.390-10:41:52.375 32  12 kHz 12207.03125      0.50  6000.00  324993024 3276700.00 Closed.
Rat007ch01F0027.bin:  02/20/07 10:41:52.375-18:05:36.375 32  12 kHz 12207.03125      0.50  6000.00  324993024 3276700.00 Closed.
Rat007ch01F0028.bin:  02/20/07 18:05:36.375-01:29:20.375 32  12 kHz 12207.03125      0.50  6000.00  324993024 3276700.00 Closed.
Rat007ch01F0029.bin:  02/21/07 01:29:20.375-08:53:04.437 32  12 kHz 12207.03125      0.50  6000.00  324993024 3276700.00 Closed.
Rat007ch01F0030.bin:  02/21/07 08:53:04.437-10:05:29.921 32  12 kHz 12207.03125      0.50  6000.00   53018624 3276700.00 Closed.
Rat007ch01F0031.bin:  02/21/07 10:46:02.109-18:09:45.359 32  12 kHz 12207.03125      0.50  6000.00  324993024 3276700.00 Closed.
Rat007ch01F0032.bin:  02/21/07 18:09:45.359-01:33:29.359 32  12 kHz 12207.03125      0.50  6000.00  324993024 3276700.00 Closed.
Rat007ch01F0033.bin:  02/22/07 01:33:29.359-08:57:13.296 32  12 kHz 12207.03125      0.50  6000.00  324993024 3276700.00 Closed.
Rat007ch01F0034.bin:  02/22/07 08:57:13.296-16:20:57.250 32  12 kHz 12207.03125      0.50  6000.00  324993024 3276700.00 Closed.
Rat007ch01F0035.bin:  02/22/07 16:20:57.250-23:44:41.265 32  12 kHz 12207.03125      0.50  6000.00  324993024 3276700.00 Closed.
Rat007ch01F0036.bin:  02/22/07 23:44:41.265-07:08:25.265 32  12 kHz 12207.03125      0.50  6000.00  324993024 3276700.00 Closed.
Rat007ch01F0037.bin:  02/23/07 07:08:25.265-14:32:09.250 32  12 kHz 12207.03125      0.50  6000.00  324993024 3276700.00 Closed.
Rat007ch01F0038.bin:  02/23/07 14:32:09.250-21:55:53.265 32  12 kHz 12207.03125      0.50  6000.00  324993024 3276700.00 Closed.
Rat007ch01F0039.bin:  02/23/07 21:55:53.265-05:19:37.265 32  12 kHz 12207.03125      0.50  6000.00  324993024 3276700.00 Closed.
Rat007ch01F0040.bin:  02/24/07 05:19:37.265-12:43:21.265 32  12 kHz 12207.03125      0.50  6000.00  324993024 3276700.00 Closed.
Rat007ch01F0041.bin:  02/24/07 12:43:21.265-20:07:05.328 32  12 kHz 12207.03125      0.50  6000.00  324993024 3276700.00 Closed.
Rat007ch01F0042.bin:  02/24/07 20:07:05.328-03:30:49.328 32  12 kHz 12207.03125      0.50  6000.00  324993024 3276700.00 Closed.
Rat007ch01F0043.bin:  02/25/07 03:30:49.328-10:54:33.328 32  12 kHz 12207.03125      0.50  6000.00  324993024 3276700.00 Closed.
Rat007ch01F0044.bin:  02/25/07 10:54:33.328-18:18:17.328 32  12 kHz 12207.03125      0.50  6000.00  324993024 3276700.00 Closed.
Rat007ch01F0045.bin:  02/25/07 18:18:17.328-01:42:01.312 32  12 kHz 12207.03125      0.50  6000.00  324993024 3276700.00 Closed.
Rat007ch01F0046.bin:  02/26/07 01:42:01.312-09:05:45.281 32  12 kHz 12207.03125      0.50  6000.00  324993024 3276700.00 Closed.
Rat007ch01F0047.bin:  02/26/07 09:05:45.281-16:29:29.281 32  12 kHz 12207.03125      0.50  6000.00  324993024 3276700.00 Closed.
Rat007ch01F0048.bin:  02/26/07 16:29:29.281-23:53:13.281 32  12 kHz 12207.03125      0.50  6000.00  324993024 3276700.00 Closed.
Rat007ch01F0049.bin:  02/26/07 23:53:13.281-07:16:57.281 32  12 kHz 12207.03125      0.50  6000.00  324993024 3276700.00 Closed.
Rat007ch01F0050.bin:  02/27/07 07:16:57.281-14:40:41.265 32  12 kHz 12207.03125      0.50  6000.00  324993024 3276700.00 Closed.
Rat007ch01F0051.bin:  02/27/07 14:40:41.265-22:04:25.328 32  12 kHz 12207.03125      0.50  6000.00  324993024 3276700.00 Closed.
Rat007ch01F0052.bin:  02/27/07 22:04:25.328-05:28:09.328 32  12 kHz 12207.03125      0.50  6000.00  324993024 3276700.00 Closed.
Rat007ch01F0053.bin:  02/28/07 05:28:09.328-12:51:53.328 32  12 kHz 12207.03125      0.50  6000.00  324993024 3276700.00 Closed.
Rat007ch01F0054.bin:  02/28/07 12:51:53.328-14:23:44.078 32  12 kHz 12207.03125      0.50  6000.00   67239936 3276700.00 Closed.
Rat007ch01F0055.bin:  02/28/07 15:55:28.375-23:19:11.656 32  12 kHz 12207.03125      0.50  6000.00  324993024 3276700.00 Closed.
Rat007ch01F0056.bin:  02/28/07 23:19:11.656-06:42:55.656 32  12 kHz 12207.03125      0.50  6000.00  324993024 3276700.00 Closed.
Rat007ch01F0057.bin:  03/01/07 06:42:55.656-12:56:30.390 32  12 kHz 12207.03125      0.50  6000.00  273612800 3276700.00 Closed.
Rat007ch01F0058.bin:  03/01/07 14:04:33.687-15:32:30.703 32  12 kHz 12207.03125      0.50  6000.00   64389120 3276700.00 Closed.
Rat007ch01F0059.bin:  03/01/07 15:32:51.640-15:34:48.140 32  12 kHz 12207.03125      0.50  6000.00    1409024 3276700.00 Closed.
Rat007ch01F0060.bin:  03/01/07 15:35:48.703-15:43:52.515 32  12 kHz 12207.03125      0.50  6000.00    5898240 3276700.00 Closed.
Rat007ch01F0061.bin:  03/01/07 15:44:14.562-15:49:20.328 32  12 kHz 12207.03125      0.50  6000.00    3735552 3276700.00 Closed.
Rat007ch01F0062.bin:  03/01/07 15:50:00.421-23:13:44.250 32  12 kHz 12207.03125      0.50  6000.00  324993024 3276700.00 Closed.
Rat007ch01F0063.bin:  03/01/07 23:13:44.250-06:37:28.265 32  12 kHz 12207.03125      0.50  6000.00  324993024 3276700.00 Closed.
Rat007ch01F0064.bin:  03/02/07 06:37:28.265-14:01:12.250 32  12 kHz 12207.03125      0.50  6000.00  324993024 3276700.00 Closed.
Rat007ch01F0065.bin:  03/02/07 14:01:12.250-21:24:56.250 32  12 kHz 12207.03125      0.50  6000.00  324993024 3276700.00 Closed.
Rat007ch01F0066.bin:  03/02/07 21:24:56.250-04:48:40.250 32  12 kHz 12207.03125      0.50  6000.00  324993024 3276700.00 Closed.
Rat007ch01F0067.bin:  03/03/07 04:48:40.250-12:12:24.328 32  12 kHz 12207.03125      0.50  6000.00  324993024 3276700.00 Closed.
Rat007ch01F0068.bin:  03/03/07 12:12:24.328-19:36:08.328 32  12 kHz 12207.03125      0.50  6000.00  324993024 3276700.00 Closed.
Rat007ch01F0069.bin:  03/03/07 19:36:08.328-02:59:52.328 32  12 kHz 12207.03125      0.50  6000.00  324993024 3276700.00 Closed.
Rat007ch01F0070.bin:  03/04/07 02:59:52.328-10:23:36.328 32  12 kHz 12207.03125      0.50  6000.00  324993024 3276700.00 Closed.
Rat007ch01F0071.bin:  03/04/07 10:23:36.328-11:55:43.437 32  12 kHz 12207.03125      0.50  6000.00   66420736 3276700.00 Closed.
Rat007ch01F0072.bin:  03/04/07 11:55:43.437-11:58:35.250 32  12 kHz 12207.03125      0.50  6000.00          0 3276700.00 Closed.
Rat007ch01F0073.bin:  03/05/07 15:14:27.796-22:38:11.703 32  12 kHz 12207.03125      0.50  6000.00  324993024 3276700.00 Closed.
Rat007ch01F0074.bin:  03/05/07 22:38:11.703-06:01:55.687 32  12 kHz 12207.03125      0.50  6000.00  324993024 3276700.00 Closed.
Rat007ch01F0075.bin:  03/06/07 06:01:55.687-13:25:39.734 32  12 kHz 12207.03125      0.50  6000.00  324993024 3276700.00 Closed.
Rat007ch01F0076.bin:  03/06/07 13:25:39.734-13:25:39.734 32  12 kHz 12207.03125      0.50  6000.00  166068224 3276700.00 Closed.
Rat007ch01F0077.bin:  03/06/07 17:24:31.281-17:29:43.812 32  12 kHz 12207.03125      0.50  6000.00    3801088 3276700.00 Closed.
Rat007ch01F0078.bin:  03/06/07 17:30:12.375-00:53:56.265 32  12 kHz 12207.03125      0.50  6000.00  324993024 3276700.00 Closed.
Rat007ch01F0079.bin:  03/07/07 00:53:56.265-08:17:40.265 32  12 kHz 12207.03125      0.50  6000.00  324993024 3276700.00 Closed.
Rat007ch01F0080.bin:  03/07/07 08:17:40.265-15:41:24.265 32  12 kHz 12207.03125      0.50  6000.00  324993024 3276700.00 Closed.
Rat007ch01F0081.bin:  03/07/07 15:41:24.265-23:05:08.265 32  12 kHz 12207.03125      0.50  6000.00  324993024 3276700.00 Closed.
Rat007ch01F0082.bin:  03/07/07 23:05:08.265-06:28:52.265 32  12 kHz 12207.03125      0.50  6000.00  324993024 3276700.00 Closed.
Rat007ch01F0083.bin:  03/08/07 06:28:52.265-13:52:36.250 32  12 kHz 12207.03125      0.50  6000.00  324993024 3276700.00 Closed.
Rat007ch01F0084.bin:  03/08/07 13:52:36.250-19:41:15.937 32  12 kHz 12207.03125      0.50  6000.00  255361024 3276700.00 Closed.
Rat007ch01F0085.bin:  03/08/07 19:47:13.890-03:10:57.453 32  12 kHz 12207.03125      0.50  6000.00  324993024 3276700.00 Closed.
Rat007ch01F0086.bin:  03/09/07 03:10:57.453-10:34:41.453 32  12 kHz 12207.03125      0.50  6000.00  324993024 3276700.00 Closed.
Rat007ch01F0087.bin:  03/09/07 10:34:41.453-13:50:20.875 32  12 kHz 12207.03125      0.50  6000.00  143294464 3276700.00 Closed.
Rat007ch01F0088.bin:  03/09/07 14:14:18.078-16:06:52.953 32  12 kHz 12207.03125      0.50  6000.00   82444288 3276700.00 Closed.
Rat007ch01F0089.bin:  03/09/07 16:36:20.328-00:00:04.156 32  12 kHz 12207.03125      0.50  6000.00  324993024 3276700.00 Closed.
Rat007ch01F0090.bin:  03/10/07 00:00:04.156-07:23:48.156 32  12 kHz 12207.03125      0.50  6000.00  324993024 3276700.00 Closed.
Rat007ch01F0091.bin:  03/10/07 07:23:48.156-14:47:32.156 32  12 kHz 12207.03125      0.50  6000.00  324993024 3276700.00 Closed.
Rat007ch01F0092.bin:  03/10/07 14:47:32.156-22:11:16.218 32  12 kHz 12207.03125      0.50  6000.00  324993024 3276700.00 Closed.
Rat007ch01F0093.bin:  03/10/07 22:11:16.218-05:35:00.218 32  12 kHz 12207.03125      0.50  6000.00  324993024 3276700.00 Closed.
Rat007ch01F0094.bin:  03/11/07 05:35:00.218-12:58:44.218 32  12 kHz 12207.03125      0.50  6000.00  324993024 3276700.00 Closed.
Rat007ch01F0095.bin:  03/11/07 12:58:44.218-20:22:28.281 32  12 kHz 12207.03125      0.50  6000.00  324993024 3276700.00 Closed.
Rat007ch01F0096.bin:  03/11/07 20:22:28.281-03:46:12.281 32  12 kHz 12207.03125      0.50  6000.00  324993024 3276700.00 Closed.
Rat007ch01F0097.bin:  03/12/07 03:46:12.281-10:32:09.390 32  12 kHz 12207.03125      0.50  6000.00  297304064 3276700.00 Closed.
Rat007ch01F0098.bin:  03/12/07 10:49:22.671-18:13:06.328 32  12 kHz 12207.03125      0.50  6000.00  324993024 3276700.00 Closed.
Rat007ch01F0099.bin:  03/12/07 18:13:06.328-01:36:50.343 32  12 kHz 12207.03125      0.50  6000.00  324993024 3276700.00 Closed.
Rat007ch01F0100.bin:  03/13/07 01:36:50.343-09:00:34.406 32  12 kHz 12207.03125      0.50  6000.00  324993024 3276700.00 Closed.
Rat007ch01F0101.bin:  03/13/07 09:00:34.406-13:25:32.828 32  12 kHz 12207.03125      0.50  6000.00  194052096 3276700.00 Closed.
Rat007ch01F0102.bin:  03/13/07 13:34:57.234-20:58:41.125 32  12 kHz 12207.03125      0.50  6000.00  324993024 3276700.00 Closed.
Rat007ch01F0103.bin:  03/13/07 20:58:41.125-04:22:25.187 32  12 kHz 12207.03125      0.50  6000.00  324993024 3276700.00 Closed.
Rat007ch01F0104.bin:  03/14/07 04:22:25.187-11:46:09.250 32  12 kHz 12207.03125      0.50  6000.00  324993024 3276700.00 Closed.
Rat007ch01F0105.bin:  03/14/07 11:46:09.250-17:09:07.375 32  12 kHz 12207.03125      0.50  6000.00  236519424 3276700.00 Closed.
Rat007ch01F0106.bin:  03/14/07 17:36:28.531-01:00:12.375 32  12 kHz 12207.03125      0.50  6000.00  324993024 3276700.00 Closed.
Rat007ch01F0107.bin:  03/15/07 01:00:12.375-08:23:56.312 32  12 kHz 12207.03125      0.50  6000.00  324993024 3276700.00 Closed.
Rat007ch01F0108.bin:  03/15/07 08:23:56.312-15:47:40.312 32  12 kHz 12207.03125      0.50  6000.00  324993024 3276700.00 Closed.
Rat007ch01F0109.bin:  03/15/07 15:47:40.312-23:11:24.250 32  12 kHz 12207.03125      0.50  6000.00  324993024 3276700.00 Closed.
Rat007ch01F0110.bin:  03/15/07 23:11:24.250-06:35:08.250 32  12 kHz 12207.03125      0.50  6000.00  324993024 3276700.00 Closed.
Rat007ch01F0111.bin:  03/16/07 06:35:08.250-13:58:52.250 32  12 kHz 12207.03125      0.50  6000.00  324993024 3276700.00 Closed.
Rat007ch01F0112.bin:  03/16/07 13:58:52.250-21:22:36.187 32  12 kHz 12207.03125      0.50  6000.00  324993024 3276700.00 Closed.
Rat007ch01F0113.bin:  03/16/07 21:22:36.187-04:46:20.187 32  12 kHz 12207.03125      0.50  6000.00  324993024 3276700.00 Closed.
Rat007ch01F0114.bin:  03/17/07 04:46:20.187-12:10:04.125 32  12 kHz 12207.03125      0.50  6000.00  324993024 3276700.00 Closed.
Rat007ch01F0115.bin:  03/17/07 12:10:04.125-19:33:48.125 32  12 kHz 12207.03125      0.50  6000.00  324993024 3276700.00 Closed.
Rat007ch01F0116.bin:  03/17/07 19:33:48.125-02:57:32.109 32  12 kHz 12207.03125      0.50  6000.00  324993024 3276700.00 Closed.
Rat007ch01F0117.bin:  03/18/07 02:57:32.109-10:21:16.062 32  12 kHz 12207.03125      0.50  6000.00  324993024 3276700.00 Closed.
Rat007ch01F0118.bin:  03/18/07 10:21:16.062-13:06:18.734 32  12 kHz 12207.03125      0.50  6000.00  120848384 3276700.00 Closed.
