Rat#..CH#.File..bin:    Date         Time Period        Chs   Rate    Actual           Band-Pass      Samples   Scale    Status 
Rat008ch01F0001.bin:  03/22/07 09:41:19.093-17:05:02.937 32  12 kHz 12207.03125      0.50  6000.00  324993024 3276700.00 Closed.
Rat008ch01F0002.bin:  03/22/07 17:05:02.937-00:28:46.968 32  12 kHz 12207.03125      0.50  6000.00  324993024 3276700.00 Closed.
Rat008ch01F0003.bin:  03/23/07 00:28:46.968-07:52:30.968 32  12 kHz 12207.03125      0.50  6000.00  324993024 3276700.00 Closed.
Rat008ch01F0004.bin:  03/23/07 07:52:30.968-15:16:15.031 32  12 kHz 12207.03125      0.50  6000.00  324993024 3276700.00 Closed.
Rat008ch01F0005.bin:  03/23/07 15:16:15.031-22:39:59.046 32  12 kHz 12207.03125      0.50  6000.00  324993024 3276700.00 Closed.
Rat008ch01F0006.bin:  03/23/07 22:39:59.046-06:03:43.046 32  12 kHz 12207.03125      0.50  6000.00  324993024 3276700.00 Closed.
Rat008ch01F0007.bin:  03/24/07 06:03:43.046-13:27:27.046 32  12 kHz 12207.03125      0.50  6000.00  324993024 3276700.00 Closed.
Rat008ch01F0008.bin:  03/24/07 13:27:27.046-20:51:11.109 32  12 kHz 12207.03125      0.50  6000.00  324993024 3276700.00 Closed.
Rat008ch01F0009.bin:  03/24/07 20:51:11.109-04:14:55.109 32  12 kHz 12207.03125      0.50  6000.00  324993024 3276700.00 Closed.
Rat008ch01F0010.bin:  03/25/07 04:14:55.109-11:38:39.109 32  12 kHz 12207.03125      0.50  6000.00  324993024 3276700.00 Closed.
Rat008ch01F0011.bin:  03/25/07 11:38:39.109-19:02:23.109 32  12 kHz 12207.03125      0.50  6000.00  324993024 3276700.00 Closed.
Rat008ch01F0012.bin:  03/25/07 19:02:23.109-02:26:07.171 32  12 kHz 12207.03125      0.50  6000.00  324993024 3276700.00 Closed.
Rat008ch01F0013.bin:  03/26/07 02:26:07.171-09:49:51.171 32  12 kHz 12207.03125      0.50  6000.00  324993024 3276700.00 Closed.
Rat008ch01F0014.bin:  03/26/07 09:49:51.171-12:31:00.843 32  12 kHz 12207.03125      0.50  6000.00  118030336 3276700.00 Closed.
Rat008ch01F0015.bin:  03/28/07 09:53:42.078-09:55:49.265 32  12 kHz 12207.03125      0.50  6000.00    1540096 3276700.00 Closed.
Rat008ch01F0016.bin:  03/28/07 10:06:28.640-10:07:50.640 32  12 kHz 12207.03125      0.50  6000.00     983040 3276700.00 Closed.
Rat008ch01F0017.bin:  03/28/07 10:35:25.718-10:44:28.640 32  12 kHz 12207.03125      0.50  6000.00    6619136 3276700.00 Closed.
Rat008ch01F0018.bin:  03/28/07 11:04:29.281-13:54:04.953 32  12 kHz 12207.03125      0.50  6000.00  124190720 3276700.00 Closed.
Rat008ch01F0019.bin:  03/28/07 13:54:25.359-14:09:12.890 32  12 kHz 12207.03125      0.50  6000.00   10813440 3276700.00 Closed.
Rat008ch01F0020.bin:  03/28/07 14:09:33.921-21:33:17.734 32  12 kHz 12207.03125      0.50  6000.00  324993024 3276700.00 Closed.
Rat008ch01F0021.bin:  03/28/07 21:33:17.734-04:57:01.734 32  12 kHz 12207.03125      0.50  6000.00  324993024 3276700.00 Closed.
Rat008ch01F0022.bin:  03/29/07 04:57:01.734-12:20:45.734 32  12 kHz 12207.03125      0.50  6000.00  324993024 3276700.00 Closed.
Rat008ch01F0023.bin:  03/29/07 12:20:45.734-19:44:29.734 32  12 kHz 12207.03125      0.50  6000.00  324993024 3276700.00 Closed.
Rat008ch01F0024.bin:  03/29/07 19:44:29.734-03:08:13.671 32  12 kHz 12207.03125      0.50  6000.00  324993024 3276700.00 Closed.
Rat008ch01F0025.bin:  03/30/07 03:08:13.671-10:31:57.671 32  12 kHz 12207.03125      0.50  6000.00  324993024 3276700.00 Closed.
Rat008ch01F0026.bin:  03/30/07 10:31:57.671-16:20:03.359 32  12 kHz 12207.03125      0.50  6000.00  254935040 3276700.00 Closed.
Rat008ch01F0027.bin:  03/30/07 16:53:13.312-00:16:57.031 32  12 kHz 12207.03125      0.50  6000.00  324993024 3276700.00 Closed.
Rat008ch01F0028.bin:  03/31/07 00:16:57.031-07:40:41.031 32  12 kHz 12207.03125      0.50  6000.00  324993024 3276700.00 Closed.
Rat008ch01F0029.bin:  03/31/07 07:40:41.031-15:04:25.031 32  12 kHz 12207.03125      0.50  6000.00  324993024 3276700.00 Closed.
Rat008ch01F0030.bin:  03/31/07 15:04:25.031-22:28:08.968 32  12 kHz 12207.03125      0.50  6000.00  324993024 3276700.00 Closed.
Rat008ch01F0031.bin:  03/31/07 22:28:08.968-06:51:52.968 32  12 kHz 12207.03125      0.50  6000.00  324993024 3276700.00 Closed.
Rat008ch01F0032.bin:  04/01/07 06:51:52.968-14:15:36.968 32  12 kHz 12207.03125      0.50  6000.00  324993024 3276700.00 Closed.
Rat008ch01F0033.bin:  04/01/07 14:15:36.968-21:39:20.906 32  12 kHz 12207.03125      0.50  6000.00  324993024 3276700.00 Closed.
Rat008ch01F0034.bin:  04/01/07 21:39:20.906-05:03:04.890 32  12 kHz 12207.03125      0.50  6000.00  324993024 3276700.00 Closed.
Rat008ch01F0035.bin:  04/02/07 05:03:04.890-12:26:48.859 32  12 kHz 12207.03125      0.50  6000.00  324993024 3276700.00 Closed.
Rat008ch01F0036.bin:  04/02/07 12:26:48.859-17:56:31.406 32  12 kHz 12207.03125      0.50  6000.00  241467392 3276700.00 Closed.
Rat008ch01F0037.bin:  04/02/07 18:35:47.671-01:59:31.625 32  12 kHz 12207.03125      0.50  6000.00  324993024 3276700.00 Closed.
Rat008ch01F0038.bin:  04/03/07 01:59:31.625-09:23:15.625 32  12 kHz 12207.03125      0.50  6000.00  324993024 3276700.00 Closed.
Rat008ch01F0039.bin:  04/03/07 09:23:15.625-00:00:00.000 32  12 kHz 12207.03125      0.50  6000.00          0 3276700.00 Opened.
Rat008ch01F0040.bin:  04/03/07 13:52:31.968-17:03:41.687 32  12 kHz 12207.03125      0.50  6000.00  140017664 3276700.00 Closed.
Rat008ch01F0041.bin:  04/03/07 17:29:14.343-00:52:58.093 32  12 kHz 12207.03125      0.50  6000.00  324993024 3276700.00 Closed.
Rat008ch01F0042.bin:  04/04/07 00:52:58.093-08:16:42.093 32  12 kHz 12207.03125      0.50  6000.00  324993024 3276700.00 Closed.
Rat008ch01F0043.bin:  04/04/07 08:16:42.093-15:40:26.031 32  12 kHz 12207.03125      0.50  6000.00  324993024 3276700.00 Closed.
Rat008ch01F0044.bin:  04/04/07 15:40:26.031-18:35:45.265 32  12 kHz 12207.03125      0.50  6000.00  128385024 3276700.00 Closed.
Rat008ch01F0045.bin:  04/04/07 19:00:02.578-02:23:46.328 32  12 kHz 12207.03125      0.50  6000.00  324993024 3276700.00 Closed.
Rat008ch01F0046.bin:  04/05/07 02:23:46.328-09:47:30.265 32  12 kHz 12207.03125      0.50  6000.00  324993024 3276700.00 Closed.
Rat008ch01F0047.bin:  04/05/07 09:47:30.265-17:11:14.265 32  12 kHz 12207.03125      0.50  6000.00  324993024 3276700.00 Closed.
Rat008ch01F0048.bin:  04/05/07 17:11:14.265-17:21:41.015 32  12 kHz 12207.03125      0.50  6000.00    7634944 3276700.00 Closed.
Rat008ch01F0049.bin:  04/05/07 17:41:46.546-01:05:30.343 32  12 kHz 12207.03125      0.50  6000.00  324993024 3276700.00 Closed.
Rat008ch01F0050.bin:  04/06/07 01:05:30.343-08:29:14.281 32  12 kHz 12207.03125      0.50  6000.00  324993024 3276700.00 Closed.
Rat008ch01F0051.bin:  04/06/07 08:29:14.281-15:52:58.218 32  12 kHz 12207.03125      0.50  6000.00  324993024 3276700.00 Closed.
Rat008ch01F0052.bin:  04/06/07 15:52:58.218-23:16:42.156 32  12 kHz 12207.03125      0.50  6000.00  324993024 3276700.00 Closed.
Rat008ch01F0053.bin:  04/06/07 23:16:42.156-06:40:26.093 32  12 kHz 12207.03125      0.50  6000.00  324993024 3276700.00 Closed.
Rat008ch01F0054.bin:  04/07/07 06:40:26.093-14:04:10.093 32  12 kHz 12207.03125      0.50  6000.00  324993024 3276700.00 Closed.
Rat008ch01F0055.bin:  04/07/07 14:04:10.093-21:27:54.031 32  12 kHz 12207.03125      0.50  6000.00  324993024 3276700.00 Closed.
Rat008ch01F0056.bin:  04/07/07 21:27:54.031-04:51:37.968 32  12 kHz 12207.03125      0.50  6000.00  324993024 3276700.00 Closed.
Rat008ch01F0057.bin:  04/08/07 04:51:37.968-12:15:21.906 32  12 kHz 12207.03125      0.50  6000.00  324993024 3276700.00 Closed.
Rat008ch01F0058.bin:  04/08/07 12:15:21.906-19:39:05.843 32  12 kHz 12207.03125      0.50  6000.00  324993024 3276700.00 Closed.
Rat008ch01F0059.bin:  04/08/07 19:39:05.843-03:02:49.781 32  12 kHz 12207.03125      0.50  6000.00  324993024 3276700.00 Closed.
Rat008ch01F0060.bin:  04/09/07 03:02:49.781-10:26:33.781 32  12 kHz 12207.03125      0.50  6000.00  324993024 3276700.00 Closed.
Rat008ch01F0061.bin:  04/09/07 10:26:33.781-14:43:39.453 32  12 kHz 12207.03125      0.50  6000.00  188284928 3276700.00 Closed.
Rat008ch01F0062.bin:  04/09/07 16:05:28.843-16:07:12.625 32  12 kHz 12207.03125      0.50  6000.00    1245184 3276700.00 Closed.
Rat008ch01F0063.bin:  04/09/07 16:08:24.406-23:32:08.234 32  12 kHz 12207.03125      0.50  6000.00  324993024 3276700.00 Closed.
Rat008ch01F0064.bin:  04/09/07 23:32:08.234-06:55:52.171 32  12 kHz 12207.03125      0.50  6000.00  324993024 3276700.00 Closed.
Rat008ch01F0065.bin:  04/10/07 06:55:52.171-14:19:36.109 32  12 kHz 12207.03125      0.50  6000.00  324993024 3276700.00 Closed.
Rat008ch01F0066.bin:  04/10/07 14:19:36.109-17:12:26.531 32  12 kHz 12207.03125      0.50  6000.00  126582784 3276700.00 Closed.
Rat008ch01F0067.bin:  04/10/07 17:27:09.515-00:50:53.375 32  12 kHz 12207.03125      0.50  6000.00  324993024 3276700.00 Closed.
Rat008ch01F0068.bin:  04/11/07 00:50:53.375-08:14:37.312 32  12 kHz 12207.03125      0.50  6000.00  324993024 3276700.00 Closed.
Rat008ch01F0069.bin:  04/11/07 08:14:37.312-15:38:21.234 32  12 kHz 12207.03125      0.50  6000.00  324993024 3276700.00 Closed.
Rat008ch01F0070.bin:  04/11/07 15:38:21.234-23:02:05.234 32  12 kHz 12207.03125      0.50  6000.00  324993024 3276700.00 Closed.
Rat008ch01F0071.bin:  04/11/07 23:02:05.234-06:25:49.171 32  12 kHz 12207.03125      0.50  6000.00  324993024 3276700.00 Closed.
Rat008ch01F0072.bin:  04/12/07 06:25:49.171-13:49:33.109 32  12 kHz 12207.03125      0.50  6000.00  324993024 3276700.00 Closed.
Rat008ch01F0073.bin:  04/12/07 13:49:33.109-17:31:04.093 32  12 kHz 12207.03125      0.50  6000.00  162234368 3276700.00 Closed.
Rat008ch01F0074.bin:  04/12/07 17:45:34.984-01:09:18.812 32  12 kHz 12207.03125      0.50  6000.00  324993024 3276700.00 Closed.
Rat008ch01F0075.bin:  04/13/07 01:09:18.812-08:33:02.781 32  12 kHz 12207.03125      0.50  6000.00  324993024 3276700.00 Closed.
Rat008ch01F0076.bin:  04/13/07 08:33:02.781-14:33:46.906 32  12 kHz 12207.03125      0.50  6000.00  264175616 3276700.00 Closed.
Rat008ch01F0077.bin:  04/13/07 14:52:51.406-22:16:35.218 32  12 kHz 12207.03125      0.50  6000.00  324993024 3276700.00 Closed.
Rat008ch01F0078.bin:  04/13/07 22:16:35.218-05:40:19.218 32  12 kHz 12207.03125      0.50  6000.00  324993024 3276700.00 Closed.
Rat008ch01F0079.bin:  04/14/07 05:40:19.218-13:04:03.156 32  12 kHz 12207.03125      0.50  6000.00  324993024 3276700.00 Closed.
Rat008ch01F0080.bin:  04/14/07 13:04:03.156-20:27:47.093 32  12 kHz 12207.03125      0.50  6000.00  324993024 3276700.00 Closed.
Rat008ch01F0081.bin:  04/14/07 20:27:47.093-03:51:31.093 32  12 kHz 12207.03125      0.50  6000.00  324993024 3276700.00 Closed.
Rat008ch01F0082.bin:  04/15/07 03:51:31.093-11:15:15.031 32  12 kHz 12207.03125      0.50  6000.00  324993024 3276700.00 Closed.
Rat008ch01F0083.bin:  04/15/07 11:15:15.031-12:30:58.015 32  12 kHz 12207.03125      0.50  6000.00   55443456 3276700.00 Closed.
Rat008ch01F0084.bin:  04/15/07 12:44:37.046-20:08:20.937 32  12 kHz 12207.03125      0.50  6000.00  324993024 3276700.00 Closed.
Rat008ch01F0085.bin:  04/15/07 20:08:20.937-03:32:04.937 32  12 kHz 12207.03125      0.50  6000.00  324993024 3276700.00 Closed.
Rat008ch01F0086.bin:  04/16/07 03:32:04.937-10:55:48.937 32  12 kHz 12207.03125      0.50  6000.00  324993024 3276700.00 Closed.
Rat008ch01F0087.bin:  04/16/07 10:55:48.937-18:19:32.906 32  12 kHz 12207.03125      0.50  6000.00  324993024 3276700.00 Closed.
Rat008ch01F0088.bin:  04/16/07 18:19:32.906-01:43:16.875 32  12 kHz 12207.03125      0.50  6000.00  324993024 3276700.00 Closed.
Rat008ch01F0089.bin:  04/17/07 01:43:16.875-09:07:00.875 32  12 kHz 12207.03125      0.50  6000.00  324993024 3276700.00 Closed.
Rat008ch01F0090.bin:  04/17/07 09:07:00.875-16:30:44.875 32  12 kHz 12207.03125      0.50  6000.00  324993024 3276700.00 Closed.
Rat008ch01F0091.bin:  04/17/07 16:30:44.875-23:54:28.812 32  12 kHz 12207.03125      0.50  6000.00  324993024 3276700.00 Closed.
Rat008ch01F0092.bin:  04/17/07 23:54:28.812-07:18:12.750 32  12 kHz 12207.03125      0.50  6000.00  324993024 3276700.00 Closed.
Rat008ch01F0093.bin:  04/18/07 07:18:12.750-14:41:56.703 32  12 kHz 12207.03125      0.50  6000.00  324993024 3276700.00 Closed.
Rat008ch01F0094.bin:  04/18/07 14:41:56.703-22:05:40.703 32  12 kHz 12207.03125      0.50  6000.00  324993024 3276700.00 Closed.
Rat008ch01F0095.bin:  04/18/07 22:05:40.703-05:29:24.640 32  12 kHz 12207.03125      0.50  6000.00  324993024 3276700.00 Closed.
Rat008ch01F0096.bin:  04/19/07 05:29:24.640-12:53:08.578 32  12 kHz 12207.03125      0.50  6000.00  324993024 3276700.00 Closed.
Rat008ch01F0097.bin:  04/19/07 12:53:08.578-20:16:52.515 32  12 kHz 12207.03125      0.50  6000.00  324993024 3276700.00 Closed.
Rat008ch01F0098.bin:  04/19/07 20:16:52.515-03:40:36.515 32  12 kHz 12207.03125      0.50  6000.00  324993024 3276700.00 Closed.
Rat008ch01F0099.bin:  04/20/07 03:40:36.515-11:04:20.453 32  12 kHz 12207.03125      0.50  6000.00  324993024 3276700.00 Closed.
Rat008ch01F0100.bin:  04/20/07 11:04:20.453-18:28:04.390 32  12 kHz 12207.03125      0.50  6000.00  324993024 3276700.00 Closed.
Rat008ch01F0101.bin:  04/20/07 18:28:04.390-01:51:48.390 32  12 kHz 12207.03125      0.50  6000.00  324993024 3276700.00 Closed.
Rat008ch01F0102.bin:  04/21/07 01:51:48.390-09:15:32.328 32  12 kHz 12207.03125      0.50  6000.00  324993024 3276700.00 Closed.
Rat008ch01F0103.bin:  04/21/07 09:15:32.328-16:39:16.265 32  12 kHz 12207.03125      0.50  6000.00  324993024 3276700.00 Closed.
Rat008ch01F0104.bin:  04/21/07 16:39:16.265-00:03:00.265 32  12 kHz 12207.03125      0.50  6000.00  324993024 3276700.00 Closed.
Rat008ch01F0105.bin:  04/22/07 00:03:00.265-07:26:44.203 32  12 kHz 12207.03125      0.50  6000.00  324993024 3276700.00 Closed.
Rat008ch01F0106.bin:  04/22/07 07:26:44.203-14:50:28.203 32  12 kHz 12207.03125      0.50  6000.00  324993024 3276700.00 Closed.
Rat008ch01F0107.bin:  04/22/07 14:50:28.203-22:14:12.140 32  12 kHz 12207.03125      0.50  6000.00  324993024 3276700.00 Closed.
Rat008ch01F0108.bin:  04/22/07 22:14:12.140-04:28:32.531 32  12 kHz 12207.03125      0.50  6000.00  272072704 3276700.00 Closed.
Rat008ch01F0109.bin:  04/23/07 09:32:26.500-15:56:43.890 32  12 kHz 12207.03125      0.50  6000.00  281247744 3276700.00 Closed.
Rat008ch01F0110.bin:  04/23/07 15:57:14.812-16:08:20.109 32  12 kHz 12207.03125      0.50  6000.00    8093696 3276700.00 Closed.
Rat008ch01F0111.bin:  04/23/07 16:08:45.062-16:11:56.515 32  12 kHz 12207.03125      0.50  6000.00    2326528 3276700.00 Closed.
Rat008ch01F0112.bin:  04/23/07 16:12:22.156-16:13:03.453 32  12 kHz 12207.03125      0.50  6000.00     491520 3276700.00 Closed.
Rat008ch01F0113.bin:  04/23/07 16:13:29.984-16:40:21.375 32  12 kHz 12207.03125      0.50  6000.00   19660800 3276700.00 Closed.
Rat008ch01F0114.bin:  04/23/07 16:40:47.828-00:04:31.406 32  12 kHz 12207.03125      0.50  6000.00  324993024 3276700.00 Closed.
Rat008ch01F0115.bin:  04/24/07 00:04:31.406-07:28:15.468 32  12 kHz 12207.03125      0.50  6000.00  324993024 3276700.00 Closed.
Rat008ch01F0116.bin:  04/24/07 07:28:15.468-14:51:59.468 32  12 kHz 12207.03125      0.50  6000.00  324993024 3276700.00 Closed.
Rat008ch01F0117.bin:  04/24/07 15:38:30.703-23:02:14.515 32  12 kHz 12207.03125      0.50  6000.00  324993024 3276700.00 Closed.
Rat008ch01F0118.bin:  04/24/07 23:02:14.515-06:25:58.453 32  12 kHz 12207.03125      0.50  6000.00  324993024 3276700.00 Closed.
Rat008ch01F0119.bin:  04/25/07 06:25:58.453-13:49:42.453 32  12 kHz 12207.03125      0.50  6000.00  324993024 3276700.00 Closed.
Rat008ch01F0120.bin:  04/25/07 13:49:42.453-21:13:26.468 32  12 kHz 12207.03125      0.50  6000.00  324993024 3276700.00 Closed.
Rat008ch01F0121.bin:  04/25/07 21:13:26.468-04:37:10.468 32  12 kHz 12207.03125      0.50  6000.00  324993024 3276700.00 Closed.
Rat008ch01F0122.bin:  04/26/07 04:37:10.468-12:00:54.468 32  12 kHz 12207.03125      0.50  6000.00  324993024 3276700.00 Closed.
Rat008ch01F0123.bin:  04/26/07 12:00:54.468-19:24:38.468 32  12 kHz 12207.03125      0.50  6000.00  324993024 3276700.00 Closed.
Rat008ch01F0124.bin:  04/26/07 19:24:38.468-02:48:22.406 32  12 kHz 12207.03125      0.50  6000.00  324993024 3276700.00 Closed.
Rat008ch01F0125.bin:  04/27/07 02:48:22.406-10:12:06.406 32  12 kHz 12207.03125      0.50  6000.00  324993024 3276700.00 Closed.
Rat008ch01F0126.bin:  04/27/07 10:12:06.406-17:36:40.687 32  12 kHz 12207.03125      0.50  6000.00  324993024 3276700.00 Closed.
Rat008ch01F0127.bin:  04/27/07 17:36:40.687-01:00:24.671 32  12 kHz 12207.03125      0.50  6000.00  324993024 3276700.00 Closed.
Rat008ch01F0128.bin:  04/28/07 01:00:24.671-08:24:08.687 32  12 kHz 12207.03125      0.50  6000.00  324993024 3276700.00 Closed.
Rat008ch01F0129.bin:  04/28/07 08:24:08.687-15:47:52.625 32  12 kHz 12207.03125      0.50  6000.00  324993024 3276700.00 Closed.
Rat008ch01F0130.bin:  04/28/07 15:47:52.625-23:11:36.656 32  12 kHz 12207.03125      0.50  6000.00  324993024 3276700.00 Closed.
Rat008ch01F0131.bin:  04/28/07 23:11:36.656-06:35:20.640 32  12 kHz 12207.03125      0.50  6000.00  324993024 3276700.00 Closed.
Rat008ch01F0132.bin:  04/29/07 06:35:20.640-13:59:04.609 32  12 kHz 12207.03125      0.50  6000.00  324993024 3276700.00 Closed.
Rat008ch01F0133.bin:  04/29/07 13:59:04.609-21:22:48.578 32  12 kHz 12207.03125      0.50  6000.00  324993024 3276700.00 Closed.
Rat008ch01F0134.bin:  04/29/07 21:22:48.578-04:46:32.546 32  12 kHz 12207.03125      0.50  6000.00  324993024 3276700.00 Closed.
Rat008ch01F0135.bin:  04/30/07 04:46:32.546-11:54:33.250 32  12 kHz 12207.03125      0.50  6000.00  313458688 3276700.00 Closed.
