Rat#..CH#.File..bin:    Date         Time Period        Chs   Rate    Actual           Band-Pass      Samples   Scale    Status 
Rat001ch01F0001.bin:  08/03/09 11:45:47.125-12:12:18.375 16   6 kHz 6103.515625      0.50  3000.00   19398656 3276700.00 Closed.
Rat001ch01F0002.bin:  08/03/09 12:14:27.828-16:14:26.843 16   6 kHz 6103.515625      0.50  3000.00  175767552 3276700.00 Closed.
Rat001ch01F0003.bin:  08/03/09 16:14:26.843-20:14:25.484 16   6 kHz 6103.515625      0.50  3000.00  175767552 3276700.00 Closed.
Rat001ch01F0004.bin:  08/03/09 20:14:25.484-00:14:24.171 16   6 kHz 6103.515625      0.50  3000.00  175767552 3276700.00 Closed.
Rat001ch01F0005.bin:  08/04/09 00:14:24.171-04:14:22.812 16   6 kHz 6103.515625      0.50  3000.00  175767552 3276700.00 Closed.
Rat001ch01F0006.bin:  08/04/09 04:14:22.812-08:14:21.500 16   6 kHz 6103.515625      0.50  3000.00  175767552 3276700.00 Closed.
Rat001ch01F0007.bin:  08/04/09 08:14:21.500-12:14:20.125 16   6 kHz 6103.515625      0.50  3000.00  175767552 3276700.00 Closed.
Rat001ch01F0008.bin:  08/04/09 12:14:20.125-16:14:18.812 16   6 kHz 6103.515625      0.50  3000.00  175767552 3276700.00 Closed.
Rat001ch01F0009.bin:  08/04/09 16:14:18.812-20:14:17.437 16   6 kHz 6103.515625      0.50  3000.00  175767552 3276700.00 Closed.
Rat001ch01F0010.bin:  08/04/09 20:14:17.437-00:14:16.125 16   6 kHz 6103.515625      0.50  3000.00  175767552 3276700.00 Closed.
Rat001ch01F0011.bin:  08/05/09 00:14:16.125-04:14:14.812 16   6 kHz 6103.515625      0.50  3000.00  175767552 3276700.00 Closed.
Rat001ch01F0012.bin:  08/05/09 04:14:14.812-08:14:13.437 16   6 kHz 6103.515625      0.50  3000.00  175767552 3276700.00 Closed.
Rat001ch01F0013.bin:  08/05/09 08:14:13.437-12:14:12.078 16   6 kHz 6103.515625      0.50  3000.00  175767552 3276700.00 Closed.
Rat001ch01F0014.bin:  08/05/09 12:14:12.078-16:14:10.765 16   6 kHz 6103.515625      0.50  3000.00  175767552 3276700.00 Closed.
Rat001ch01F0015.bin:  08/05/09 16:14:10.765-20:14:09.390 16   6 kHz 6103.515625      0.50  3000.00  175767552 3276700.00 Closed.
Rat001ch01F0016.bin:  08/05/09 20:14:09.390-00:14:08.093 16   6 kHz 6103.515625      0.50  3000.00  175767552 3276700.00 Closed.
Rat001ch01F0017.bin:  08/06/09 00:14:08.093-04:14:06.718 16   6 kHz 6103.515625      0.50  3000.00  175767552 3276700.00 Closed.
Rat001ch01F0018.bin:  08/06/09 04:14:06.718-08:14:05.406 16   6 kHz 6103.515625      0.50  3000.00  175767552 3276700.00 Closed.
Rat001ch01F0019.bin:  08/06/09 08:14:05.406-12:14:04.031 16   6 kHz 6103.515625      0.50  3000.00  175767552 3276700.00 Closed.
Rat001ch01F0020.bin:  08/06/09 12:14:04.031-16:14:02.687 16   6 kHz 6103.515625      0.50  3000.00  175767552 3276700.00 Closed.
Rat001ch01F0021.bin:  08/06/09 16:14:02.687-20:14:01.375 16   6 kHz 6103.515625      0.50  3000.00  175767552 3276700.00 Closed.
Rat001ch01F0022.bin:  08/06/09 20:14:01.375-00:14:00.062 16   6 kHz 6103.515625      0.50  3000.00  175767552 3276700.00 Closed.
Rat001ch01F0023.bin:  08/07/09 00:14:00.062-04:13:58.687 16   6 kHz 6103.515625      0.50  3000.00  175767552 3276700.00 Closed.
Rat001ch01F0024.bin:  08/07/09 04:13:58.687-08:13:57.375 16   6 kHz 6103.515625      0.50  3000.00  175767552 3276700.00 Closed.
Rat001ch01F0025.bin:  08/07/09 08:13:57.375-12:13:56.015 16   6 kHz 6103.515625      0.50  3000.00  175767552 3276700.00 Closed.
Rat001ch01F0026.bin:  08/07/09 12:13:56.015-16:13:54.687 16   6 kHz 6103.515625      0.50  3000.00  175767552 3276700.00 Closed.
Rat001ch01F0027.bin:  08/07/09 16:13:54.687-20:13:53.328 16   6 kHz 6103.515625      0.50  3000.00  175767552 3276700.00 Closed.
Rat001ch01F0028.bin:  08/07/09 20:13:53.328-00:13:51.984 16   6 kHz 6103.515625      0.50  3000.00  175767552 3276700.00 Closed.
Rat001ch01F0029.bin:  08/08/09 00:13:51.984-04:13:50.671 16   6 kHz 6103.515625      0.50  3000.00  175767552 3276700.00 Closed.
Rat001ch01F0030.bin:  08/08/09 04:13:50.671-08:13:49.296 16   6 kHz 6103.515625      0.50  3000.00  175767552 3276700.00 Closed.
Rat001ch01F0031.bin:  08/08/09 08:13:49.296-10:14:16.781 16   6 kHz 6103.515625      0.50  3000.00   88211456 3276700.00 Closed.
Rat001ch01F0032.bin:  08/08/09 14:15:23.718-14:15:25.718 16   6 kHz 6103.515625      0.50  3000.00      32768 3276700.00 Closed.
Rat001ch01F0033.bin:  08/11/09 15:53:01.062-19:53:00.109 16   6 kHz 6103.515625      0.50  3000.00  175767552 3276700.00 Closed.
Rat001ch01F0034.bin:  08/11/09 19:53:00.109-23:52:58.859 16   6 kHz 6103.515625      0.50  3000.00  175767552 3276700.00 Closed.
Rat001ch01F0035.bin:  08/11/09 23:52:58.859-03:52:57.421 16   6 kHz 6103.515625      0.50  3000.00  175767552 3276700.00 Closed.
Rat001ch01F0036.bin:  08/12/09 03:52:57.421-07:52:56.046 16   6 kHz 6103.515625      0.50  3000.00  175767552 3276700.00 Closed.
Rat001ch01F0037.bin:  08/12/09 07:52:56.046-11:52:54.734 16   6 kHz 6103.515625      0.50  3000.00  175767552 3276700.00 Closed.
Rat001ch01F0038.bin:  08/12/09 11:52:54.734-15:52:53.421 16   6 kHz 6103.515625      0.50  3000.00  175767552 3276700.00 Closed.
Rat001ch01F0039.bin:  08/12/09 15:52:53.421-19:53:08.828 16   6 kHz 6103.515625      0.50  3000.00  175767552 3276700.00 Closed.
Rat001ch01F0040.bin:  08/12/09 19:53:08.828-23:53:07.515 16   6 kHz 6103.515625      0.50  3000.00  175767552 3276700.00 Closed.
Rat001ch01F0041.bin:  08/12/09 23:53:07.515-03:53:06.171 16   6 kHz 6103.515625      0.50  3000.00  175767552 3276700.00 Closed.
Rat001ch01F0042.bin:  08/13/09 03:53:06.171-07:53:04.812 16   6 kHz 6103.515625      0.50  3000.00  175767552 3276700.00 Closed.
Rat001ch01F0043.bin:  08/13/09 07:53:04.812-11:53:03.500 16   6 kHz 6103.515625      0.50  3000.00  175767552 3276700.00 Closed.
Rat001ch01F0044.bin:  08/13/09 11:53:03.500-15:53:02.156 16   6 kHz 6103.515625      0.50  3000.00  175767552 3276700.00 Closed.
Rat001ch01F0045.bin:  08/13/09 15:53:02.156-19:53:00.796 16   6 kHz 6103.515625      0.50  3000.00  175767552 3276700.00 Closed.
Rat001ch01F0046.bin:  08/13/09 19:53:00.796-23:52:59.437 16   6 kHz 6103.515625      0.50  3000.00  175767552 3276700.00 Closed.
Rat001ch01F0047.bin:  08/13/09 23:52:59.437-03:52:58.125 16   6 kHz 6103.515625      0.50  3000.00  175767552 3276700.00 Closed.
Rat001ch01F0048.bin:  08/14/09 03:52:58.125-07:52:56.750 16   6 kHz 6103.515625      0.50  3000.00  175767552 3276700.00 Closed.
Rat001ch01F0049.bin:  08/14/09 07:52:56.750-11:52:55.437 16   6 kHz 6103.515625      0.50  3000.00  175767552 3276700.00 Closed.
Rat001ch01F0050.bin:  08/14/09 11:52:55.437-15:52:54.062 16   6 kHz 6103.515625      0.50  3000.00  175767552 3276700.00 Closed.
Rat001ch01F0051.bin:  08/14/09 15:52:54.062-19:52:52.750 16   6 kHz 6103.515625      0.50  3000.00  175767552 3276700.00 Closed.
Rat001ch01F0052.bin:  08/14/09 19:52:52.750-23:52:51.375 16   6 kHz 6103.515625      0.50  3000.00  175767552 3276700.00 Closed.
Rat001ch01F0053.bin:  08/14/09 23:52:51.375-03:52:50.078 16   6 kHz 6103.515625      0.50  3000.00  175767552 3276700.00 Closed.
Rat001ch01F0054.bin:  08/15/09 03:52:50.078-07:52:48.718 16   6 kHz 6103.515625      0.50  3000.00  175767552 3276700.00 Closed.
Rat001ch01F0055.bin:  08/15/09 07:52:48.718-11:52:47.406 16   6 kHz 6103.515625      0.50  3000.00  175767552 3276700.00 Closed.
Rat001ch01F0056.bin:  08/15/09 11:52:47.406-11:55:03.140 16   6 kHz 6103.515625      0.50  3000.00    1638400 3276700.00 Closed.
Rat001ch01F0057.bin:  08/16/09 10:35:54.609-10:40:19.296 16   6 kHz 6103.515625      0.50  3000.00    3244032 3276700.00 Closed.
Rat001ch01F0058.bin:  08/16/09 10:45:23.718-14:45:20.812 16   6 kHz 6103.515625      0.50  3000.00  175767552 3276700.00 Closed.
Rat001ch01F0059.bin:  08/16/09 14:45:20.812-18:45:19.437 16   6 kHz 6103.515625      0.50  3000.00  175767552 3276700.00 Closed.
Rat001ch01F0060.bin:  08/16/09 18:45:19.437-22:45:18.125 16   6 kHz 6103.515625      0.50  3000.00  175767552 3276700.00 Closed.
Rat001ch01F0061.bin:  08/16/09 22:45:18.125-02:45:16.750 16   6 kHz 6103.515625      0.50  3000.00  175767552 3276700.00 Closed.
Rat001ch01F0062.bin:  08/17/09 02:45:16.750-06:45:15.437 16   6 kHz 6103.515625      0.50  3000.00  175767552 3276700.00 Closed.
Rat001ch01F0063.bin:  08/17/09 06:45:15.437-08:33:18.609 16   6 kHz 6103.515625      0.50  3000.00   79134720 3276700.00 Closed.
Rat001ch01F0064.bin:  08/17/09 09:10:21.453-13:10:19.296 16   6 kHz 6103.515625      0.50  3000.00  175767552 3276700.00 Closed.
Rat001ch01F0065.bin:  08/17/09 13:10:19.296-17:10:17.984 16   6 kHz 6103.515625      0.50  3000.00  175767552 3276700.00 Closed.
Rat001ch01F0066.bin:  08/17/09 17:10:17.984-21:10:16.625 16   6 kHz 6103.515625      0.50  3000.00  175767552 3276700.00 Closed.
Rat001ch01F0067.bin:  08/17/09 21:10:16.625-01:10:15.312 16   6 kHz 6103.515625      0.50  3000.00  175767552 3276700.00 Closed.
Rat001ch01F0068.bin:  08/18/09 01:10:15.312-05:10:13.937 16   6 kHz 6103.515625      0.50  3000.00  175767552 3276700.00 Closed.
Rat001ch01F0069.bin:  08/18/09 05:10:13.937-09:10:12.578 16   6 kHz 6103.515625      0.50  3000.00  175767552 3276700.00 Closed.
Rat001ch01F0070.bin:  08/18/09 09:10:12.578-13:10:11.234 16   6 kHz 6103.515625      0.50  3000.00  175767552 3276700.00 Closed.
Rat001ch01F0071.bin:  08/18/09 13:10:11.234-17:10:09.937 16   6 kHz 6103.515625      0.50  3000.00  175767552 3276700.00 Closed.
Rat001ch01F0072.bin:  08/18/09 17:10:09.937-09:25:19.421 16   6 kHz 6103.515625      0.50  3000.00  117669888 3276700.00 Closed.
Rat001ch01F0073.bin:  08/19/09 15:03:19.015-19:03:18.062 16   6 kHz 6103.515625      0.50  3000.00  175767552 3276700.00 Closed.
Rat001ch01F0074.bin:  08/19/09 19:03:18.062-23:03:16.687 16   6 kHz 6103.515625      0.50  3000.00  175767552 3276700.00 Closed.
Rat001ch01F0075.bin:  08/19/09 23:03:16.687-03:03:15.375 16   6 kHz 6103.515625      0.50  3000.00  175767552 3276700.00 Closed.
Rat001ch01F0076.bin:  08/20/09 03:03:15.375-07:03:14.000 16   6 kHz 6103.515625      0.50  3000.00  175767552 3276700.00 Closed.
Rat001ch01F0077.bin:  08/20/09 07:03:14.000-11:03:12.687 16   6 kHz 6103.515625      0.50  3000.00  175767552 3276700.00 Closed.
Rat001ch01F0078.bin:  08/20/09 11:03:12.687-11:12:03.234 16   6 kHz 6103.515625      0.50  3000.00    6455296 3276700.00 Closed.
Rat001ch01F0079.bin:  08/22/09 17:30:55.421-21:30:54.453 16   6 kHz 6103.515625      0.50  3000.00  175767552 3276700.00 Closed.
Rat001ch01F0080.bin:  08/22/09 21:30:54.453-01:30:53.140 16   6 kHz 6103.515625      0.50  3000.00  175767552 3276700.00 Closed.
Rat001ch01F0081.bin:  08/23/09 01:30:53.140-05:30:51.765 16   6 kHz 6103.515625      0.50  3000.00  175767552 3276700.00 Closed.
Rat001ch01F0082.bin:  08/23/09 05:30:51.765-09:30:50.453 16   6 kHz 6103.515625      0.50  3000.00  175767552 3276700.00 Closed.
Rat001ch01F0083.bin:  08/23/09 09:30:50.453-13:30:49.078 16   6 kHz 6103.515625      0.50  3000.00  175767552 3276700.00 Closed.
Rat001ch01F0084.bin:  08/23/09 13:30:49.078-17:30:47.765 16   6 kHz 6103.515625      0.50  3000.00  175767552 3276700.00 Closed.
Rat001ch01F0085.bin:  08/23/09 17:30:47.765-21:30:46.390 16   6 kHz 6103.515625      0.50  3000.00  175767552 3276700.00 Closed.
Rat001ch01F0086.bin:  08/23/09 21:30:46.390-01:30:45.078 16   6 kHz 6103.515625      0.50  3000.00  175767552 3276700.00 Closed.
Rat001ch01F0087.bin:  08/24/09 01:30:45.078-05:30:43.703 16   6 kHz 6103.515625      0.50  3000.00  175767552 3276700.00 Closed.
Rat001ch01F0088.bin:  08/24/09 05:30:43.703-09:30:42.359 16   6 kHz 6103.515625      0.50  3000.00  175767552 3276700.00 Closed.
Rat001ch01F0089.bin:  08/24/09 09:30:42.359-13:30:41.046 16   6 kHz 6103.515625      0.50  3000.00  175767552 3276700.00 Closed.
Rat001ch01F0090.bin:  08/24/09 13:30:41.046-17:30:39.671 16   6 kHz 6103.515625      0.50  3000.00  175767552 3276700.00 Closed.
Rat001ch01F0091.bin:  08/24/09 17:30:39.671-21:30:38.359 16   6 kHz 6103.515625      0.50  3000.00  175767552 3276700.00 Closed.
Rat001ch01F0092.bin:  08/24/09 21:30:38.359-01:30:37.046 16   6 kHz 6103.515625      0.50  3000.00  175767552 3276700.00 Closed.
Rat001ch01F0093.bin:  08/25/09 01:30:37.046-05:30:35.671 16   6 kHz 6103.515625      0.50  3000.00  175767552 3276700.00 Closed.
Rat001ch01F0094.bin:  08/25/09 05:30:35.671-09:30:34.359 16   6 kHz 6103.515625      0.50  3000.00  175767552 3276700.00 Closed.
Rat001ch01F0095.bin:  08/25/09 09:30:34.359-13:30:32.968 16   6 kHz 6103.515625      0.50  3000.00  175767552 3276700.00 Closed.
Rat001ch01F0096.bin:  08/25/09 13:30:32.968-17:30:31.656 16   6 kHz 6103.515625      0.50  3000.00  175767552 3276700.00 Closed.
Rat001ch01F0097.bin:  08/25/09 17:30:31.656-21:30:30.281 16   6 kHz 6103.515625      0.50  3000.00  175767552 3276700.00 Closed.
Rat001ch01F0098.bin:  08/25/09 21:30:30.281-01:30:28.968 16   6 kHz 6103.515625      0.50  3000.00  175767552 3276700.00 Closed.
Rat001ch01F0099.bin:  08/26/09 01:30:28.968-05:30:27.656 16   6 kHz 6103.515625      0.50  3000.00  175767552 3276700.00 Closed.
Rat001ch01F0100.bin:  08/26/09 05:30:27.656-09:30:26.281 16   6 kHz 6103.515625      0.50  3000.00  175767552 3276700.00 Closed.
Rat001ch01F0101.bin:  08/26/09 09:30:26.281-13:30:24.968 16   6 kHz 6103.515625      0.50  3000.00  175767552 3276700.00 Closed.
Rat001ch01F0102.bin:  08/26/09 13:30:24.968-17:30:23.609 16   6 kHz 6103.515625      0.50  3000.00  175767552 3276700.00 Closed.
Rat001ch01F0103.bin:  08/26/09 17:30:23.609-21:30:22.234 16   6 kHz 6103.515625      0.50  3000.00  175767552 3276700.00 Closed.
Rat001ch01F0104.bin:  08/26/09 21:30:22.234-01:30:20.937 16   6 kHz 6103.515625      0.50  3000.00  175767552 3276700.00 Closed.
Rat001ch01F0105.bin:  08/27/09 01:30:20.937-05:30:19.578 16   6 kHz 6103.515625      0.50  3000.00  175767552 3276700.00 Closed.
Rat001ch01F0106.bin:  08/27/09 05:30:19.578-09:30:18.203 16   6 kHz 6103.515625      0.50  3000.00  175767552 3276700.00 Closed.
Rat001ch01F0107.bin:  08/27/09 09:30:18.203-13:30:16.890 16   6 kHz 6103.515625      0.50  3000.00  175767552 3276700.00 Closed.
Rat001ch01F0108.bin:  08/27/09 13:30:16.890-17:30:15.890 16   6 kHz 6103.515625      0.50  3000.00  175767552 3276700.00 Closed.
Rat001ch01F0109.bin:  08/27/09 17:30:15.890-21:30:14.187 16   6 kHz 6103.515625      0.50  3000.00  175767552 3276700.00 Closed.
Rat001ch01F0110.bin:  08/27/09 21:30:14.187-01:30:12.828 16   6 kHz 6103.515625      0.50  3000.00  175767552 3276700.00 Closed.
Rat001ch01F0111.bin:  08/28/09 01:30:12.828-05:30:11.515 16   6 kHz 6103.515625      0.50  3000.00  175767552 3276700.00 Closed.
Rat001ch01F0112.bin:  08/28/09 05:30:11.515-09:30:10.156 16   6 kHz 6103.515625      0.50  3000.00  175767552 3276700.00 Closed.
Rat001ch01F0113.bin:  08/28/09 09:30:10.156-10:10:22.484 16   6 kHz 6103.515625      0.50  3000.00   29425664 3276700.00 Closed.
Rat001ch01F0114.bin:  08/28/09 14:55:11.468-18:55:52.906 16   6 kHz 6103.515625      0.50  3000.00  175767552 3276700.00 Closed.
Rat001ch01F0115.bin:  08/28/09 18:55:52.906-22:55:51.812 16   6 kHz 6103.515625      0.50  3000.00  175767552 3276700.00 Closed.
Rat001ch01F0116.bin:  08/28/09 22:55:51.812-02:55:50.171 16   6 kHz 6103.515625      0.50  3000.00  175767552 3276700.00 Closed.
Rat001ch01F0117.bin:  08/29/09 02:55:50.171-06:55:48.859 16   6 kHz 6103.515625      0.50  3000.00  175767552 3276700.00 Closed.
Rat001ch01F0118.bin:  08/29/09 06:55:48.859-10:55:47.515 16   6 kHz 6103.515625      0.50  3000.00  175767552 3276700.00 Closed.
Rat001ch01F0119.bin:  08/29/09 10:55:47.515-14:55:46.125 16   6 kHz 6103.515625      0.50  3000.00  175767552 3276700.00 Closed.
Rat001ch01F0120.bin:  08/29/09 14:55:46.125-18:55:44.812 16   6 kHz 6103.515625      0.50  3000.00  175767552 3276700.00 Closed.
Rat001ch01F0121.bin:  08/29/09 18:55:44.812-22:55:43.437 16   6 kHz 6103.515625      0.50  3000.00  175767552 3276700.00 Closed.
Rat001ch01F0122.bin:  08/29/09 22:55:43.437-02:55:42.078 16   6 kHz 6103.515625      0.50  3000.00  175767552 3276700.00 Closed.
Rat001ch01F0123.bin:  08/30/09 02:55:42.078-06:55:40.781 16   6 kHz 6103.515625      0.50  3000.00  175767552 3276700.00 Closed.
Rat001ch01F0124.bin:  08/30/09 06:55:40.781-10:55:39.406 16   6 kHz 6103.515625      0.50  3000.00  175767552 3276700.00 Closed.
Rat001ch01F0125.bin:  08/30/09 10:55:39.406-14:55:38.046 16   6 kHz 6103.515625      0.50  3000.00  175767552 3276700.00 Closed.
Rat001ch01F0126.bin:  08/30/09 14:55:38.046-18:55:36.671 16   6 kHz 6103.515625      0.50  3000.00  175767552 3276700.00 Closed.
Rat001ch01F0127.bin:  08/30/09 18:55:36.671-22:55:35.359 16   6 kHz 6103.515625      0.50  3000.00  175767552 3276700.00 Closed.
Rat001ch01F0128.bin:  08/30/09 22:55:35.359-02:55:34.015 16   6 kHz 6103.515625      0.50  3000.00  175767552 3276700.00 Closed.
Rat001ch01F0129.bin:  08/31/09 02:55:34.015-06:55:32.640 16   6 kHz 6103.515625      0.50  3000.00  175767552 3276700.00 Closed.
Rat001ch01F0130.bin:  08/31/09 06:55:32.640-10:55:31.265 16   6 kHz 6103.515625      0.50  3000.00  175767552 3276700.00 Closed.
Rat001ch01F0131.bin:  08/31/09 10:55:31.265-14:55:29.953 16   6 kHz 6103.515625      0.50  3000.00  175767552 3276700.00 Closed.
Rat001ch01F0132.bin:  08/31/09 14:55:29.953-18:55:28.609 16   6 kHz 6103.515625      0.50  3000.00  175767552 3276700.00 Closed.
Rat001ch01F0133.bin:  08/31/09 18:55:28.609-22:55:27.234 16   6 kHz 6103.515625      0.50  3000.00  175767552 3276700.00 Closed.
Rat001ch01F0134.bin:  08/31/09 22:55:27.234-02:55:25.921 16   6 kHz 6103.515625      0.50  3000.00  175767552 3276700.00 Closed.
Rat001ch01F0135.bin:  09/01/09 02:55:25.921-06:55:24.546 16   6 kHz 6103.515625      0.50  3000.00  175767552 3276700.00 Closed.
Rat001ch01F0136.bin:  09/01/09 06:55:24.546-10:55:23.156 16   6 kHz 6103.515625      0.50  3000.00  175767552 3276700.00 Closed.
Rat001ch01F0137.bin:  09/01/09 10:55:23.156-14:55:21.843 16   6 kHz 6103.515625      0.50  3000.00  175767552 3276700.00 Closed.
Rat001ch01F0138.bin:  09/01/09 14:55:21.843-18:55:54.078 16   6 kHz 6103.515625      0.50  3000.00  175767552 3276700.00 Closed.
Rat001ch01F0139.bin:  09/01/09 18:55:54.078-22:55:52.703 16   6 kHz 6103.515625      0.50  3000.00  175767552 3276700.00 Closed.
Rat001ch01F0140.bin:  09/01/09 22:55:52.703-02:55:51.343 16   6 kHz 6103.515625      0.50  3000.00  175767552 3276700.00 Closed.
Rat001ch01F0141.bin:  09/02/09 02:55:51.343-06:55:50.031 16   6 kHz 6103.515625      0.50  3000.00  175767552 3276700.00 Closed.
Rat001ch01F0142.bin:  09/02/09 06:55:50.031-10:55:48.640 16   6 kHz 6103.515625      0.50  3000.00  175767552 3276700.00 Closed.
Rat001ch01F0143.bin:  09/02/09 10:55:48.640-14:55:47.328 16   6 kHz 6103.515625      0.50  3000.00  175767552 3276700.00 Closed.
Rat001ch01F0144.bin:  09/02/09 14:55:47.328-18:55:45.937 16   6 kHz 6103.515625      0.50  3000.00  175767552 3276700.00 Closed.
Rat001ch01F0145.bin:  09/02/09 18:55:45.937-22:55:44.625 16   6 kHz 6103.515625      0.50  3000.00  175767552 3276700.00 Closed.
Rat001ch01F0146.bin:  09/02/09 22:55:44.625-02:55:43.265 16   6 kHz 6103.515625      0.50  3000.00  175767552 3276700.00 Closed.
Rat001ch01F0147.bin:  09/03/09 02:55:43.265-06:55:41.890 16   6 kHz 6103.515625      0.50  3000.00  175767552 3276700.00 Closed.
Rat001ch01F0148.bin:  09/03/09 06:55:41.890-10:55:40.562 16   6 kHz 6103.515625      0.50  3000.00  175767552 3276700.00 Closed.
Rat001ch01F0149.bin:  09/03/09 10:55:40.562-11:16:45.312 16   6 kHz 6103.515625      0.50  3000.00   15433728 3276700.00 Closed.
Rat001ch01F0150.bin:  09/03/09 11:19:01.687-11:19:04.375 16   6 kHz 6103.515625      0.50  3000.00          0 3276700.00 Closed.
Rat001ch01F0151.bin:  09/03/09 11:20:48.906-11:25:29.718 16   6 kHz 6103.515625      0.50  3000.00    3407872 3276700.00 Closed.
Rat001ch01F0152.bin:  09/03/09 11:33:14.203-11:34:31.265 16   6 kHz 6103.515625      0.50  3000.00     917504 3276700.00 Closed.
Rat001ch01F0153.bin:  09/03/09 11:37:57.031-11:43:33.906 16   6 kHz 6103.515625      0.50  3000.00    4096000 3276700.00 Closed.
Rat001ch01F0154.bin:  09/03/09 11:44:27.234-11:45:01.234 16   6 kHz 6103.515625      0.50  3000.00     393216 3276700.00 Closed.
Rat001ch01F0155.bin:  09/03/09 11:46:40.015-12:18:25.265 16   6 kHz 6103.515625      0.50  3000.00   23232512 3276700.00 Closed.
Rat001ch01F0156.bin:  09/03/09 12:19:08.703-16:19:05.140 16   6 kHz 6103.515625      0.50  3000.00  175767552 3276700.00 Closed.
Rat001ch01F0157.bin:  09/03/09 16:19:05.140-20:19:03.828 16   6 kHz 6103.515625      0.50  3000.00  175767552 3276700.00 Closed.
Rat001ch01F0158.bin:  09/03/09 20:19:03.828-00:19:02.453 16   6 kHz 6103.515625      0.50  3000.00  175767552 3276700.00 Closed.
Rat001ch01F0159.bin:  09/04/09 00:19:02.453-04:19:01.078 16   6 kHz 6103.515625      0.50  3000.00  175767552 3276700.00 Closed.
Rat001ch01F0160.bin:  09/04/09 04:19:01.078-08:18:59.765 16   6 kHz 6103.515625      0.50  3000.00  175767552 3276700.00 Closed.
Rat001ch01F0161.bin:  09/04/09 08:18:59.765-12:18:58.390 16   6 kHz 6103.515625      0.50  3000.00  175767552 3276700.00 Closed.
Rat001ch01F0162.bin:  09/04/09 12:18:58.390-16:18:57.078 16   6 kHz 6103.515625      0.50  3000.00  175767552 3276700.00 Closed.
Rat001ch01F0163.bin:  09/04/09 16:18:57.078-20:18:55.703 16   6 kHz 6103.515625      0.50  3000.00  175767552 3276700.00 Closed.
Rat001ch01F0164.bin:  09/04/09 20:18:55.703-00:18:54.390 16   6 kHz 6103.515625      0.50  3000.00  175767552 3276700.00 Closed.
Rat001ch01F0165.bin:  09/05/09 00:18:54.390-04:18:53.015 16   6 kHz 6103.515625      0.50  3000.00  175767552 3276700.00 Closed.
Rat001ch01F0166.bin:  09/05/09 04:18:53.015-08:18:51.703 16   6 kHz 6103.515625      0.50  3000.00  175767552 3276700.00 Closed.
Rat001ch01F0167.bin:  09/05/09 08:18:51.703-12:18:50.328 16   6 kHz 6103.515625      0.50  3000.00  175767552 3276700.00 Closed.
Rat001ch01F0168.bin:  09/05/09 12:18:50.328-16:18:48.953 16   6 kHz 6103.515625      0.50  3000.00  175767552 3276700.00 Closed.
Rat001ch01F0169.bin:  09/05/09 16:18:48.953-20:18:47.640 16   6 kHz 6103.515625      0.50  3000.00  175767552 3276700.00 Closed.
Rat001ch01F0170.bin:  09/05/09 20:18:47.640-00:18:46.265 16   6 kHz 6103.515625      0.50  3000.00  175767552 3276700.00 Closed.
Rat001ch01F0171.bin:  09/06/09 00:18:46.265-04:18:44.953 16   6 kHz 6103.515625      0.50  3000.00  175767552 3276700.00 Closed.
Rat001ch01F0172.bin:  09/06/09 04:18:44.953-08:18:43.578 16   6 kHz 6103.515625      0.50  3000.00  175767552 3276700.00 Closed.
Rat001ch01F0173.bin:  09/06/09 08:18:43.578-12:18:42.203 16   6 kHz 6103.515625      0.50  3000.00  175767552 3276700.00 Closed.
Rat001ch01F0174.bin:  09/06/09 12:18:42.203-16:18:40.890 16   6 kHz 6103.515625      0.50  3000.00  175767552 3276700.00 Closed.
Rat001ch01F0175.bin:  09/06/09 16:18:40.890-20:18:39.515 16   6 kHz 6103.515625      0.50  3000.00  175767552 3276700.00 Closed.
Rat001ch01F0176.bin:  09/06/09 20:18:39.515-00:18:38.203 16   6 kHz 6103.515625      0.50  3000.00  175767552 3276700.00 Closed.
Rat001ch01F0177.bin:  09/07/09 00:18:38.203-04:18:36.828 16   6 kHz 6103.515625      0.50  3000.00  175767552 3276700.00 Closed.
Rat001ch01F0178.bin:  09/07/09 04:18:36.828-08:18:35.515 16   6 kHz 6103.515625      0.50  3000.00  175767552 3276700.00 Closed.
Rat001ch01F0179.bin:  09/07/09 08:18:35.515-12:18:34.140 16   6 kHz 6103.515625      0.50  3000.00  175767552 3276700.00 Closed.
Rat001ch01F0180.bin:  09/07/09 12:18:34.140-16:18:32.765 16   6 kHz 6103.515625      0.50  3000.00  175767552 3276700.00 Closed.
Rat001ch01F0181.bin:  09/07/09 16:18:32.765-20:18:31.453 16   6 kHz 6103.515625      0.50  3000.00  175767552 3276700.00 Closed.
Rat001ch01F0182.bin:  09/07/09 20:18:31.453-00:18:30.078 16   6 kHz 6103.515625      0.50  3000.00  175767552 3276700.00 Closed.
Rat001ch01F0183.bin:  09/08/09 00:18:30.078-04:18:28.765 16   6 kHz 6103.515625      0.50  3000.00  175767552 3276700.00 Closed.
Rat001ch01F0184.bin:  09/08/09 04:18:28.765-08:18:27.390 16   6 kHz 6103.515625      0.50  3000.00  175767552 3276700.00 Closed.
Rat001ch01F0185.bin:  09/08/09 08:18:27.390-12:18:26.078 16   6 kHz 6103.515625      0.50  3000.00  175767552 3276700.00 Closed.
Rat001ch01F0186.bin:  09/08/09 12:18:26.078-15:57:56.765 16   6 kHz 6103.515625      0.50  3000.00  160759808 3276700.00 Closed.
Rat001ch01F0187.bin:  09/09/09 11:04:47.484-11:05:27.921 16   6 kHz 6103.515625      0.50  3000.00     458752 3276700.00 Closed.
Rat001ch01F0188.bin:  09/09/09 11:09:57.859-15:09:55.203 16   6 kHz 6103.515625      0.50  3000.00  175767552 3276700.00 Closed.
Rat001ch01F0189.bin:  09/09/09 15:09:55.203-19:09:53.843 16   6 kHz 6103.515625      0.50  3000.00  175767552 3276700.00 Closed.
Rat001ch01F0190.bin:  09/09/09 19:09:53.843-23:09:52.468 16   6 kHz 6103.515625      0.50  3000.00  175767552 3276700.00 Closed.
Rat001ch01F0191.bin:  09/09/09 23:09:52.468-03:09:51.171 16   6 kHz 6103.515625      0.50  3000.00  175767552 3276700.00 Closed.
Rat001ch01F0192.bin:  09/10/09 03:09:51.171-07:09:49.796 16   6 kHz 6103.515625      0.50  3000.00  175767552 3276700.00 Closed.
Rat001ch01F0193.bin:  09/10/09 07:09:49.796-11:09:48.484 16   6 kHz 6103.515625      0.50  3000.00  175767552 3276700.00 Closed.
Rat001ch01F0194.bin:  09/10/09 11:09:48.484-15:09:47.109 16   6 kHz 6103.515625      0.50  3000.00  175767552 3276700.00 Closed.
Rat001ch01F0195.bin:  09/10/09 15:09:47.109-19:09:45.953 16   6 kHz 6103.515625      0.50  3000.00  175767552 3276700.00 Closed.
Rat001ch01F0196.bin:  09/10/09 19:09:45.953-23:09:44.484 16   6 kHz 6103.515625      0.50  3000.00  175767552 3276700.00 Closed.
Rat001ch01F0197.bin:  09/10/09 23:09:44.484-03:09:43.109 16   6 kHz 6103.515625      0.50  3000.00  175767552 3276700.00 Closed.
Rat001ch01F0198.bin:  09/11/09 03:09:43.109-07:09:41.765 16   6 kHz 6103.515625      0.50  3000.00  175767552 3276700.00 Closed.
Rat001ch01F0199.bin:  09/11/09 07:09:41.765-11:09:40.453 16   6 kHz 6103.515625      0.50  3000.00  175767552 3276700.00 Closed.
Rat001ch01F0200.bin:  09/11/09 11:09:40.453-14:46:59.812 16   6 kHz 6103.515625      0.50  3000.00  159154176 3276700.00 Closed.
Rat001ch01F0201.bin:  09/11/09 14:48:52.562-18:48:49.562 16   6 kHz 6103.515625      0.50  3000.00  175767552 3276700.00 Closed.
Rat001ch01F0202.bin:  09/11/09 18:48:49.562-22:48:48.187 16   6 kHz 6103.515625      0.50  3000.00  175767552 3276700.00 Closed.
Rat001ch01F0203.bin:  09/11/09 22:48:48.187-02:48:46.875 16   6 kHz 6103.515625      0.50  3000.00  175767552 3276700.00 Closed.
Rat001ch01F0204.bin:  09/12/09 02:48:46.875-06:48:45.515 16   6 kHz 6103.515625      0.50  3000.00  175767552 3276700.00 Closed.
Rat001ch01F0205.bin:  09/12/09 06:48:45.515-10:48:44.218 16   6 kHz 6103.515625      0.50  3000.00  175767552 3276700.00 Closed.
Rat001ch01F0206.bin:  09/12/09 10:48:44.218-14:48:42.843 16   6 kHz 6103.515625      0.50  3000.00  175767552 3276700.00 Closed.
Rat001ch01F0207.bin:  09/12/09 14:48:42.843-18:48:41.531 16   6 kHz 6103.515625      0.50  3000.00  175767552 3276700.00 Closed.
Rat001ch01F0208.bin:  09/12/09 18:48:41.531-22:48:40.156 16   6 kHz 6103.515625      0.50  3000.00  175767552 3276700.00 Closed.
Rat001ch01F0209.bin:  09/12/09 22:48:40.156-02:48:38.843 16   6 kHz 6103.515625      0.50  3000.00  175767552 3276700.00 Closed.
Rat001ch01F0210.bin:  09/13/09 02:48:38.843-06:48:37.484 16   6 kHz 6103.515625      0.50  3000.00  175767552 3276700.00 Closed.
Rat001ch01F0211.bin:  09/13/09 06:48:37.484-10:48:36.171 16   6 kHz 6103.515625      0.50  3000.00  175767552 3276700.00 Closed.
Rat001ch01F0212.bin:  09/13/09 10:48:36.171-14:48:34.796 16   6 kHz 6103.515625      0.50  3000.00  175767552 3276700.00 Closed.
Rat001ch01F0213.bin:  09/13/09 14:48:34.796-18:48:33.515 16   6 kHz 6103.515625      0.50  3000.00  175767552 3276700.00 Closed.
Rat001ch01F0214.bin:  09/13/09 18:48:33.515-22:48:32.171 16   6 kHz 6103.515625      0.50  3000.00  175767552 3276700.00 Closed.
Rat001ch01F0215.bin:  09/13/09 22:48:32.171-02:48:30.828 16   6 kHz 6103.515625      0.50  3000.00  175767552 3276700.00 Closed.
Rat001ch01F0216.bin:  09/14/09 02:48:30.828-06:48:29.453 16   6 kHz 6103.515625      0.50  3000.00  175767552 3276700.00 Closed.
Rat001ch01F0217.bin:  09/14/09 06:48:29.453-10:48:28.125 16   6 kHz 6103.515625      0.50  3000.00  175767552 3276700.00 Closed.
Rat001ch01F0218.bin:  09/14/09 10:48:28.125-14:48:26.812 16   6 kHz 6103.515625      0.50  3000.00  175767552 3276700.00 Closed.
Rat001ch01F0219.bin:  09/14/09 14:48:26.812-18:48:25.453 16   6 kHz 6103.515625      0.50  3000.00  175767552 3276700.00 Closed.
Rat001ch01F0220.bin:  09/14/09 18:48:25.453-22:48:24.078 16   6 kHz 6103.515625      0.50  3000.00  175767552 3276700.00 Closed.
Rat001ch01F0221.bin:  09/14/09 22:48:24.078-02:48:22.781 16   6 kHz 6103.515625      0.50  3000.00  175767552 3276700.00 Closed.
Rat001ch01F0222.bin:  09/15/09 02:48:22.781-06:48:21.437 16   6 kHz 6103.515625      0.50  3000.00  175767552 3276700.00 Closed.
Rat001ch01F0223.bin:  09/15/09 06:48:21.437-10:48:20.109 16   6 kHz 6103.515625      0.50  3000.00  175767552 3276700.00 Closed.
Rat001ch01F0224.bin:  09/15/09 10:48:20.109-14:48:18.718 16   6 kHz 6103.515625      0.50  3000.00  175767552 3276700.00 Closed.
Rat001ch01F0225.bin:  09/15/09 14:48:18.718-18:48:17.421 16   6 kHz 6103.515625      0.50  3000.00  175767552 3276700.00 Closed.
Rat001ch01F0226.bin:  09/15/09 18:48:17.421-22:48:16.062 16   6 kHz 6103.515625      0.50  3000.00  175767552 3276700.00 Closed.
Rat001ch01F0227.bin:  09/15/09 22:48:16.062-02:48:14.703 16   6 kHz 6103.515625      0.50  3000.00  175767552 3276700.00 Closed.
Rat001ch01F0228.bin:  09/16/09 02:48:14.703-06:48:13.406 16   6 kHz 6103.515625      0.50  3000.00  175767552 3276700.00 Closed.
Rat001ch01F0229.bin:  09/16/09 06:48:13.406-10:48:12.031 16   6 kHz 6103.515625      0.50  3000.00  175767552 3276700.00 Closed.
Rat001ch01F0230.bin:  09/16/09 10:48:12.031-14:48:10.718 16   6 kHz 6103.515625      0.50  3000.00  175767552 3276700.00 Closed.
Rat001ch01F0231.bin:  09/16/09 14:48:10.718-10:29:51.687 16   6 kHz 6103.515625      0.50  3000.00   16711680 3276700.00 Closed.
Rat001ch01F0232.bin:  09/17/09 10:29:52.937-10:30:48.312 16   6 kHz 6103.515625      0.50  3000.00          0 3276700.00 Closed.
Rat001ch01F0233.bin:  09/17/09 10:46:40.859-14:46:39.937 16   6 kHz 6103.515625      0.50  3000.00  175767552 3276700.00 Closed.
Rat001ch01F0234.bin:  09/17/09 14:46:39.937-18:46:38.578 16   6 kHz 6103.515625      0.50  3000.00  175767552 3276700.00 Closed.
Rat001ch01F0235.bin:  09/17/09 18:46:38.578-22:46:37.265 16   6 kHz 6103.515625      0.50  3000.00  175767552 3276700.00 Closed.
Rat001ch01F0236.bin:  09/17/09 22:46:37.265-02:46:35.890 16   6 kHz 6103.515625      0.50  3000.00  175767552 3276700.00 Closed.
Rat001ch01F0237.bin:  09/18/09 02:46:35.890-06:46:34.578 16   6 kHz 6103.515625      0.50  3000.00  175767552 3276700.00 Closed.
Rat001ch01F0238.bin:  09/18/09 06:46:34.578-10:46:33.203 16   6 kHz 6103.515625      0.50  3000.00  175767552 3276700.00 Closed.
Rat001ch01F0239.bin:  09/18/09 10:46:33.203-14:46:31.890 16   6 kHz 6103.515625      0.50  3000.00  175767552 3276700.00 Closed.
Rat001ch01F0240.bin:  09/18/09 14:46:31.890-18:46:30.578 16   6 kHz 6103.515625      0.50  3000.00  175767552 3276700.00 Closed.
Rat001ch01F0241.bin:  09/18/09 18:46:30.578-22:46:29.203 16   6 kHz 6103.515625      0.50  3000.00  175767552 3276700.00 Closed.
Rat001ch01F0242.bin:  09/18/09 22:46:29.203-02:46:27.906 16   6 kHz 6103.515625      0.50  3000.00  175767552 3276700.00 Closed.
Rat001ch01F0243.bin:  09/19/09 02:46:27.906-06:46:26.515 16   6 kHz 6103.515625      0.50  3000.00  175767552 3276700.00 Closed.
Rat001ch01F0244.bin:  09/19/09 06:46:26.515-10:46:25.203 16   6 kHz 6103.515625      0.50  3000.00  175767552 3276700.00 Closed.
Rat001ch01F0245.bin:  09/19/09 10:46:25.203-14:46:23.890 16   6 kHz 6103.515625      0.50  3000.00  175767552 3276700.00 Closed.
Rat001ch01F0246.bin:  09/19/09 14:46:23.890-18:46:22.515 16   6 kHz 6103.515625      0.50  3000.00  175767552 3276700.00 Closed.
Rat001ch01F0247.bin:  09/19/09 18:46:22.515-22:46:21.203 16   6 kHz 6103.515625      0.50  3000.00  175767552 3276700.00 Closed.
Rat001ch01F0248.bin:  09/19/09 22:46:21.203-02:46:19.828 16   6 kHz 6103.515625      0.50  3000.00  175767552 3276700.00 Closed.
Rat001ch01F0249.bin:  09/20/09 02:46:19.828-06:46:18.531 16   6 kHz 6103.515625      0.50  3000.00  175767552 3276700.00 Closed.
Rat001ch01F0250.bin:  09/20/09 06:46:18.531-10:46:17.156 16   6 kHz 6103.515625      0.50  3000.00  175767552 3276700.00 Closed.
Rat001ch01F0251.bin:  09/20/09 10:46:17.156-14:46:15.796 16   6 kHz 6103.515625      0.50  3000.00  175767552 3276700.00 Closed.
Rat001ch01F0252.bin:  09/20/09 14:46:15.796-18:46:14.500 16   6 kHz 6103.515625      0.50  3000.00  175767552 3276700.00 Closed.
Rat001ch01F0253.bin:  09/20/09 18:46:14.500-22:46:13.125 16   6 kHz 6103.515625      0.50  3000.00  175767552 3276700.00 Closed.
Rat001ch01F0254.bin:  09/20/09 22:46:13.125-02:46:11.812 16   6 kHz 6103.515625      0.50  3000.00  175767552 3276700.00 Closed.
Rat001ch01F0255.bin:  09/21/09 02:46:11.812-06:46:10.453 16   6 kHz 6103.515625      0.50  3000.00  175767552 3276700.00 Closed.
Rat001ch01F0256.bin:  09/21/09 06:46:10.453-10:46:09.218 16   6 kHz 6103.515625      0.50  3000.00  175767552 3276700.00 Closed.
Rat001ch01F0257.bin:  09/21/09 10:46:09.218-14:46:07.765 16   6 kHz 6103.515625      0.50  3000.00  175767552 3276700.00 Closed.
Rat001ch01F0258.bin:  09/21/09 14:46:07.765-18:46:06.453 16   6 kHz 6103.515625      0.50  3000.00  175767552 3276700.00 Closed.
Rat001ch01F0259.bin:  09/21/09 18:46:06.453-22:46:05.109 16   6 kHz 6103.515625      0.50  3000.00  175767552 3276700.00 Closed.
Rat001ch01F0260.bin:  09/21/09 22:46:05.109-02:46:03.765 16   6 kHz 6103.515625      0.50  3000.00  175767552 3276700.00 Closed.
Rat001ch01F0261.bin:  09/22/09 02:46:03.765-06:46:02.390 16   6 kHz 6103.515625      0.50  3000.00  175767552 3276700.00 Closed.
Rat001ch01F0262.bin:  09/22/09 06:46:02.390-10:46:01.062 16   6 kHz 6103.515625      0.50  3000.00  175767552 3276700.00 Closed.
Rat001ch01F0263.bin:  09/22/09 10:46:01.062-14:45:59.687 16   6 kHz 6103.515625      0.50  3000.00  175767552 3276700.00 Closed.
Rat001ch01F0264.bin:  09/22/09 14:45:59.687-18:45:58.375 16   6 kHz 6103.515625      0.50  3000.00  175767552 3276700.00 Closed.
Rat001ch01F0265.bin:  09/22/09 18:45:58.375-22:45:57.000 16   6 kHz 6103.515625      0.50  3000.00  175767552 3276700.00 Closed.
Rat001ch01F0266.bin:  09/22/09 22:45:57.000-02:45:55.687 16   6 kHz 6103.515625      0.50  3000.00  175767552 3276700.00 Closed.
Rat001ch01F0267.bin:  09/23/09 02:45:55.687-06:45:54.312 16   6 kHz 6103.515625      0.50  3000.00  175767552 3276700.00 Closed.
Rat001ch01F0268.bin:  09/23/09 06:45:54.312-10:45:53.000 16   6 kHz 6103.515625      0.50  3000.00  175767552 3276700.00 Closed.
Rat001ch01F0269.bin:  09/23/09 10:45:53.000-14:45:51.625 16   6 kHz 6103.515625      0.50  3000.00  175767552 3276700.00 Closed.
Rat001ch01F0270.bin:  09/23/09 14:45:51.625-18:45:50.250 16   6 kHz 6103.515625      0.50  3000.00  175767552 3276700.00 Closed.
Rat001ch01F0271.bin:  09/23/09 18:45:50.250-22:45:48.937 16   6 kHz 6103.515625      0.50  3000.00  175767552 3276700.00 Closed.
Rat001ch01F0272.bin:  09/23/09 22:45:48.937-02:45:47.562 16   6 kHz 6103.515625      0.50  3000.00  175767552 3276700.00 Closed.
Rat001ch01F0273.bin:  09/24/09 02:45:47.562-06:45:46.250 16   6 kHz 6103.515625      0.50  3000.00  175767552 3276700.00 Closed.
Rat001ch01F0274.bin:  09/24/09 06:45:46.250-10:45:44.890 16   6 kHz 6103.515625      0.50  3000.00  175767552 3276700.00 Closed.
Rat001ch01F0275.bin:  09/24/09 10:45:44.890-10:10:08.890 16   6 kHz 6103.515625      0.50  3000.00  175472640 3276700.00 Closed.
Rat001ch01F0276.bin:  09/25/09 10:11:37.015-14:11:36.031 16   6 kHz 6103.515625      0.50  3000.00  175767552 3276700.00 Closed.
Rat001ch01F0277.bin:  09/25/09 14:11:36.031-18:11:34.656 16   6 kHz 6103.515625      0.50  3000.00  175767552 3276700.00 Closed.
Rat001ch01F0278.bin:  09/25/09 18:11:34.656-22:11:33.343 16   6 kHz 6103.515625      0.50  3000.00  175767552 3276700.00 Closed.
Rat001ch01F0279.bin:  09/25/09 22:11:33.343-02:11:31.968 16   6 kHz 6103.515625      0.50  3000.00  175767552 3276700.00 Closed.
Rat001ch01F0280.bin:  09/26/09 02:11:31.968-06:11:30.656 16   6 kHz 6103.515625      0.50  3000.00  175767552 3276700.00 Closed.
Rat001ch01F0281.bin:  09/26/09 06:11:30.656-10:11:29.281 16   6 kHz 6103.515625      0.50  3000.00  175767552 3276700.00 Closed.
Rat001ch01F0282.bin:  09/26/09 10:11:29.281-14:11:27.968 16   6 kHz 6103.515625      0.50  3000.00  175767552 3276700.00 Closed.
Rat001ch01F0283.bin:  09/26/09 14:11:27.968-18:11:26.593 16   6 kHz 6103.515625      0.50  3000.00  175767552 3276700.00 Closed.
Rat001ch01F0284.bin:  09/26/09 18:11:26.593-22:11:25.218 16   6 kHz 6103.515625      0.50  3000.00  175767552 3276700.00 Closed.
Rat001ch01F0285.bin:  09/26/09 22:11:25.218-02:11:23.843 16   6 kHz 6103.515625      0.50  3000.00  175767552 3276700.00 Closed.
Rat001ch01F0286.bin:  09/27/09 02:11:23.843-06:11:22.468 16   6 kHz 6103.515625      0.50  3000.00  175767552 3276700.00 Closed.
Rat001ch01F0287.bin:  09/27/09 06:11:22.468-10:11:21.156 16   6 kHz 6103.515625      0.50  3000.00  175767552 3276700.00 Closed.
Rat001ch01F0288.bin:  09/27/09 10:11:21.156-14:11:19.781 16   6 kHz 6103.515625      0.50  3000.00  175767552 3276700.00 Closed.
Rat001ch01F0289.bin:  09/27/09 14:11:19.781-18:11:18.406 16   6 kHz 6103.515625      0.50  3000.00  175767552 3276700.00 Closed.
Rat001ch01F0290.bin:  09/27/09 18:11:18.406-22:11:17.093 16   6 kHz 6103.515625      0.50  3000.00  175767552 3276700.00 Closed.
Rat001ch01F0291.bin:  09/27/09 22:11:17.093-02:11:15.718 16   6 kHz 6103.515625      0.50  3000.00  175767552 3276700.00 Closed.
Rat001ch01F0292.bin:  09/28/09 02:11:15.718-06:11:14.406 16   6 kHz 6103.515625      0.50  3000.00  175767552 3276700.00 Closed.
Rat001ch01F0293.bin:  09/28/09 06:11:14.406-10:11:13.031 16   6 kHz 6103.515625      0.50  3000.00  175767552 3276700.00 Closed.
Rat001ch01F0294.bin:  09/28/09 10:11:13.031-14:11:11.671 16   6 kHz 6103.515625      0.50  3000.00  175767552 3276700.00 Closed.
Rat001ch01F0295.bin:  09/28/09 14:11:11.671-18:11:10.359 16   6 kHz 6103.515625      0.50  3000.00  175767552 3276700.00 Closed.
Rat001ch01F0296.bin:  09/28/09 18:11:10.359-22:11:08.984 16   6 kHz 6103.515625      0.50  3000.00  175767552 3276700.00 Closed.
Rat001ch01F0297.bin:  09/28/09 22:11:08.984-02:11:07.671 16   6 kHz 6103.515625      0.50  3000.00  175767552 3276700.00 Closed.
Rat001ch01F0298.bin:  09/29/09 02:11:07.671-06:11:06.296 16   6 kHz 6103.515625      0.50  3000.00  175767552 3276700.00 Closed.
Rat001ch01F0299.bin:  09/29/09 06:11:06.296-10:11:04.984 16   6 kHz 6103.515625      0.50  3000.00  175767552 3276700.00 Closed.
Rat001ch01F0300.bin:  09/29/09 10:11:04.984-14:11:03.625 16   6 kHz 6103.515625      0.50  3000.00  175767552 3276700.00 Closed.
Rat001ch01F0301.bin:  09/29/09 14:11:03.625-18:11:02.250 16   6 kHz 6103.515625      0.50  3000.00  175767552 3276700.00 Closed.
Rat001ch01F0302.bin:  09/29/09 18:11:02.250-22:11:00.937 16   6 kHz 6103.515625      0.50  3000.00  175767552 3276700.00 Closed.
Rat001ch01F0303.bin:  09/29/09 22:11:00.937-02:10:59.562 16   6 kHz 6103.515625      0.50  3000.00  175767552 3276700.00 Closed.
Rat001ch01F0304.bin:  09/30/09 02:10:59.562-06:10:58.187 16   6 kHz 6103.515625      0.50  3000.00  175767552 3276700.00 Closed.
Rat001ch01F0305.bin:  09/30/09 06:10:58.187-10:10:56.859 16   6 kHz 6103.515625      0.50  3000.00  175767552 3276700.00 Closed.
Rat001ch01F0306.bin:  09/30/09 10:10:56.859-14:10:55.546 16   6 kHz 6103.515625      0.50  3000.00  175767552 3276700.00 Closed.
Rat001ch01F0307.bin:  09/30/09 14:10:55.546-18:10:54.171 16   6 kHz 6103.515625      0.50  3000.00  175767552 3276700.00 Closed.
Rat001ch01F0308.bin:  09/30/09 18:10:54.171-22:10:52.859 16   6 kHz 6103.515625      0.50  3000.00  175767552 3276700.00 Closed.
Rat001ch01F0309.bin:  09/30/09 22:10:52.859-02:10:51.484 16   6 kHz 6103.515625      0.50  3000.00  175767552 3276700.00 Closed.
Rat001ch01F0310.bin:  10/01/09 02:10:51.484-06:10:50.171 16   6 kHz 6103.515625      0.50  3000.00  175767552 3276700.00 Closed.
Rat001ch01F0311.bin:  10/01/09 06:10:50.171-10:10:48.796 16   6 kHz 6103.515625      0.50  3000.00  175767552 3276700.00 Closed.
Rat001ch01F0312.bin:  10/01/09 10:10:48.796-14:10:47.468 16   6 kHz 6103.515625      0.50  3000.00  175767552 3276700.00 Closed.
Rat001ch01F0313.bin:  10/01/09 14:10:47.468-18:10:46.093 16   6 kHz 6103.515625      0.50  3000.00  175767552 3276700.00 Closed.
Rat001ch01F0314.bin:  10/01/09 18:10:46.093-22:10:44.781 16   6 kHz 6103.515625      0.50  3000.00  175767552 3276700.00 Closed.
Rat001ch01F0315.bin:  10/01/09 22:10:44.781-02:10:43.406 16   6 kHz 6103.515625      0.50  3000.00  175767552 3276700.00 Closed.
Rat001ch01F0316.bin:  10/02/09 02:10:43.406-06:10:42.093 16   6 kHz 6103.515625      0.50  3000.00  175767552 3276700.00 Closed.
Rat001ch01F0317.bin:  10/02/09 06:10:42.093-10:07:34.093 16   6 kHz 6103.515625      0.50  3000.00  173473792 3276700.00 Closed.
