Rat#..CH#.File..bin:    Date         Time Period        Chs   Rate    Actual           Band-Pass      Samples   Scale    Status 
Rat013ch01F0001.bin:  02/23/09 11:08:53.359-15:09:03.609 32  12 kHz 12207.03125      0.50  6000.00  175767552 3276700.00 Closed.
Rat013ch01F0002.bin:  02/23/09 15:09:03.609-19:09:02.234 32  12 kHz 12207.03125      0.50  6000.00  175767552 3276700.00 Closed.
Rat013ch01F0003.bin:  02/23/09 19:09:02.234-23:09:00.921 32  12 kHz 12207.03125      0.50  6000.00  175767552 3276700.00 Closed.
Rat013ch01F0004.bin:  02/23/09 23:09:00.921-03:08:59.546 32  12 kHz 12207.03125      0.50  6000.00  175767552 3276700.00 Closed.
Rat013ch01F0005.bin:  02/24/09 03:08:59.546-07:08:58.171 32  12 kHz 12207.03125      0.50  6000.00  175767552 3276700.00 Closed.
Rat013ch01F0006.bin:  02/24/09 07:08:58.171-11:08:56.796 32  12 kHz 12207.03125      0.50  6000.00  175767552 3276700.00 Closed.
Rat013ch01F0007.bin:  02/24/09 11:08:56.796-15:08:55.421 32  12 kHz 12207.03125      0.50  6000.00  175767552 3276700.00 Closed.
Rat013ch01F0008.bin:  02/24/09 15:08:55.421-19:08:54.046 32  12 kHz 12207.03125      0.50  6000.00  175767552 3276700.00 Closed.
Rat013ch01F0009.bin:  02/24/09 19:08:54.046-23:08:52.671 32  12 kHz 12207.03125      0.50  6000.00  175767552 3276700.00 Closed.
Rat013ch01F0010.bin:  02/24/09 23:08:52.671-03:08:51.359 32  12 kHz 12207.03125      0.50  6000.00  175767552 3276700.00 Closed.
Rat013ch01F0011.bin:  02/25/09 03:08:51.359-07:08:49.984 32  12 kHz 12207.03125      0.50  6000.00  175767552 3276700.00 Closed.
Rat013ch01F0012.bin:  02/25/09 07:08:49.984-11:08:48.609 32  12 kHz 12207.03125      0.50  6000.00  175767552 3276700.00 Closed.
Rat013ch01F0013.bin:  02/25/09 11:08:48.609-11:09:30.796 32  12 kHz 12207.03125      0.50  6000.00     491520 3276700.00 Closed.
Rat013ch01F0014.bin:  02/25/09 11:10:26.578-11:13:22.578 32  12 kHz 12207.03125      0.50  6000.00    1998848 3276700.00 Closed.
Rat013ch01F0015.bin:  02/25/09 13:58:02.953-17:58:01.593 32  12 kHz 12207.03125      0.50  6000.00  175767552 3276700.00 Closed.
Rat013ch01F0016.bin:  02/25/09 17:58:01.593-21:58:00.234 32  12 kHz 12207.03125      0.50  6000.00  175767552 3276700.00 Closed.
Rat013ch01F0017.bin:  02/25/09 21:58:00.234-01:57:58.875 32  12 kHz 12207.03125      0.50  6000.00  175767552 3276700.00 Closed.
Rat013ch01F0018.bin:  02/26/09 01:57:58.875-05:57:57.500 32  12 kHz 12207.03125      0.50  6000.00  175767552 3276700.00 Closed.
Rat013ch01F0019.bin:  02/26/09 05:57:57.500-09:57:56.125 32  12 kHz 12207.03125      0.50  6000.00  175767552 3276700.00 Closed.
Rat013ch01F0020.bin:  02/26/09 09:57:56.125-13:57:54.734 32  12 kHz 12207.03125      0.50  6000.00  175767552 3276700.00 Closed.
Rat013ch01F0021.bin:  02/26/09 13:57:54.734-17:57:53.359 32  12 kHz 12207.03125      0.50  6000.00  175767552 3276700.00 Closed.
Rat013ch01F0022.bin:  02/26/09 17:57:53.359-21:57:51.984 32  12 kHz 12207.03125      0.50  6000.00  175767552 3276700.00 Closed.
Rat013ch01F0023.bin:  02/26/09 21:57:51.984-01:57:50.671 32  12 kHz 12207.03125      0.50  6000.00  175767552 3276700.00 Closed.
Rat013ch01F0024.bin:  02/27/09 01:57:50.671-05:57:49.296 32  12 kHz 12207.03125      0.50  6000.00  175767552 3276700.00 Closed.
Rat013ch01F0025.bin:  02/27/09 05:57:49.296-09:57:47.937 32  12 kHz 12207.03125      0.50  6000.00  175767552 3276700.00 Closed.
Rat013ch01F0026.bin:  02/27/09 09:57:47.937-13:57:46.515 32  12 kHz 12207.03125      0.50  6000.00  175767552 3276700.00 Closed.
Rat013ch01F0027.bin:  02/27/09 13:57:46.515-17:57:45.171 32  12 kHz 12207.03125      0.50  6000.00  175767552 3276700.00 Closed.
Rat013ch01F0028.bin:  02/27/09 17:57:45.171-21:57:43.796 32  12 kHz 12207.03125      0.50  6000.00  175767552 3276700.00 Closed.
Rat013ch01F0029.bin:  02/27/09 21:57:43.796-01:57:42.421 32  12 kHz 12207.03125      0.50  6000.00  175767552 3276700.00 Closed.
Rat013ch01F0030.bin:  02/28/09 01:57:42.421-05:57:41.046 32  12 kHz 12207.03125      0.50  6000.00  175767552 3276700.00 Closed.
Rat013ch01F0031.bin:  02/28/09 05:57:41.046-09:57:39.687 32  12 kHz 12207.03125      0.50  6000.00  175767552 3276700.00 Closed.
Rat013ch01F0032.bin:  02/28/09 09:57:39.687-13:57:38.328 32  12 kHz 12207.03125      0.50  6000.00  175767552 3276700.00 Closed.
Rat013ch01F0033.bin:  02/28/09 13:57:38.328-17:57:36.953 32  12 kHz 12207.03125      0.50  6000.00  175767552 3276700.00 Closed.
Rat013ch01F0034.bin:  02/28/09 17:57:36.953-21:57:35.578 32  12 kHz 12207.03125      0.50  6000.00  175767552 3276700.00 Closed.
Rat013ch01F0035.bin:  02/28/09 21:57:35.578-01:57:34.203 32  12 kHz 12207.03125      0.50  6000.00  175767552 3276700.00 Closed.
Rat013ch01F0036.bin:  03/01/09 01:57:34.203-05:57:32.890 32  12 kHz 12207.03125      0.50  6000.00  175767552 3276700.00 Closed.
Rat013ch01F0037.bin:  03/01/09 05:57:32.890-09:57:31.515 32  12 kHz 12207.03125      0.50  6000.00  175767552 3276700.00 Closed.
Rat013ch01F0038.bin:  03/01/09 09:57:31.515-10:18:17.031 32  12 kHz 12207.03125      0.50  6000.00   15204352 3276700.00 Closed.
Rat013ch01F0039.bin:  03/10/09 08:21:24.625-08:21:50.187 32  12 kHz 12207.03125      0.50  6000.00     163840 3276700.00 Closed.
Rat013ch01F0040.bin:  03/10/09 08:30:55.765-08:33:39.765 32  12 kHz 12207.03125      0.50  6000.00    1835008 3276700.00 Closed.
Rat013ch01F0041.bin:  03/10/09 08:35:01.265-08:35:27.578 32  12 kHz 12207.03125      0.50  6000.00     327680 3276700.00 Closed.
Rat013ch01F0042.bin:  03/10/09 08:37:24.562-08:38:47.437 32  12 kHz 12207.03125      0.50  6000.00     851968 3276700.00 Closed.
Rat013ch01F0043.bin:  03/10/09 08:43:36.406-08:45:12.906 32  12 kHz 12207.03125      0.50  6000.00    1015808 3276700.00 Closed.
Rat013ch01F0044.bin:  03/10/09 08:52:16.875-08:58:54.125 32  12 kHz 12207.03125      0.50  6000.00    4685824 3276700.00 Closed.
Rat013ch01F0045.bin:  03/10/09 09:36:13.000-13:36:23.062 32  12 kHz 12207.03125      0.50  6000.00  175767552 3276700.00 Closed.
Rat013ch01F0046.bin:  03/10/09 13:36:23.062-17:36:21.750 32  12 kHz 12207.03125      0.50  6000.00  175767552 3276700.00 Closed.
Rat013ch01F0047.bin:  03/10/09 17:36:21.750-21:36:20.375 32  12 kHz 12207.03125      0.50  6000.00  175767552 3276700.00 Closed.
Rat013ch01F0048.bin:  03/10/09 21:36:20.375-01:36:19.000 32  12 kHz 12207.03125      0.50  6000.00  175767552 3276700.00 Closed.
Rat013ch01F0049.bin:  03/11/09 01:36:19.000-05:36:17.687 32  12 kHz 12207.03125      0.50  6000.00  175767552 3276700.00 Closed.
Rat013ch01F0050.bin:  03/11/09 05:36:17.687-09:36:16.312 32  12 kHz 12207.03125      0.50  6000.00  175767552 3276700.00 Closed.
Rat013ch01F0051.bin:  03/11/09 09:36:16.312-13:36:14.937 32  12 kHz 12207.03125      0.50  6000.00  175767552 3276700.00 Closed.
Rat013ch01F0052.bin:  03/11/09 13:36:14.937-17:36:13.562 32  12 kHz 12207.03125      0.50  6000.00  175767552 3276700.00 Closed.
Rat013ch01F0053.bin:  03/11/09 17:36:13.562-21:36:12.250 32  12 kHz 12207.03125      0.50  6000.00  175767552 3276700.00 Closed.
Rat013ch01F0054.bin:  03/11/09 21:36:12.250-01:36:10.875 32  12 kHz 12207.03125      0.50  6000.00  175767552 3276700.00 Closed.
Rat013ch01F0055.bin:  03/12/09 01:36:10.875-05:36:09.500 32  12 kHz 12207.03125      0.50  6000.00  175767552 3276700.00 Closed.
Rat013ch01F0056.bin:  03/12/09 05:36:09.500-09:36:08.187 32  12 kHz 12207.03125      0.50  6000.00  175767552 3276700.00 Closed.
Rat013ch01F0057.bin:  03/12/09 09:36:08.187-13:36:06.812 32  12 kHz 12207.03125      0.50  6000.00  175767552 3276700.00 Closed.
Rat013ch01F0058.bin:  03/12/09 13:36:06.812-17:36:05.453 32  12 kHz 12207.03125      0.50  6000.00  175767552 3276700.00 Closed.
Rat013ch01F0059.bin:  03/12/09 17:36:05.453-21:36:04.078 32  12 kHz 12207.03125      0.50  6000.00  175767552 3276700.00 Closed.
Rat013ch01F0060.bin:  03/12/09 21:36:04.078-01:36:02.765 32  12 kHz 12207.03125      0.50  6000.00  175767552 3276700.00 Closed.
Rat013ch01F0061.bin:  03/13/09 01:36:02.765-05:36:01.390 32  12 kHz 12207.03125      0.50  6000.00  175767552 3276700.00 Closed.
Rat013ch01F0062.bin:  03/13/09 05:36:01.390-09:31:02.515 32  12 kHz 12207.03125      0.50  6000.00  172130304 3276700.00 Closed.
Rat013ch01F0063.bin:  03/13/09 09:37:47.109-10:01:10.546 32  12 kHz 12207.03125      0.50  6000.00   16941056 3276700.00 Closed.
Rat013ch01F0064.bin:  03/13/09 10:01:16.484-10:01:21.609 32  12 kHz 12207.03125      0.50  6000.00      65536 3276700.00 Closed.
Rat013ch01F0065.bin:  03/13/09 10:01:23.859-10:01:25.296 32  12 kHz 12207.03125      0.50  6000.00      32768 3276700.00 Closed.
Rat013ch01F0066.bin:  03/13/09 10:03:49.296-14:03:45.625 32  12 kHz 12207.03125      0.50  6000.00  175767552 3276700.00 Closed.
Rat013ch01F0067.bin:  03/13/09 14:03:45.625-18:03:44.312 32  12 kHz 12207.03125      0.50  6000.00  175767552 3276700.00 Closed.
Rat013ch01F0068.bin:  03/13/09 18:03:44.312-22:03:42.953 32  12 kHz 12207.03125      0.50  6000.00  175767552 3276700.00 Closed.
Rat013ch01F0069.bin:  03/13/09 22:03:42.953-02:03:41.578 32  12 kHz 12207.03125      0.50  6000.00  175767552 3276700.00 Closed.
Rat013ch01F0070.bin:  03/14/09 02:03:41.578-06:03:40.234 32  12 kHz 12207.03125      0.50  6000.00  175767552 3276700.00 Closed.
Rat013ch01F0071.bin:  03/14/09 06:03:40.234-10:03:38.859 32  12 kHz 12207.03125      0.50  6000.00  175767552 3276700.00 Closed.
Rat013ch01F0072.bin:  03/14/09 10:03:38.859-14:03:37.546 32  12 kHz 12207.03125      0.50  6000.00  175767552 3276700.00 Closed.
Rat013ch01F0073.bin:  03/14/09 14:03:37.546-18:03:36.171 32  12 kHz 12207.03125      0.50  6000.00  175767552 3276700.00 Closed.
Rat013ch01F0074.bin:  03/14/09 18:03:36.171-22:03:34.812 32  12 kHz 12207.03125      0.50  6000.00  175767552 3276700.00 Closed.
Rat013ch01F0075.bin:  03/14/09 22:03:34.812-02:03:33.500 32  12 kHz 12207.03125      0.50  6000.00  175767552 3276700.00 Closed.
Rat013ch01F0076.bin:  03/15/09 02:03:33.500-06:03:32.125 32  12 kHz 12207.03125      0.50  6000.00  175767552 3276700.00 Closed.
Rat013ch01F0077.bin:  03/15/09 06:03:32.125-10:03:30.750 32  12 kHz 12207.03125      0.50  6000.00  175767552 3276700.00 Closed.
Rat013ch01F0078.bin:  03/15/09 10:03:30.750-14:03:29.437 32  12 kHz 12207.03125      0.50  6000.00  175767552 3276700.00 Closed.
Rat013ch01F0079.bin:  03/15/09 14:03:29.437-15:37:56.796 32  12 kHz 12207.03125      0.50  6000.00   69173248 3276700.00 Closed.
Rat013ch01F0080.bin:  03/26/09 09:22:57.906-09:23:45.156 32  12 kHz 12207.03125      0.50  6000.00     393216 3276700.00 Closed.
Rat013ch01F0081.bin:  03/26/09 09:24:19.593-09:24:35.843 32  12 kHz 12207.03125      0.50  6000.00     196608 3276700.00 Closed.
Rat013ch01F0082.bin:  03/26/09 09:26:19.156-13:26:15.843 32  12 kHz 12207.03125      0.50  6000.00  175767552 3276700.00 Closed.
Rat013ch01F0083.bin:  03/26/09 13:26:15.843-17:26:14.500 32  12 kHz 12207.03125      0.50  6000.00  175767552 3276700.00 Closed.
Rat013ch01F0084.bin:  03/26/09 17:26:14.500-21:26:13.125 32  12 kHz 12207.03125      0.50  6000.00  175767552 3276700.00 Closed.
Rat013ch01F0085.bin:  03/26/09 21:26:13.125-01:26:11.750 32  12 kHz 12207.03125      0.50  6000.00  175767552 3276700.00 Closed.
Rat013ch01F0086.bin:  03/27/09 01:26:11.750-05:26:10.375 32  12 kHz 12207.03125      0.50  6000.00  175767552 3276700.00 Closed.
Rat013ch01F0087.bin:  03/27/09 05:26:10.375-09:26:09.078 32  12 kHz 12207.03125      0.50  6000.00  175767552 3276700.00 Closed.
Rat013ch01F0088.bin:  03/27/09 09:26:09.078-13:26:07.656 32  12 kHz 12207.03125      0.50  6000.00  175767552 3276700.00 Closed.
Rat013ch01F0089.bin:  03/27/09 13:26:07.656-17:26:06.281 32  12 kHz 12207.03125      0.50  6000.00  175767552 3276700.00 Closed.
Rat013ch01F0090.bin:  03/27/09 17:26:06.281-21:26:04.906 32  12 kHz 12207.03125      0.50  6000.00  175767552 3276700.00 Closed.
Rat013ch01F0091.bin:  03/27/09 21:26:04.906-01:26:03.593 32  12 kHz 12207.03125      0.50  6000.00  175767552 3276700.00 Closed.
Rat013ch01F0092.bin:  03/28/09 01:26:03.593-05:26:02.218 32  12 kHz 12207.03125      0.50  6000.00  175767552 3276700.00 Closed.
Rat013ch01F0093.bin:  03/28/09 05:26:02.218-09:26:00.843 32  12 kHz 12207.03125      0.50  6000.00  175767552 3276700.00 Closed.
Rat013ch01F0094.bin:  03/28/09 09:26:00.843-13:25:59.468 32  12 kHz 12207.03125      0.50  6000.00  175767552 3276700.00 Closed.
Rat013ch01F0095.bin:  03/28/09 13:25:59.468-17:25:58.093 32  12 kHz 12207.03125      0.50  6000.00  175767552 3276700.00 Closed.
Rat013ch01F0096.bin:  03/28/09 17:25:58.093-21:25:56.718 32  12 kHz 12207.03125      0.50  6000.00  175767552 3276700.00 Closed.
Rat013ch01F0097.bin:  03/28/09 21:25:56.718-01:25:55.343 32  12 kHz 12207.03125      0.50  6000.00  175767552 3276700.00 Closed.
Rat013ch01F0098.bin:  03/29/09 01:25:55.343-05:25:53.968 32  12 kHz 12207.03125      0.50  6000.00  175767552 3276700.00 Closed.
Rat013ch01F0099.bin:  03/29/09 05:25:53.968-09:25:52.656 32  12 kHz 12207.03125      0.50  6000.00  175767552 3276700.00 Closed.
Rat013ch01F0100.bin:  03/29/09 09:25:52.656-13:25:51.281 32  12 kHz 12207.03125      0.50  6000.00  175767552 3276700.00 Closed.
Rat013ch01F0101.bin:  03/29/09 13:25:51.281-17:25:49.906 32  12 kHz 12207.03125      0.50  6000.00  175767552 3276700.00 Closed.
Rat013ch01F0102.bin:  03/29/09 17:25:49.906-21:25:48.531 32  12 kHz 12207.03125      0.50  6000.00  175767552 3276700.00 Closed.
Rat013ch01F0103.bin:  03/29/09 21:25:48.531-01:25:47.156 32  12 kHz 12207.03125      0.50  6000.00  175767552 3276700.00 Closed.
Rat013ch01F0104.bin:  03/30/09 01:25:47.156-05:25:45.781 32  12 kHz 12207.03125      0.50  6000.00  175767552 3276700.00 Closed.
Rat013ch01F0105.bin:  03/30/09 05:25:45.781-07:54:03.843 32  12 kHz 12207.03125      0.50  6000.00  108593152 3276700.00 Closed.
Rat013ch01F0106.bin:  03/30/09 14:36:23.093-14:36:55.093 32  12 kHz 12207.03125      0.50  6000.00     229376 3276700.00 Closed.
Rat013ch01F0107.bin:  03/30/09 14:37:50.656-14:37:59.156 32  12 kHz 12207.03125      0.50  6000.00      98304 3276700.00 Closed.
Rat013ch01F0108.bin:  03/30/09 14:38:43.156-14:39:06.718 32  12 kHz 12207.03125      0.50  6000.00     294912 3276700.00 Closed.
Rat013ch01F0109.bin:  04/02/09 12:08:06.734-12:08:29.171 32  12 kHz 12207.03125      0.50  6000.00     131072 3276700.00 Closed.
Rat013ch01F0110.bin:  04/02/09 12:09:35.359-12:09:49.921 32  12 kHz 12207.03125      0.50  6000.00     196608 3276700.00 Closed.
